[INFO 2017-11-17 16:57:23,907 demo.py:192] Namespace(augment_reverse=False, batch_size=64, bg_move=True, bg_noise=0.5, data='box', diff_div_thresh=1.25, display=False, display_all=False, fg_noise=0.1, fixed_data=False, hist_equal=False, image_channel=3, image_size=32, init_model_path='', learning_rate=0.001, max_diff_thresh=0.1, min_diff_thresh=0.01, motion_range=2, motion_type='affine', net_depth=6, num_frame=3, num_objects=1, rand_noise=0, save_dir='./', save_display=False, save_display_dir='./', save_interval=100, seed=111, test=False, test_all=False, test_epoch=20, test_gt=False, test_interval=200, train=True, train_epoch=2000)
[INFO 2017-11-17 16:57:25,988 demo.py:73] epoch 0, train loss: 30035.64, average train loss: 30035.64, base loss: 32685.66
[INFO 2017-11-17 16:57:26,230 demo.py:73] epoch 1, train loss: 27295.86, average train loss: 28665.75, base loss: 32393.16
[INFO 2017-11-17 16:57:26,452 demo.py:73] epoch 2, train loss: 26283.13, average train loss: 27871.54, base loss: 32312.68
[INFO 2017-11-17 16:57:26,680 demo.py:73] epoch 3, train loss: 25486.76, average train loss: 27275.35, base loss: 31700.71
[INFO 2017-11-17 16:57:26,884 demo.py:73] epoch 4, train loss: 25674.11, average train loss: 26955.10, base loss: 31589.55
[INFO 2017-11-17 16:57:27,083 demo.py:73] epoch 5, train loss: 25584.72, average train loss: 26726.70, base loss: 31568.67
[INFO 2017-11-17 16:57:27,286 demo.py:73] epoch 6, train loss: 25520.95, average train loss: 26554.45, base loss: 31550.62
[INFO 2017-11-17 16:57:27,488 demo.py:73] epoch 7, train loss: 24659.27, average train loss: 26317.55, base loss: 31448.53
[INFO 2017-11-17 16:57:27,690 demo.py:73] epoch 8, train loss: 24334.51, average train loss: 26097.22, base loss: 31394.46
[INFO 2017-11-17 16:57:27,893 demo.py:73] epoch 9, train loss: 24863.31, average train loss: 25973.83, base loss: 31375.83
[INFO 2017-11-17 16:57:28,096 demo.py:73] epoch 10, train loss: 24406.21, average train loss: 25831.32, base loss: 31456.62
[INFO 2017-11-17 16:57:28,300 demo.py:73] epoch 11, train loss: 24425.46, average train loss: 25714.16, base loss: 31416.72
[INFO 2017-11-17 16:57:28,505 demo.py:73] epoch 12, train loss: 25032.80, average train loss: 25661.75, base loss: 31441.31
[INFO 2017-11-17 16:57:28,708 demo.py:73] epoch 13, train loss: 23861.47, average train loss: 25533.16, base loss: 31460.86
[INFO 2017-11-17 16:57:28,912 demo.py:73] epoch 14, train loss: 24209.51, average train loss: 25444.91, base loss: 31530.89
[INFO 2017-11-17 16:57:29,116 demo.py:73] epoch 15, train loss: 24240.51, average train loss: 25369.64, base loss: 31506.76
[INFO 2017-11-17 16:57:29,319 demo.py:73] epoch 16, train loss: 24322.92, average train loss: 25308.07, base loss: 31575.58
[INFO 2017-11-17 16:57:29,523 demo.py:73] epoch 17, train loss: 24031.98, average train loss: 25237.17, base loss: 31587.63
[INFO 2017-11-17 16:57:29,727 demo.py:73] epoch 18, train loss: 23902.83, average train loss: 25166.95, base loss: 31609.46
[INFO 2017-11-17 16:57:29,931 demo.py:73] epoch 19, train loss: 24199.81, average train loss: 25118.59, base loss: 31623.23
[INFO 2017-11-17 16:57:30,134 demo.py:73] epoch 20, train loss: 23410.06, average train loss: 25037.23, base loss: 31630.85
[INFO 2017-11-17 16:57:30,338 demo.py:73] epoch 21, train loss: 22818.75, average train loss: 24936.39, base loss: 31566.81
[INFO 2017-11-17 16:57:30,543 demo.py:73] epoch 22, train loss: 23374.82, average train loss: 24868.50, base loss: 31587.61
[INFO 2017-11-17 16:57:30,746 demo.py:73] epoch 23, train loss: 23435.61, average train loss: 24808.79, base loss: 31552.28
[INFO 2017-11-17 16:57:30,949 demo.py:73] epoch 24, train loss: 23881.23, average train loss: 24771.69, base loss: 31604.78
[INFO 2017-11-17 16:57:31,150 demo.py:73] epoch 25, train loss: 24037.05, average train loss: 24743.44, base loss: 31653.05
[INFO 2017-11-17 16:57:31,352 demo.py:73] epoch 26, train loss: 23833.81, average train loss: 24709.75, base loss: 31688.43
[INFO 2017-11-17 16:57:31,554 demo.py:73] epoch 27, train loss: 23090.13, average train loss: 24651.90, base loss: 31690.08
[INFO 2017-11-17 16:57:31,757 demo.py:73] epoch 28, train loss: 23012.57, average train loss: 24595.37, base loss: 31689.60
[INFO 2017-11-17 16:57:31,959 demo.py:73] epoch 29, train loss: 22686.64, average train loss: 24531.75, base loss: 31644.90
[INFO 2017-11-17 16:57:32,163 demo.py:73] epoch 30, train loss: 23318.77, average train loss: 24492.62, base loss: 31672.10
[INFO 2017-11-17 16:57:32,365 demo.py:73] epoch 31, train loss: 23241.13, average train loss: 24453.51, base loss: 31657.11
[INFO 2017-11-17 16:57:32,569 demo.py:73] epoch 32, train loss: 22820.19, average train loss: 24404.02, base loss: 31638.68
[INFO 2017-11-17 16:57:32,770 demo.py:73] epoch 33, train loss: 22322.30, average train loss: 24342.79, base loss: 31610.05
[INFO 2017-11-17 16:57:32,972 demo.py:73] epoch 34, train loss: 22946.54, average train loss: 24302.90, base loss: 31592.25
[INFO 2017-11-17 16:57:33,174 demo.py:73] epoch 35, train loss: 23109.66, average train loss: 24269.75, base loss: 31615.36
[INFO 2017-11-17 16:57:33,378 demo.py:73] epoch 36, train loss: 21963.24, average train loss: 24207.41, base loss: 31595.28
[INFO 2017-11-17 16:57:33,580 demo.py:73] epoch 37, train loss: 22501.99, average train loss: 24162.53, base loss: 31572.99
[INFO 2017-11-17 16:57:33,784 demo.py:73] epoch 38, train loss: 22421.01, average train loss: 24117.88, base loss: 31583.16
[INFO 2017-11-17 16:57:33,987 demo.py:73] epoch 39, train loss: 23181.62, average train loss: 24094.47, base loss: 31610.02
[INFO 2017-11-17 16:57:34,189 demo.py:73] epoch 40, train loss: 22271.24, average train loss: 24050.00, base loss: 31609.63
[INFO 2017-11-17 16:57:34,392 demo.py:73] epoch 41, train loss: 21874.33, average train loss: 23998.20, base loss: 31597.10
[INFO 2017-11-17 16:57:34,596 demo.py:73] epoch 42, train loss: 21403.43, average train loss: 23937.86, base loss: 31603.59
[INFO 2017-11-17 16:57:34,798 demo.py:73] epoch 43, train loss: 20633.85, average train loss: 23862.77, base loss: 31607.10
[INFO 2017-11-17 16:57:35,002 demo.py:73] epoch 44, train loss: 22116.82, average train loss: 23823.97, base loss: 31609.49
[INFO 2017-11-17 16:57:35,206 demo.py:73] epoch 45, train loss: 22665.88, average train loss: 23798.79, base loss: 31609.00
[INFO 2017-11-17 16:57:35,409 demo.py:73] epoch 46, train loss: 21895.73, average train loss: 23758.30, base loss: 31599.98
[INFO 2017-11-17 16:57:35,612 demo.py:73] epoch 47, train loss: 22742.83, average train loss: 23737.15, base loss: 31595.85
[INFO 2017-11-17 16:57:35,815 demo.py:73] epoch 48, train loss: 21874.89, average train loss: 23699.14, base loss: 31590.19
[INFO 2017-11-17 16:57:36,018 demo.py:73] epoch 49, train loss: 20943.40, average train loss: 23644.03, base loss: 31566.75
[INFO 2017-11-17 16:57:36,222 demo.py:73] epoch 50, train loss: 20823.92, average train loss: 23588.73, base loss: 31575.66
[INFO 2017-11-17 16:57:36,426 demo.py:73] epoch 51, train loss: 21474.01, average train loss: 23548.06, base loss: 31567.10
[INFO 2017-11-17 16:57:36,629 demo.py:73] epoch 52, train loss: 21112.05, average train loss: 23502.10, base loss: 31571.27
[INFO 2017-11-17 16:57:36,832 demo.py:73] epoch 53, train loss: 21825.59, average train loss: 23471.05, base loss: 31574.02
[INFO 2017-11-17 16:57:37,036 demo.py:73] epoch 54, train loss: 21342.51, average train loss: 23432.35, base loss: 31567.17
[INFO 2017-11-17 16:57:37,241 demo.py:73] epoch 55, train loss: 21188.07, average train loss: 23392.28, base loss: 31577.37
[INFO 2017-11-17 16:57:37,445 demo.py:73] epoch 56, train loss: 20084.33, average train loss: 23334.24, base loss: 31579.74
[INFO 2017-11-17 16:57:37,648 demo.py:73] epoch 57, train loss: 21014.59, average train loss: 23294.25, base loss: 31589.73
[INFO 2017-11-17 16:57:37,851 demo.py:73] epoch 58, train loss: 21292.13, average train loss: 23260.31, base loss: 31600.98
[INFO 2017-11-17 16:57:38,055 demo.py:73] epoch 59, train loss: 21529.99, average train loss: 23231.47, base loss: 31612.88
[INFO 2017-11-17 16:57:38,259 demo.py:73] epoch 60, train loss: 21655.51, average train loss: 23205.64, base loss: 31621.85
[INFO 2017-11-17 16:57:38,463 demo.py:73] epoch 61, train loss: 21097.00, average train loss: 23171.63, base loss: 31619.61
[INFO 2017-11-17 16:57:38,667 demo.py:73] epoch 62, train loss: 20313.30, average train loss: 23126.26, base loss: 31579.25
[INFO 2017-11-17 16:57:38,871 demo.py:73] epoch 63, train loss: 20749.80, average train loss: 23089.13, base loss: 31589.69
[INFO 2017-11-17 16:57:39,074 demo.py:73] epoch 64, train loss: 22062.58, average train loss: 23073.33, base loss: 31602.80
[INFO 2017-11-17 16:57:39,278 demo.py:73] epoch 65, train loss: 20866.39, average train loss: 23039.90, base loss: 31615.13
[INFO 2017-11-17 16:57:39,482 demo.py:73] epoch 66, train loss: 19567.03, average train loss: 22988.06, base loss: 31598.15
[INFO 2017-11-17 16:57:39,685 demo.py:73] epoch 67, train loss: 19812.27, average train loss: 22941.36, base loss: 31598.08
[INFO 2017-11-17 16:57:39,889 demo.py:73] epoch 68, train loss: 20395.95, average train loss: 22904.47, base loss: 31591.99
[INFO 2017-11-17 16:57:40,091 demo.py:73] epoch 69, train loss: 20488.70, average train loss: 22869.96, base loss: 31598.18
[INFO 2017-11-17 16:57:40,294 demo.py:73] epoch 70, train loss: 20420.03, average train loss: 22835.45, base loss: 31594.40
[INFO 2017-11-17 16:57:40,498 demo.py:73] epoch 71, train loss: 18774.08, average train loss: 22779.04, base loss: 31581.10
[INFO 2017-11-17 16:57:40,700 demo.py:73] epoch 72, train loss: 20880.07, average train loss: 22753.03, base loss: 31596.26
[INFO 2017-11-17 16:57:40,904 demo.py:73] epoch 73, train loss: 20054.59, average train loss: 22716.56, base loss: 31582.16
[INFO 2017-11-17 16:57:41,108 demo.py:73] epoch 74, train loss: 20315.47, average train loss: 22684.55, base loss: 31582.41
[INFO 2017-11-17 16:57:41,312 demo.py:73] epoch 75, train loss: 18879.53, average train loss: 22634.48, base loss: 31595.24
[INFO 2017-11-17 16:57:41,516 demo.py:73] epoch 76, train loss: 20297.46, average train loss: 22604.13, base loss: 31589.99
[INFO 2017-11-17 16:57:41,720 demo.py:73] epoch 77, train loss: 20498.58, average train loss: 22577.14, base loss: 31583.47
[INFO 2017-11-17 16:57:41,925 demo.py:73] epoch 78, train loss: 19449.83, average train loss: 22537.55, base loss: 31576.48
[INFO 2017-11-17 16:57:42,130 demo.py:73] epoch 79, train loss: 19328.63, average train loss: 22497.44, base loss: 31570.94
[INFO 2017-11-17 16:57:42,333 demo.py:73] epoch 80, train loss: 20034.45, average train loss: 22467.03, base loss: 31561.72
[INFO 2017-11-17 16:57:42,535 demo.py:73] epoch 81, train loss: 19941.14, average train loss: 22436.23, base loss: 31556.52
[INFO 2017-11-17 16:57:42,738 demo.py:73] epoch 82, train loss: 19381.66, average train loss: 22399.43, base loss: 31547.91
[INFO 2017-11-17 16:57:42,942 demo.py:73] epoch 83, train loss: 21231.43, average train loss: 22385.52, base loss: 31560.27
[INFO 2017-11-17 16:57:43,145 demo.py:73] epoch 84, train loss: 20300.86, average train loss: 22361.00, base loss: 31543.25
[INFO 2017-11-17 16:57:43,348 demo.py:73] epoch 85, train loss: 20511.06, average train loss: 22339.49, base loss: 31538.03
[INFO 2017-11-17 16:57:43,551 demo.py:73] epoch 86, train loss: 20587.39, average train loss: 22319.35, base loss: 31544.92
[INFO 2017-11-17 16:57:43,754 demo.py:73] epoch 87, train loss: 19504.13, average train loss: 22287.36, base loss: 31551.04
[INFO 2017-11-17 16:57:43,957 demo.py:73] epoch 88, train loss: 20578.53, average train loss: 22268.16, base loss: 31553.74
[INFO 2017-11-17 16:57:44,161 demo.py:73] epoch 89, train loss: 21904.37, average train loss: 22264.11, base loss: 31558.85
[INFO 2017-11-17 16:57:44,364 demo.py:73] epoch 90, train loss: 20778.03, average train loss: 22247.78, base loss: 31557.27
[INFO 2017-11-17 16:57:44,567 demo.py:73] epoch 91, train loss: 19714.06, average train loss: 22220.24, base loss: 31560.12
[INFO 2017-11-17 16:57:44,771 demo.py:73] epoch 92, train loss: 18903.93, average train loss: 22184.58, base loss: 31555.50
[INFO 2017-11-17 16:57:44,976 demo.py:73] epoch 93, train loss: 19864.97, average train loss: 22159.91, base loss: 31560.72
[INFO 2017-11-17 16:57:45,180 demo.py:73] epoch 94, train loss: 20669.62, average train loss: 22144.22, base loss: 31565.23
[INFO 2017-11-17 16:57:45,384 demo.py:73] epoch 95, train loss: 20343.69, average train loss: 22125.46, base loss: 31557.26
[INFO 2017-11-17 16:57:45,588 demo.py:73] epoch 96, train loss: 20012.97, average train loss: 22103.69, base loss: 31547.01
[INFO 2017-11-17 16:57:45,792 demo.py:73] epoch 97, train loss: 20020.47, average train loss: 22082.43, base loss: 31535.27
[INFO 2017-11-17 16:57:45,995 demo.py:73] epoch 98, train loss: 19293.62, average train loss: 22054.26, base loss: 31520.09
[INFO 2017-11-17 16:57:46,198 demo.py:73] epoch 99, train loss: 19898.43, average train loss: 22032.70, base loss: 31522.73
[INFO 2017-11-17 16:57:46,400 demo.py:73] epoch 100, train loss: 18352.40, average train loss: 21915.87, base loss: 31492.19
[INFO 2017-11-17 16:57:46,605 demo.py:73] epoch 101, train loss: 21405.99, average train loss: 21856.97, base loss: 31497.50
[INFO 2017-11-17 16:57:46,809 demo.py:73] epoch 102, train loss: 19587.78, average train loss: 21790.02, base loss: 31492.12
[INFO 2017-11-17 16:57:47,012 demo.py:73] epoch 103, train loss: 19840.20, average train loss: 21733.55, base loss: 31516.78
[INFO 2017-11-17 16:57:47,217 demo.py:73] epoch 104, train loss: 18717.76, average train loss: 21663.99, base loss: 31506.80
[INFO 2017-11-17 16:57:47,421 demo.py:73] epoch 105, train loss: 19550.93, average train loss: 21603.65, base loss: 31489.00
[INFO 2017-11-17 16:57:47,625 demo.py:73] epoch 106, train loss: 18040.57, average train loss: 21528.85, base loss: 31494.99
[INFO 2017-11-17 16:57:47,827 demo.py:73] epoch 107, train loss: 19695.12, average train loss: 21479.20, base loss: 31493.16
[INFO 2017-11-17 16:57:48,030 demo.py:73] epoch 108, train loss: 19433.82, average train loss: 21430.20, base loss: 31506.29
[INFO 2017-11-17 16:57:48,234 demo.py:73] epoch 109, train loss: 19349.11, average train loss: 21375.06, base loss: 31507.07
[INFO 2017-11-17 16:57:48,438 demo.py:73] epoch 110, train loss: 17423.68, average train loss: 21305.23, base loss: 31497.76
[INFO 2017-11-17 16:57:48,642 demo.py:73] epoch 111, train loss: 18869.75, average train loss: 21249.67, base loss: 31518.77
[INFO 2017-11-17 16:57:48,845 demo.py:73] epoch 112, train loss: 19408.23, average train loss: 21193.43, base loss: 31535.59
[INFO 2017-11-17 16:57:49,048 demo.py:73] epoch 113, train loss: 19371.41, average train loss: 21148.53, base loss: 31531.66
[INFO 2017-11-17 16:57:49,253 demo.py:73] epoch 114, train loss: 19350.36, average train loss: 21099.93, base loss: 31525.67
[INFO 2017-11-17 16:57:49,458 demo.py:73] epoch 115, train loss: 17810.99, average train loss: 21035.64, base loss: 31524.59
[INFO 2017-11-17 16:57:49,661 demo.py:73] epoch 116, train loss: 18944.94, average train loss: 20981.86, base loss: 31511.16
[INFO 2017-11-17 16:57:49,864 demo.py:73] epoch 117, train loss: 19934.92, average train loss: 20940.89, base loss: 31499.08
[INFO 2017-11-17 16:57:50,069 demo.py:73] epoch 118, train loss: 20796.89, average train loss: 20909.83, base loss: 31493.80
[INFO 2017-11-17 16:57:50,273 demo.py:73] epoch 119, train loss: 19623.43, average train loss: 20864.07, base loss: 31486.34
[INFO 2017-11-17 16:57:50,477 demo.py:73] epoch 120, train loss: 20153.06, average train loss: 20831.50, base loss: 31499.56
[INFO 2017-11-17 16:57:50,682 demo.py:73] epoch 121, train loss: 18869.39, average train loss: 20792.00, base loss: 31511.68
[INFO 2017-11-17 16:57:50,886 demo.py:73] epoch 122, train loss: 18901.31, average train loss: 20747.27, base loss: 31507.17
[INFO 2017-11-17 16:57:51,090 demo.py:73] epoch 123, train loss: 20126.44, average train loss: 20714.18, base loss: 31512.67
[INFO 2017-11-17 16:57:51,294 demo.py:73] epoch 124, train loss: 20464.61, average train loss: 20680.01, base loss: 31499.90
[INFO 2017-11-17 16:57:51,497 demo.py:73] epoch 125, train loss: 19876.44, average train loss: 20638.40, base loss: 31481.58
[INFO 2017-11-17 16:57:51,701 demo.py:73] epoch 126, train loss: 20376.68, average train loss: 20603.83, base loss: 31472.77
[INFO 2017-11-17 16:57:51,904 demo.py:73] epoch 127, train loss: 19620.67, average train loss: 20569.14, base loss: 31473.45
[INFO 2017-11-17 16:57:52,111 demo.py:73] epoch 128, train loss: 19929.32, average train loss: 20538.30, base loss: 31479.91
[INFO 2017-11-17 16:57:52,315 demo.py:73] epoch 129, train loss: 16969.79, average train loss: 20481.14, base loss: 31489.67
[INFO 2017-11-17 16:57:52,518 demo.py:73] epoch 130, train loss: 19437.90, average train loss: 20442.33, base loss: 31478.30
[INFO 2017-11-17 16:57:52,722 demo.py:73] epoch 131, train loss: 20596.75, average train loss: 20415.88, base loss: 31491.90
[INFO 2017-11-17 16:57:52,927 demo.py:73] epoch 132, train loss: 19102.06, average train loss: 20378.70, base loss: 31506.15
[INFO 2017-11-17 16:57:53,132 demo.py:73] epoch 133, train loss: 19591.32, average train loss: 20351.39, base loss: 31515.45
[INFO 2017-11-17 16:57:53,336 demo.py:73] epoch 134, train loss: 18995.93, average train loss: 20311.89, base loss: 31506.51
[INFO 2017-11-17 16:57:53,540 demo.py:73] epoch 135, train loss: 18440.40, average train loss: 20265.19, base loss: 31495.37
[INFO 2017-11-17 16:57:53,744 demo.py:73] epoch 136, train loss: 18304.11, average train loss: 20228.60, base loss: 31500.00
[INFO 2017-11-17 16:57:53,948 demo.py:73] epoch 137, train loss: 18117.96, average train loss: 20184.76, base loss: 31501.26
[INFO 2017-11-17 16:57:54,150 demo.py:73] epoch 138, train loss: 18267.15, average train loss: 20143.22, base loss: 31497.29
[INFO 2017-11-17 16:57:54,354 demo.py:73] epoch 139, train loss: 19812.08, average train loss: 20109.53, base loss: 31480.85
[INFO 2017-11-17 16:57:54,556 demo.py:73] epoch 140, train loss: 19116.95, average train loss: 20077.99, base loss: 31479.03
[INFO 2017-11-17 16:57:54,758 demo.py:73] epoch 141, train loss: 19510.10, average train loss: 20054.34, base loss: 31483.97
[INFO 2017-11-17 16:57:54,961 demo.py:73] epoch 142, train loss: 19311.78, average train loss: 20033.43, base loss: 31478.05
[INFO 2017-11-17 16:57:55,164 demo.py:73] epoch 143, train loss: 18756.90, average train loss: 20014.66, base loss: 31462.54
[INFO 2017-11-17 16:57:55,367 demo.py:73] epoch 144, train loss: 18187.07, average train loss: 19975.36, base loss: 31459.58
[INFO 2017-11-17 16:57:55,570 demo.py:73] epoch 145, train loss: 19653.94, average train loss: 19945.24, base loss: 31456.38
[INFO 2017-11-17 16:57:55,772 demo.py:73] epoch 146, train loss: 20581.28, average train loss: 19932.10, base loss: 31471.70
[INFO 2017-11-17 16:57:55,976 demo.py:73] epoch 147, train loss: 17756.47, average train loss: 19882.23, base loss: 31458.44
[INFO 2017-11-17 16:57:56,178 demo.py:73] epoch 148, train loss: 18641.28, average train loss: 19849.90, base loss: 31452.16
[INFO 2017-11-17 16:57:56,382 demo.py:73] epoch 149, train loss: 19758.85, average train loss: 19838.05, base loss: 31461.42
[INFO 2017-11-17 16:57:56,587 demo.py:73] epoch 150, train loss: 19598.11, average train loss: 19825.79, base loss: 31461.14
[INFO 2017-11-17 16:57:56,791 demo.py:73] epoch 151, train loss: 18425.06, average train loss: 19795.30, base loss: 31454.61
[INFO 2017-11-17 16:57:56,994 demo.py:73] epoch 152, train loss: 19752.84, average train loss: 19781.71, base loss: 31458.46
[INFO 2017-11-17 16:57:57,198 demo.py:73] epoch 153, train loss: 18445.72, average train loss: 19747.91, base loss: 31456.44
[INFO 2017-11-17 16:57:57,403 demo.py:73] epoch 154, train loss: 18871.66, average train loss: 19723.20, base loss: 31462.99
[INFO 2017-11-17 16:57:57,606 demo.py:73] epoch 155, train loss: 18115.30, average train loss: 19692.48, base loss: 31468.07
[INFO 2017-11-17 16:57:57,810 demo.py:73] epoch 156, train loss: 18394.36, average train loss: 19675.58, base loss: 31468.20
[INFO 2017-11-17 16:57:58,013 demo.py:73] epoch 157, train loss: 18585.31, average train loss: 19651.28, base loss: 31464.16
[INFO 2017-11-17 16:57:58,217 demo.py:73] epoch 158, train loss: 18742.51, average train loss: 19625.79, base loss: 31460.86
[INFO 2017-11-17 16:57:58,422 demo.py:73] epoch 159, train loss: 19326.46, average train loss: 19603.75, base loss: 31449.78
[INFO 2017-11-17 16:57:58,627 demo.py:73] epoch 160, train loss: 17901.39, average train loss: 19566.21, base loss: 31435.68
[INFO 2017-11-17 16:57:58,829 demo.py:73] epoch 161, train loss: 19345.78, average train loss: 19548.70, base loss: 31445.35
[INFO 2017-11-17 16:57:59,032 demo.py:73] epoch 162, train loss: 18747.60, average train loss: 19533.04, base loss: 31468.73
[INFO 2017-11-17 16:57:59,234 demo.py:73] epoch 163, train loss: 20601.25, average train loss: 19531.56, base loss: 31463.73
[INFO 2017-11-17 16:57:59,438 demo.py:73] epoch 164, train loss: 18724.93, average train loss: 19498.18, base loss: 31455.93
[INFO 2017-11-17 16:57:59,640 demo.py:73] epoch 165, train loss: 19586.38, average train loss: 19485.38, base loss: 31455.67
[INFO 2017-11-17 16:57:59,844 demo.py:73] epoch 166, train loss: 20086.04, average train loss: 19490.57, base loss: 31476.96
[INFO 2017-11-17 16:58:00,049 demo.py:73] epoch 167, train loss: 19041.84, average train loss: 19482.87, base loss: 31467.68
[INFO 2017-11-17 16:58:00,252 demo.py:73] epoch 168, train loss: 18740.74, average train loss: 19466.31, base loss: 31475.21
[INFO 2017-11-17 16:58:00,455 demo.py:73] epoch 169, train loss: 17832.29, average train loss: 19439.75, base loss: 31471.12
[INFO 2017-11-17 16:58:00,659 demo.py:73] epoch 170, train loss: 18927.12, average train loss: 19424.82, base loss: 31459.77
[INFO 2017-11-17 16:58:00,863 demo.py:73] epoch 171, train loss: 20149.16, average train loss: 19438.57, base loss: 31470.12
[INFO 2017-11-17 16:58:01,069 demo.py:73] epoch 172, train loss: 19757.91, average train loss: 19427.35, base loss: 31466.66
[INFO 2017-11-17 16:58:01,274 demo.py:73] epoch 173, train loss: 19637.41, average train loss: 19423.18, base loss: 31478.91
[INFO 2017-11-17 16:58:01,478 demo.py:73] epoch 174, train loss: 19114.29, average train loss: 19411.17, base loss: 31473.61
[INFO 2017-11-17 16:58:01,683 demo.py:73] epoch 175, train loss: 19313.23, average train loss: 19415.50, base loss: 31467.27
[INFO 2017-11-17 16:58:01,887 demo.py:73] epoch 176, train loss: 18413.38, average train loss: 19396.66, base loss: 31465.04
[INFO 2017-11-17 16:58:02,091 demo.py:73] epoch 177, train loss: 19497.40, average train loss: 19386.65, base loss: 31467.52
[INFO 2017-11-17 16:58:02,294 demo.py:73] epoch 178, train loss: 18508.47, average train loss: 19377.24, base loss: 31461.52
[INFO 2017-11-17 16:58:02,497 demo.py:73] epoch 179, train loss: 18743.76, average train loss: 19371.39, base loss: 31467.38
[INFO 2017-11-17 16:58:02,700 demo.py:73] epoch 180, train loss: 19737.91, average train loss: 19368.42, base loss: 31480.51
[INFO 2017-11-17 16:58:02,905 demo.py:73] epoch 181, train loss: 17974.98, average train loss: 19348.76, base loss: 31477.01
[INFO 2017-11-17 16:58:03,110 demo.py:73] epoch 182, train loss: 20262.47, average train loss: 19357.57, base loss: 31487.52
[INFO 2017-11-17 16:58:03,313 demo.py:73] epoch 183, train loss: 19916.44, average train loss: 19344.42, base loss: 31467.31
[INFO 2017-11-17 16:58:03,517 demo.py:73] epoch 184, train loss: 20906.24, average train loss: 19350.47, base loss: 31489.54
[INFO 2017-11-17 16:58:03,721 demo.py:73] epoch 185, train loss: 19192.63, average train loss: 19337.29, base loss: 31494.11
[INFO 2017-11-17 16:58:03,926 demo.py:73] epoch 186, train loss: 19371.75, average train loss: 19325.13, base loss: 31480.75
[INFO 2017-11-17 16:58:04,128 demo.py:73] epoch 187, train loss: 18210.06, average train loss: 19312.19, base loss: 31476.44
[INFO 2017-11-17 16:58:04,333 demo.py:73] epoch 188, train loss: 18862.99, average train loss: 19295.04, base loss: 31482.07
[INFO 2017-11-17 16:58:04,537 demo.py:73] epoch 189, train loss: 19421.89, average train loss: 19270.21, base loss: 31473.18
[INFO 2017-11-17 16:58:04,741 demo.py:73] epoch 190, train loss: 19978.78, average train loss: 19262.22, base loss: 31478.76
[INFO 2017-11-17 16:58:04,945 demo.py:73] epoch 191, train loss: 19102.21, average train loss: 19256.10, base loss: 31473.58
[INFO 2017-11-17 16:58:05,148 demo.py:73] epoch 192, train loss: 19768.94, average train loss: 19264.75, base loss: 31487.48
[INFO 2017-11-17 16:58:05,353 demo.py:73] epoch 193, train loss: 19294.07, average train loss: 19259.04, base loss: 31471.54
[INFO 2017-11-17 16:58:05,558 demo.py:73] epoch 194, train loss: 21845.43, average train loss: 19270.80, base loss: 31471.46
[INFO 2017-11-17 16:58:05,762 demo.py:73] epoch 195, train loss: 18069.02, average train loss: 19248.05, base loss: 31473.54
[INFO 2017-11-17 16:58:05,965 demo.py:73] epoch 196, train loss: 18960.40, average train loss: 19237.53, base loss: 31476.54
[INFO 2017-11-17 16:58:06,168 demo.py:73] epoch 197, train loss: 20170.90, average train loss: 19239.03, base loss: 31498.38
[INFO 2017-11-17 16:58:06,371 demo.py:73] epoch 198, train loss: 19403.08, average train loss: 19240.13, base loss: 31515.82
[INFO 2017-11-17 16:58:06,574 demo.py:73] epoch 199, train loss: 18943.86, average train loss: 19230.58, base loss: 31509.01
[INFO 2017-11-17 16:58:06,574 demo.py:75] epoch 199, testing
[INFO 2017-11-17 16:58:08,841 demo.py:131] average test loss: 18818.32, base loss: 31563.29
[INFO 2017-11-17 16:58:08,841 demo.py:132] improve_loss: 12744.97, improve_percent: 0.40
[INFO 2017-11-17 16:58:08,841 demo.py:135] average test endpoint error: 1.62
[INFO 2017-11-17 16:58:08,841 base_demo.py:149] model save to ./model.pth
[INFO 2017-11-17 16:58:08,846 base_demo.py:153] current best improved percent: 0.40
[INFO 2017-11-17 16:58:09,049 demo.py:73] epoch 200, train loss: 18599.76, average train loss: 19233.05, base loss: 31523.40
[INFO 2017-11-17 16:58:09,253 demo.py:73] epoch 201, train loss: 19177.31, average train loss: 19210.77, base loss: 31511.45
[INFO 2017-11-17 16:58:09,456 demo.py:73] epoch 202, train loss: 17008.66, average train loss: 19184.98, base loss: 31517.27
[INFO 2017-11-17 16:58:09,657 demo.py:73] epoch 203, train loss: 18768.47, average train loss: 19174.26, base loss: 31511.94
[INFO 2017-11-17 16:58:09,858 demo.py:73] epoch 204, train loss: 18175.25, average train loss: 19168.83, base loss: 31521.69
[INFO 2017-11-17 16:58:10,058 demo.py:73] epoch 205, train loss: 21336.94, average train loss: 19186.69, base loss: 31552.74
[INFO 2017-11-17 16:58:10,259 demo.py:73] epoch 206, train loss: 17694.83, average train loss: 19183.24, base loss: 31530.60
[INFO 2017-11-17 16:58:10,459 demo.py:73] epoch 207, train loss: 18308.31, average train loss: 19169.37, base loss: 31542.49
[INFO 2017-11-17 16:58:10,660 demo.py:73] epoch 208, train loss: 19128.28, average train loss: 19166.31, base loss: 31535.16
[INFO 2017-11-17 16:58:10,862 demo.py:73] epoch 209, train loss: 18970.19, average train loss: 19162.52, base loss: 31545.72
[INFO 2017-11-17 16:58:11,064 demo.py:73] epoch 210, train loss: 19250.05, average train loss: 19180.79, base loss: 31551.09
[INFO 2017-11-17 16:58:11,266 demo.py:73] epoch 211, train loss: 19273.85, average train loss: 19184.83, base loss: 31538.28
[INFO 2017-11-17 16:58:11,466 demo.py:73] epoch 212, train loss: 17663.88, average train loss: 19167.38, base loss: 31519.23
[INFO 2017-11-17 16:58:11,668 demo.py:73] epoch 213, train loss: 18251.70, average train loss: 19156.19, base loss: 31528.00
[INFO 2017-11-17 16:58:11,871 demo.py:73] epoch 214, train loss: 18029.23, average train loss: 19142.98, base loss: 31526.53
[INFO 2017-11-17 16:58:12,076 demo.py:73] epoch 215, train loss: 17939.86, average train loss: 19144.27, base loss: 31518.92
[INFO 2017-11-17 16:58:12,286 demo.py:73] epoch 216, train loss: 18846.61, average train loss: 19143.28, base loss: 31514.44
[INFO 2017-11-17 16:58:12,499 demo.py:73] epoch 217, train loss: 19918.41, average train loss: 19143.12, base loss: 31516.27
[INFO 2017-11-17 16:58:12,744 demo.py:73] epoch 218, train loss: 17734.12, average train loss: 19112.49, base loss: 31500.18
[INFO 2017-11-17 16:58:12,952 demo.py:73] epoch 219, train loss: 17674.95, average train loss: 19093.00, base loss: 31479.06
[INFO 2017-11-17 16:58:13,160 demo.py:73] epoch 220, train loss: 19997.75, average train loss: 19091.45, base loss: 31465.53
[INFO 2017-11-17 16:58:13,370 demo.py:73] epoch 221, train loss: 17628.31, average train loss: 19079.04, base loss: 31461.44
[INFO 2017-11-17 16:58:13,577 demo.py:73] epoch 222, train loss: 20443.18, average train loss: 19094.46, base loss: 31471.84
[INFO 2017-11-17 16:58:13,784 demo.py:73] epoch 223, train loss: 19852.60, average train loss: 19091.72, base loss: 31480.71
[INFO 2017-11-17 16:58:13,994 demo.py:73] epoch 224, train loss: 18256.83, average train loss: 19069.64, base loss: 31484.66
[INFO 2017-11-17 16:58:14,205 demo.py:73] epoch 225, train loss: 19704.38, average train loss: 19067.92, base loss: 31494.24
[INFO 2017-11-17 16:58:14,411 demo.py:73] epoch 226, train loss: 19812.00, average train loss: 19062.28, base loss: 31496.01
[INFO 2017-11-17 16:58:14,616 demo.py:73] epoch 227, train loss: 18059.96, average train loss: 19046.67, base loss: 31483.80
[INFO 2017-11-17 16:58:14,825 demo.py:73] epoch 228, train loss: 20432.84, average train loss: 19051.70, base loss: 31487.14
[INFO 2017-11-17 16:58:15,032 demo.py:73] epoch 229, train loss: 19909.79, average train loss: 19081.10, base loss: 31499.33
[INFO 2017-11-17 16:58:15,239 demo.py:73] epoch 230, train loss: 18894.81, average train loss: 19075.67, base loss: 31507.86
[INFO 2017-11-17 16:58:15,444 demo.py:73] epoch 231, train loss: 18496.10, average train loss: 19054.67, base loss: 31509.43
[INFO 2017-11-17 16:58:15,652 demo.py:73] epoch 232, train loss: 20776.03, average train loss: 19071.41, base loss: 31510.62
[INFO 2017-11-17 16:58:15,858 demo.py:73] epoch 233, train loss: 18952.04, average train loss: 19065.01, base loss: 31513.01
[INFO 2017-11-17 16:58:16,065 demo.py:73] epoch 234, train loss: 17526.98, average train loss: 19050.32, base loss: 31525.20
[INFO 2017-11-17 16:58:16,270 demo.py:73] epoch 235, train loss: 19708.80, average train loss: 19063.01, base loss: 31535.33
[INFO 2017-11-17 16:58:16,478 demo.py:73] epoch 236, train loss: 18167.52, average train loss: 19061.64, base loss: 31545.83
[INFO 2017-11-17 16:58:16,684 demo.py:73] epoch 237, train loss: 18589.62, average train loss: 19066.36, base loss: 31547.28
[INFO 2017-11-17 16:58:16,891 demo.py:73] epoch 238, train loss: 18276.34, average train loss: 19066.45, base loss: 31551.94
[INFO 2017-11-17 16:58:17,097 demo.py:73] epoch 239, train loss: 20164.07, average train loss: 19069.97, base loss: 31562.83
[INFO 2017-11-17 16:58:17,305 demo.py:73] epoch 240, train loss: 18382.30, average train loss: 19062.62, base loss: 31560.13
[INFO 2017-11-17 16:58:17,530 demo.py:73] epoch 241, train loss: 20700.88, average train loss: 19074.53, base loss: 31556.98
[INFO 2017-11-17 16:58:17,732 demo.py:73] epoch 242, train loss: 17625.71, average train loss: 19057.67, base loss: 31569.93
[INFO 2017-11-17 16:58:17,933 demo.py:73] epoch 243, train loss: 20235.07, average train loss: 19072.45, base loss: 31586.24
[INFO 2017-11-17 16:58:18,135 demo.py:73] epoch 244, train loss: 19009.07, average train loss: 19080.67, base loss: 31592.92
[INFO 2017-11-17 16:58:18,337 demo.py:73] epoch 245, train loss: 18337.44, average train loss: 19067.51, base loss: 31593.21
[INFO 2017-11-17 16:58:18,541 demo.py:73] epoch 246, train loss: 18723.38, average train loss: 19048.93, base loss: 31572.80
[INFO 2017-11-17 16:58:18,744 demo.py:73] epoch 247, train loss: 18916.48, average train loss: 19060.53, base loss: 31588.21
[INFO 2017-11-17 16:58:18,946 demo.py:73] epoch 248, train loss: 17525.85, average train loss: 19049.37, base loss: 31581.60
[INFO 2017-11-17 16:58:19,149 demo.py:73] epoch 249, train loss: 19276.14, average train loss: 19044.55, base loss: 31577.95
[INFO 2017-11-17 16:58:19,355 demo.py:73] epoch 250, train loss: 18085.17, average train loss: 19029.42, base loss: 31578.98
[INFO 2017-11-17 16:58:19,559 demo.py:73] epoch 251, train loss: 17790.68, average train loss: 19023.07, base loss: 31595.21
[INFO 2017-11-17 16:58:19,762 demo.py:73] epoch 252, train loss: 18251.18, average train loss: 19008.06, base loss: 31577.43
[INFO 2017-11-17 16:58:19,963 demo.py:73] epoch 253, train loss: 17723.93, average train loss: 19000.84, base loss: 31570.62
[INFO 2017-11-17 16:58:20,163 demo.py:73] epoch 254, train loss: 17628.78, average train loss: 18988.41, base loss: 31567.18
[INFO 2017-11-17 16:58:20,364 demo.py:73] epoch 255, train loss: 18445.86, average train loss: 18991.72, base loss: 31559.54
[INFO 2017-11-17 16:58:20,564 demo.py:73] epoch 256, train loss: 18838.55, average train loss: 18996.16, base loss: 31555.89
[INFO 2017-11-17 16:58:20,764 demo.py:73] epoch 257, train loss: 17373.04, average train loss: 18984.04, base loss: 31546.58
[INFO 2017-11-17 16:58:20,964 demo.py:73] epoch 258, train loss: 17874.65, average train loss: 18975.36, base loss: 31549.48
[INFO 2017-11-17 16:58:21,164 demo.py:73] epoch 259, train loss: 17410.07, average train loss: 18956.19, base loss: 31545.34
[INFO 2017-11-17 16:58:21,366 demo.py:73] epoch 260, train loss: 16837.38, average train loss: 18945.55, base loss: 31543.98
[INFO 2017-11-17 16:58:21,568 demo.py:73] epoch 261, train loss: 17332.50, average train loss: 18925.42, base loss: 31529.08
[INFO 2017-11-17 16:58:21,770 demo.py:73] epoch 262, train loss: 19714.96, average train loss: 18935.09, base loss: 31528.76
[INFO 2017-11-17 16:58:21,970 demo.py:73] epoch 263, train loss: 19514.61, average train loss: 18924.23, base loss: 31537.03
[INFO 2017-11-17 16:58:22,171 demo.py:73] epoch 264, train loss: 18120.71, average train loss: 18918.18, base loss: 31524.30
[INFO 2017-11-17 16:58:22,371 demo.py:73] epoch 265, train loss: 19808.40, average train loss: 18920.40, base loss: 31526.35
[INFO 2017-11-17 16:58:22,571 demo.py:73] epoch 266, train loss: 16293.61, average train loss: 18882.48, base loss: 31500.05
[INFO 2017-11-17 16:58:22,772 demo.py:73] epoch 267, train loss: 18806.72, average train loss: 18880.13, base loss: 31510.21
[INFO 2017-11-17 16:58:22,971 demo.py:73] epoch 268, train loss: 18595.34, average train loss: 18878.68, base loss: 31500.46
[INFO 2017-11-17 16:58:23,172 demo.py:73] epoch 269, train loss: 19518.86, average train loss: 18895.54, base loss: 31505.21
[INFO 2017-11-17 16:58:23,373 demo.py:73] epoch 270, train loss: 20182.10, average train loss: 18908.09, base loss: 31523.98
[INFO 2017-11-17 16:58:23,573 demo.py:73] epoch 271, train loss: 17808.08, average train loss: 18884.68, base loss: 31525.69
[INFO 2017-11-17 16:58:23,773 demo.py:73] epoch 272, train loss: 18698.83, average train loss: 18874.09, base loss: 31511.35
[INFO 2017-11-17 16:58:23,973 demo.py:73] epoch 273, train loss: 17758.20, average train loss: 18855.30, base loss: 31507.66
[INFO 2017-11-17 16:58:24,173 demo.py:73] epoch 274, train loss: 17492.01, average train loss: 18839.07, base loss: 31509.82
[INFO 2017-11-17 16:58:24,373 demo.py:73] epoch 275, train loss: 18814.02, average train loss: 18834.08, base loss: 31494.34
[INFO 2017-11-17 16:58:24,574 demo.py:73] epoch 276, train loss: 18046.69, average train loss: 18830.42, base loss: 31489.40
[INFO 2017-11-17 16:58:24,776 demo.py:73] epoch 277, train loss: 19878.23, average train loss: 18834.22, base loss: 31492.07
[INFO 2017-11-17 16:58:24,977 demo.py:73] epoch 278, train loss: 18413.85, average train loss: 18833.28, base loss: 31500.87
[INFO 2017-11-17 16:58:25,189 demo.py:73] epoch 279, train loss: 19377.98, average train loss: 18839.62, base loss: 31494.62
[INFO 2017-11-17 16:58:25,401 demo.py:73] epoch 280, train loss: 18335.77, average train loss: 18825.60, base loss: 31492.09
[INFO 2017-11-17 16:58:25,606 demo.py:73] epoch 281, train loss: 19277.63, average train loss: 18838.62, base loss: 31500.65
[INFO 2017-11-17 16:58:25,809 demo.py:73] epoch 282, train loss: 17448.22, average train loss: 18810.48, base loss: 31475.22
[INFO 2017-11-17 16:58:26,012 demo.py:73] epoch 283, train loss: 18494.84, average train loss: 18796.27, base loss: 31481.22
[INFO 2017-11-17 16:58:26,215 demo.py:73] epoch 284, train loss: 16783.60, average train loss: 18755.04, base loss: 31475.72
[INFO 2017-11-17 16:58:26,418 demo.py:73] epoch 285, train loss: 19192.99, average train loss: 18755.04, base loss: 31470.90
[INFO 2017-11-17 16:58:26,620 demo.py:73] epoch 286, train loss: 18504.63, average train loss: 18746.37, base loss: 31484.48
[INFO 2017-11-17 16:58:26,821 demo.py:73] epoch 287, train loss: 17952.60, average train loss: 18743.80, base loss: 31479.71
[INFO 2017-11-17 16:58:27,022 demo.py:73] epoch 288, train loss: 19682.03, average train loss: 18751.99, base loss: 31474.93
[INFO 2017-11-17 16:58:27,224 demo.py:73] epoch 289, train loss: 18634.57, average train loss: 18744.12, base loss: 31478.18
[INFO 2017-11-17 16:58:27,465 demo.py:73] epoch 290, train loss: 19928.23, average train loss: 18743.61, base loss: 31476.91
[INFO 2017-11-17 16:58:27,669 demo.py:73] epoch 291, train loss: 17854.60, average train loss: 18731.13, base loss: 31484.48
[INFO 2017-11-17 16:58:27,872 demo.py:73] epoch 292, train loss: 20654.57, average train loss: 18739.99, base loss: 31487.35
[INFO 2017-11-17 16:58:28,076 demo.py:73] epoch 293, train loss: 18300.42, average train loss: 18730.05, base loss: 31481.77
[INFO 2017-11-17 16:58:28,280 demo.py:73] epoch 294, train loss: 17966.09, average train loss: 18691.26, base loss: 31471.15
[INFO 2017-11-17 16:58:28,482 demo.py:73] epoch 295, train loss: 19641.93, average train loss: 18706.99, base loss: 31489.12
[INFO 2017-11-17 16:58:28,684 demo.py:73] epoch 296, train loss: 19851.89, average train loss: 18715.90, base loss: 31497.42
[INFO 2017-11-17 16:58:28,889 demo.py:73] epoch 297, train loss: 18478.05, average train loss: 18698.98, base loss: 31483.63
[INFO 2017-11-17 16:58:29,093 demo.py:73] epoch 298, train loss: 17849.20, average train loss: 18683.44, base loss: 31485.45
[INFO 2017-11-17 16:58:29,297 demo.py:73] epoch 299, train loss: 17415.92, average train loss: 18668.16, base loss: 31502.56
[INFO 2017-11-17 16:58:29,502 demo.py:73] epoch 300, train loss: 18990.74, average train loss: 18672.07, base loss: 31509.15
[INFO 2017-11-17 16:58:29,706 demo.py:73] epoch 301, train loss: 18508.97, average train loss: 18665.38, base loss: 31506.72
[INFO 2017-11-17 16:58:29,911 demo.py:73] epoch 302, train loss: 19728.09, average train loss: 18692.58, base loss: 31498.37
[INFO 2017-11-17 16:58:30,115 demo.py:73] epoch 303, train loss: 17317.90, average train loss: 18678.07, base loss: 31480.90
[INFO 2017-11-17 16:58:30,319 demo.py:73] epoch 304, train loss: 18321.90, average train loss: 18679.54, base loss: 31480.07
[INFO 2017-11-17 16:58:30,524 demo.py:73] epoch 305, train loss: 18693.42, average train loss: 18653.10, base loss: 31448.49
[INFO 2017-11-17 16:58:30,729 demo.py:73] epoch 306, train loss: 18866.35, average train loss: 18664.82, base loss: 31462.56
[INFO 2017-11-17 16:58:30,933 demo.py:73] epoch 307, train loss: 19020.52, average train loss: 18671.94, base loss: 31469.07
[INFO 2017-11-17 16:58:31,137 demo.py:73] epoch 308, train loss: 17967.50, average train loss: 18660.33, base loss: 31471.83
[INFO 2017-11-17 16:58:31,341 demo.py:73] epoch 309, train loss: 18135.65, average train loss: 18651.99, base loss: 31452.45
[INFO 2017-11-17 16:58:31,546 demo.py:73] epoch 310, train loss: 19951.26, average train loss: 18659.00, base loss: 31459.81
[INFO 2017-11-17 16:58:31,748 demo.py:73] epoch 311, train loss: 17134.28, average train loss: 18637.60, base loss: 31449.81
[INFO 2017-11-17 16:58:31,952 demo.py:73] epoch 312, train loss: 17220.40, average train loss: 18633.17, base loss: 31441.00
[INFO 2017-11-17 16:58:32,156 demo.py:73] epoch 313, train loss: 19911.95, average train loss: 18649.77, base loss: 31439.01
[INFO 2017-11-17 16:58:32,363 demo.py:73] epoch 314, train loss: 20300.51, average train loss: 18672.48, base loss: 31442.12
[INFO 2017-11-17 16:58:32,567 demo.py:73] epoch 315, train loss: 19504.04, average train loss: 18688.13, base loss: 31464.85
[INFO 2017-11-17 16:58:32,772 demo.py:73] epoch 316, train loss: 17002.63, average train loss: 18669.69, base loss: 31465.36
[INFO 2017-11-17 16:58:32,976 demo.py:73] epoch 317, train loss: 17938.91, average train loss: 18649.89, base loss: 31475.85
[INFO 2017-11-17 16:58:33,179 demo.py:73] epoch 318, train loss: 19338.05, average train loss: 18665.93, base loss: 31491.56
[INFO 2017-11-17 16:58:33,383 demo.py:73] epoch 319, train loss: 18948.47, average train loss: 18678.67, base loss: 31533.83
[INFO 2017-11-17 16:58:33,586 demo.py:73] epoch 320, train loss: 19134.39, average train loss: 18670.03, base loss: 31536.12
[INFO 2017-11-17 16:58:33,790 demo.py:73] epoch 321, train loss: 17442.90, average train loss: 18668.18, base loss: 31547.99
[INFO 2017-11-17 16:58:33,993 demo.py:73] epoch 322, train loss: 18662.33, average train loss: 18650.37, base loss: 31531.28
[INFO 2017-11-17 16:58:34,196 demo.py:73] epoch 323, train loss: 19499.49, average train loss: 18646.84, base loss: 31527.48
[INFO 2017-11-17 16:58:34,401 demo.py:73] epoch 324, train loss: 18072.15, average train loss: 18644.99, base loss: 31512.79
[INFO 2017-11-17 16:58:34,604 demo.py:73] epoch 325, train loss: 17400.54, average train loss: 18621.95, base loss: 31502.54
[INFO 2017-11-17 16:58:34,807 demo.py:73] epoch 326, train loss: 17777.80, average train loss: 18601.61, base loss: 31499.67
[INFO 2017-11-17 16:58:35,009 demo.py:73] epoch 327, train loss: 19390.72, average train loss: 18614.92, base loss: 31506.40
[INFO 2017-11-17 16:58:35,212 demo.py:73] epoch 328, train loss: 20787.95, average train loss: 18618.47, base loss: 31503.79
[INFO 2017-11-17 16:58:35,416 demo.py:73] epoch 329, train loss: 19198.61, average train loss: 18611.36, base loss: 31499.03
[INFO 2017-11-17 16:58:35,620 demo.py:73] epoch 330, train loss: 20467.63, average train loss: 18627.09, base loss: 31493.24
[INFO 2017-11-17 16:58:35,824 demo.py:73] epoch 331, train loss: 19799.43, average train loss: 18640.12, base loss: 31486.64
[INFO 2017-11-17 16:58:36,027 demo.py:73] epoch 332, train loss: 17739.63, average train loss: 18609.76, base loss: 31470.11
[INFO 2017-11-17 16:58:36,230 demo.py:73] epoch 333, train loss: 18907.80, average train loss: 18609.31, base loss: 31468.98
[INFO 2017-11-17 16:58:36,434 demo.py:73] epoch 334, train loss: 19773.67, average train loss: 18631.78, base loss: 31482.22
[INFO 2017-11-17 16:58:36,639 demo.py:73] epoch 335, train loss: 18822.74, average train loss: 18622.92, base loss: 31472.33
[INFO 2017-11-17 16:58:36,843 demo.py:73] epoch 336, train loss: 18937.39, average train loss: 18630.62, base loss: 31457.12
[INFO 2017-11-17 16:58:37,049 demo.py:73] epoch 337, train loss: 18861.77, average train loss: 18633.34, base loss: 31464.91
[INFO 2017-11-17 16:58:37,254 demo.py:73] epoch 338, train loss: 19090.15, average train loss: 18641.48, base loss: 31468.44
[INFO 2017-11-17 16:58:37,457 demo.py:73] epoch 339, train loss: 17943.90, average train loss: 18619.28, base loss: 31454.99
[INFO 2017-11-17 16:58:37,660 demo.py:73] epoch 340, train loss: 18828.12, average train loss: 18623.73, base loss: 31468.02
[INFO 2017-11-17 16:58:37,862 demo.py:73] epoch 341, train loss: 19259.90, average train loss: 18609.32, base loss: 31464.16
[INFO 2017-11-17 16:58:38,065 demo.py:73] epoch 342, train loss: 19537.37, average train loss: 18628.44, base loss: 31454.06
[INFO 2017-11-17 16:58:38,270 demo.py:73] epoch 343, train loss: 19559.63, average train loss: 18621.69, base loss: 31451.87
[INFO 2017-11-17 16:58:38,474 demo.py:73] epoch 344, train loss: 18130.58, average train loss: 18612.90, base loss: 31443.44
[INFO 2017-11-17 16:58:38,677 demo.py:73] epoch 345, train loss: 17986.31, average train loss: 18609.39, base loss: 31444.80
[INFO 2017-11-17 16:58:38,882 demo.py:73] epoch 346, train loss: 18049.46, average train loss: 18602.65, base loss: 31445.54
[INFO 2017-11-17 16:58:39,086 demo.py:73] epoch 347, train loss: 17777.06, average train loss: 18591.26, base loss: 31446.29
[INFO 2017-11-17 16:58:39,290 demo.py:73] epoch 348, train loss: 19635.44, average train loss: 18612.35, base loss: 31465.50
[INFO 2017-11-17 16:58:39,494 demo.py:73] epoch 349, train loss: 18192.80, average train loss: 18601.52, base loss: 31469.34
[INFO 2017-11-17 16:58:39,699 demo.py:73] epoch 350, train loss: 17973.12, average train loss: 18600.40, base loss: 31474.31
[INFO 2017-11-17 16:58:39,902 demo.py:73] epoch 351, train loss: 17555.54, average train loss: 18598.05, base loss: 31455.55
[INFO 2017-11-17 16:58:40,106 demo.py:73] epoch 352, train loss: 21130.74, average train loss: 18626.84, base loss: 31481.74
[INFO 2017-11-17 16:58:40,309 demo.py:73] epoch 353, train loss: 18457.70, average train loss: 18634.18, base loss: 31484.65
[INFO 2017-11-17 16:58:40,515 demo.py:73] epoch 354, train loss: 15957.64, average train loss: 18617.47, base loss: 31462.17
[INFO 2017-11-17 16:58:40,718 demo.py:73] epoch 355, train loss: 18670.80, average train loss: 18619.72, base loss: 31458.68
[INFO 2017-11-17 16:58:40,921 demo.py:73] epoch 356, train loss: 18853.14, average train loss: 18619.87, base loss: 31464.38
[INFO 2017-11-17 16:58:41,125 demo.py:73] epoch 357, train loss: 17335.89, average train loss: 18619.49, base loss: 31458.76
[INFO 2017-11-17 16:58:41,328 demo.py:73] epoch 358, train loss: 20628.76, average train loss: 18647.03, base loss: 31462.06
[INFO 2017-11-17 16:58:41,531 demo.py:73] epoch 359, train loss: 18726.03, average train loss: 18660.19, base loss: 31471.33
[INFO 2017-11-17 16:58:41,733 demo.py:73] epoch 360, train loss: 17740.51, average train loss: 18669.23, base loss: 31474.76
[INFO 2017-11-17 16:58:41,936 demo.py:73] epoch 361, train loss: 17672.85, average train loss: 18672.63, base loss: 31480.32
[INFO 2017-11-17 16:58:42,140 demo.py:73] epoch 362, train loss: 19256.64, average train loss: 18668.05, base loss: 31485.75
[INFO 2017-11-17 16:58:42,345 demo.py:73] epoch 363, train loss: 16875.84, average train loss: 18641.66, base loss: 31473.69
[INFO 2017-11-17 16:58:42,549 demo.py:73] epoch 364, train loss: 19146.80, average train loss: 18651.92, base loss: 31498.39
[INFO 2017-11-17 16:58:42,752 demo.py:73] epoch 365, train loss: 20104.21, average train loss: 18654.88, base loss: 31492.46
[INFO 2017-11-17 16:58:42,956 demo.py:73] epoch 366, train loss: 17207.04, average train loss: 18664.01, base loss: 31501.87
[INFO 2017-11-17 16:58:43,160 demo.py:73] epoch 367, train loss: 18016.66, average train loss: 18656.11, base loss: 31500.79
[INFO 2017-11-17 16:58:43,363 demo.py:73] epoch 368, train loss: 17623.47, average train loss: 18646.39, base loss: 31502.13
[INFO 2017-11-17 16:58:43,567 demo.py:73] epoch 369, train loss: 18983.81, average train loss: 18641.04, base loss: 31488.56
[INFO 2017-11-17 16:58:43,770 demo.py:73] epoch 370, train loss: 17417.13, average train loss: 18613.39, base loss: 31479.66
[INFO 2017-11-17 16:58:43,974 demo.py:73] epoch 371, train loss: 17280.19, average train loss: 18608.11, base loss: 31463.37
[INFO 2017-11-17 16:58:44,178 demo.py:73] epoch 372, train loss: 18014.68, average train loss: 18601.27, base loss: 31469.35
[INFO 2017-11-17 16:58:44,382 demo.py:73] epoch 373, train loss: 18090.08, average train loss: 18604.59, base loss: 31464.52
[INFO 2017-11-17 16:58:44,587 demo.py:73] epoch 374, train loss: 17707.58, average train loss: 18606.75, base loss: 31469.22
[INFO 2017-11-17 16:58:44,792 demo.py:73] epoch 375, train loss: 17525.77, average train loss: 18593.86, base loss: 31485.55
[INFO 2017-11-17 16:58:44,996 demo.py:73] epoch 376, train loss: 18252.80, average train loss: 18595.92, base loss: 31489.89
[INFO 2017-11-17 16:58:45,199 demo.py:73] epoch 377, train loss: 18173.25, average train loss: 18578.88, base loss: 31483.34
[INFO 2017-11-17 16:58:45,403 demo.py:73] epoch 378, train loss: 19230.79, average train loss: 18587.04, base loss: 31482.44
[INFO 2017-11-17 16:58:45,606 demo.py:73] epoch 379, train loss: 19807.83, average train loss: 18591.34, base loss: 31494.38
[INFO 2017-11-17 16:58:45,810 demo.py:73] epoch 380, train loss: 17784.49, average train loss: 18585.83, base loss: 31482.21
[INFO 2017-11-17 16:58:46,015 demo.py:73] epoch 381, train loss: 19244.84, average train loss: 18585.50, base loss: 31484.97
[INFO 2017-11-17 16:58:46,219 demo.py:73] epoch 382, train loss: 19073.30, average train loss: 18601.75, base loss: 31506.51
[INFO 2017-11-17 16:58:46,423 demo.py:73] epoch 383, train loss: 18948.13, average train loss: 18606.29, base loss: 31503.76
[INFO 2017-11-17 16:58:46,628 demo.py:73] epoch 384, train loss: 18566.96, average train loss: 18624.12, base loss: 31495.09
[INFO 2017-11-17 16:58:46,832 demo.py:73] epoch 385, train loss: 19042.32, average train loss: 18622.61, base loss: 31499.51
[INFO 2017-11-17 16:58:47,035 demo.py:73] epoch 386, train loss: 16333.86, average train loss: 18600.90, base loss: 31484.27
[INFO 2017-11-17 16:58:47,238 demo.py:73] epoch 387, train loss: 16242.88, average train loss: 18583.81, base loss: 31470.19
[INFO 2017-11-17 16:58:47,441 demo.py:73] epoch 388, train loss: 17054.54, average train loss: 18557.53, base loss: 31461.25
[INFO 2017-11-17 16:58:47,646 demo.py:73] epoch 389, train loss: 17526.44, average train loss: 18546.45, base loss: 31462.08
[INFO 2017-11-17 16:58:47,850 demo.py:73] epoch 390, train loss: 18742.32, average train loss: 18534.59, base loss: 31453.24
[INFO 2017-11-17 16:58:48,053 demo.py:73] epoch 391, train loss: 17649.64, average train loss: 18532.54, base loss: 31455.03
[INFO 2017-11-17 16:58:48,256 demo.py:73] epoch 392, train loss: 17864.62, average train loss: 18504.64, base loss: 31442.44
[INFO 2017-11-17 16:58:48,461 demo.py:73] epoch 393, train loss: 18411.01, average train loss: 18505.75, base loss: 31450.58
[INFO 2017-11-17 16:58:48,666 demo.py:73] epoch 394, train loss: 19386.65, average train loss: 18519.95, base loss: 31470.64
[INFO 2017-11-17 16:58:48,870 demo.py:73] epoch 395, train loss: 19144.70, average train loss: 18514.98, base loss: 31455.96
[INFO 2017-11-17 16:58:49,074 demo.py:73] epoch 396, train loss: 16322.13, average train loss: 18479.68, base loss: 31451.59
[INFO 2017-11-17 16:58:49,277 demo.py:73] epoch 397, train loss: 17827.32, average train loss: 18473.18, base loss: 31449.37
[INFO 2017-11-17 16:58:49,482 demo.py:73] epoch 398, train loss: 18664.58, average train loss: 18481.33, base loss: 31447.28
[INFO 2017-11-17 16:58:49,686 demo.py:73] epoch 399, train loss: 18231.28, average train loss: 18489.49, base loss: 31417.13
[INFO 2017-11-17 16:58:49,686 demo.py:75] epoch 399, testing
[INFO 2017-11-17 16:58:51,957 demo.py:131] average test loss: 18166.59, base loss: 31388.15
[INFO 2017-11-17 16:58:51,958 demo.py:132] improve_loss: 13221.56, improve_percent: 0.42
[INFO 2017-11-17 16:58:51,958 demo.py:135] average test endpoint error: 1.61
[INFO 2017-11-17 16:58:51,958 base_demo.py:149] model save to ./model.pth
[INFO 2017-11-17 16:58:51,963 base_demo.py:153] current best improved percent: 0.42
[INFO 2017-11-17 16:58:52,167 demo.py:73] epoch 400, train loss: 18784.39, average train loss: 18487.42, base loss: 31411.09
[INFO 2017-11-17 16:58:52,371 demo.py:73] epoch 401, train loss: 18009.35, average train loss: 18482.43, base loss: 31415.60
[INFO 2017-11-17 16:58:52,575 demo.py:73] epoch 402, train loss: 18562.57, average train loss: 18470.77, base loss: 31402.98
[INFO 2017-11-17 16:58:52,777 demo.py:73] epoch 403, train loss: 18496.02, average train loss: 18482.55, base loss: 31426.19
[INFO 2017-11-17 16:58:52,980 demo.py:73] epoch 404, train loss: 17877.65, average train loss: 18478.11, base loss: 31428.27
[INFO 2017-11-17 16:58:53,184 demo.py:73] epoch 405, train loss: 17112.55, average train loss: 18462.30, base loss: 31437.43
[INFO 2017-11-17 16:58:53,385 demo.py:73] epoch 406, train loss: 19056.24, average train loss: 18464.20, base loss: 31430.20
[INFO 2017-11-17 16:58:53,588 demo.py:73] epoch 407, train loss: 17602.67, average train loss: 18450.02, base loss: 31420.23
[INFO 2017-11-17 16:58:53,790 demo.py:73] epoch 408, train loss: 16501.62, average train loss: 18435.36, base loss: 31397.54
[INFO 2017-11-17 16:58:53,993 demo.py:73] epoch 409, train loss: 19210.23, average train loss: 18446.11, base loss: 31417.41
[INFO 2017-11-17 16:58:54,195 demo.py:73] epoch 410, train loss: 18041.73, average train loss: 18427.01, base loss: 31405.56
[INFO 2017-11-17 16:58:54,396 demo.py:73] epoch 411, train loss: 18578.75, average train loss: 18441.46, base loss: 31421.98
[INFO 2017-11-17 16:58:54,598 demo.py:73] epoch 412, train loss: 19607.38, average train loss: 18465.33, base loss: 31441.92
[INFO 2017-11-17 16:58:54,801 demo.py:73] epoch 413, train loss: 19191.00, average train loss: 18458.12, base loss: 31445.93
[INFO 2017-11-17 16:58:55,003 demo.py:73] epoch 414, train loss: 18549.87, average train loss: 18440.61, base loss: 31433.49
[INFO 2017-11-17 16:58:55,206 demo.py:73] epoch 415, train loss: 17725.80, average train loss: 18422.83, base loss: 31415.24
[INFO 2017-11-17 16:58:55,409 demo.py:73] epoch 416, train loss: 18780.37, average train loss: 18440.61, base loss: 31424.10
[INFO 2017-11-17 16:58:55,611 demo.py:73] epoch 417, train loss: 17743.70, average train loss: 18438.65, base loss: 31425.04
[INFO 2017-11-17 16:58:55,813 demo.py:73] epoch 418, train loss: 17963.19, average train loss: 18424.91, base loss: 31422.57
[INFO 2017-11-17 16:58:56,017 demo.py:73] epoch 419, train loss: 16859.30, average train loss: 18404.01, base loss: 31394.14
[INFO 2017-11-17 16:58:56,222 demo.py:73] epoch 420, train loss: 17989.27, average train loss: 18392.56, base loss: 31393.42
[INFO 2017-11-17 16:58:56,425 demo.py:73] epoch 421, train loss: 17263.45, average train loss: 18390.77, base loss: 31379.53
[INFO 2017-11-17 16:58:56,628 demo.py:73] epoch 422, train loss: 18854.18, average train loss: 18392.69, base loss: 31385.31
[INFO 2017-11-17 16:58:56,832 demo.py:73] epoch 423, train loss: 17836.04, average train loss: 18376.05, base loss: 31387.40
[INFO 2017-11-17 16:58:57,038 demo.py:73] epoch 424, train loss: 19441.49, average train loss: 18389.75, base loss: 31411.08
[INFO 2017-11-17 16:58:57,244 demo.py:73] epoch 425, train loss: 17922.28, average train loss: 18394.96, base loss: 31413.37
[INFO 2017-11-17 16:58:57,449 demo.py:73] epoch 426, train loss: 17722.97, average train loss: 18394.41, base loss: 31418.16
[INFO 2017-11-17 16:58:57,655 demo.py:73] epoch 427, train loss: 18035.13, average train loss: 18380.86, base loss: 31412.46
[INFO 2017-11-17 16:58:57,860 demo.py:73] epoch 428, train loss: 16865.03, average train loss: 18341.63, base loss: 31407.11
[INFO 2017-11-17 16:58:58,065 demo.py:73] epoch 429, train loss: 19971.02, average train loss: 18349.35, base loss: 31416.17
[INFO 2017-11-17 16:58:58,271 demo.py:73] epoch 430, train loss: 19789.30, average train loss: 18342.57, base loss: 31411.16
[INFO 2017-11-17 16:58:58,476 demo.py:73] epoch 431, train loss: 18403.83, average train loss: 18328.61, base loss: 31397.59
[INFO 2017-11-17 16:58:58,681 demo.py:73] epoch 432, train loss: 18968.61, average train loss: 18340.90, base loss: 31403.58
[INFO 2017-11-17 16:58:58,886 demo.py:73] epoch 433, train loss: 17846.06, average train loss: 18330.29, base loss: 31398.49
[INFO 2017-11-17 16:58:59,093 demo.py:73] epoch 434, train loss: 17828.24, average train loss: 18310.83, base loss: 31388.62
[INFO 2017-11-17 16:58:59,298 demo.py:73] epoch 435, train loss: 18799.03, average train loss: 18310.60, base loss: 31392.57
[INFO 2017-11-17 16:58:59,506 demo.py:73] epoch 436, train loss: 16377.16, average train loss: 18284.99, base loss: 31389.89
[INFO 2017-11-17 16:58:59,711 demo.py:73] epoch 437, train loss: 18463.98, average train loss: 18281.01, base loss: 31389.76
[INFO 2017-11-17 16:58:59,918 demo.py:73] epoch 438, train loss: 19381.27, average train loss: 18283.93, base loss: 31389.27
[INFO 2017-11-17 16:59:00,126 demo.py:73] epoch 439, train loss: 17327.95, average train loss: 18277.77, base loss: 31385.44
[INFO 2017-11-17 16:59:00,333 demo.py:73] epoch 440, train loss: 19295.66, average train loss: 18282.44, base loss: 31380.66
[INFO 2017-11-17 16:59:00,541 demo.py:73] epoch 441, train loss: 15971.65, average train loss: 18249.56, base loss: 31381.73
[INFO 2017-11-17 16:59:00,749 demo.py:73] epoch 442, train loss: 18466.30, average train loss: 18238.85, base loss: 31380.28
[INFO 2017-11-17 16:59:00,956 demo.py:73] epoch 443, train loss: 18523.60, average train loss: 18228.49, base loss: 31382.17
[INFO 2017-11-17 16:59:01,164 demo.py:73] epoch 444, train loss: 17229.90, average train loss: 18219.48, base loss: 31369.27
[INFO 2017-11-17 16:59:01,371 demo.py:73] epoch 445, train loss: 17892.54, average train loss: 18218.54, base loss: 31359.73
[INFO 2017-11-17 16:59:01,578 demo.py:73] epoch 446, train loss: 17585.85, average train loss: 18213.91, base loss: 31354.23
[INFO 2017-11-17 16:59:01,786 demo.py:73] epoch 447, train loss: 18589.94, average train loss: 18222.04, base loss: 31350.78
[INFO 2017-11-17 16:59:01,994 demo.py:73] epoch 448, train loss: 19289.59, average train loss: 18218.58, base loss: 31355.48
[INFO 2017-11-17 16:59:02,201 demo.py:73] epoch 449, train loss: 18805.05, average train loss: 18224.70, base loss: 31354.43
[INFO 2017-11-17 16:59:02,410 demo.py:73] epoch 450, train loss: 17437.99, average train loss: 18219.35, base loss: 31348.71
[INFO 2017-11-17 16:59:02,618 demo.py:73] epoch 451, train loss: 17884.51, average train loss: 18222.64, base loss: 31364.93
[INFO 2017-11-17 16:59:02,827 demo.py:73] epoch 452, train loss: 18352.66, average train loss: 18194.86, base loss: 31356.67
[INFO 2017-11-17 16:59:03,033 demo.py:73] epoch 453, train loss: 17168.86, average train loss: 18181.97, base loss: 31346.97
[INFO 2017-11-17 16:59:03,240 demo.py:73] epoch 454, train loss: 17473.50, average train loss: 18197.13, base loss: 31368.04
[INFO 2017-11-17 16:59:03,446 demo.py:73] epoch 455, train loss: 17151.70, average train loss: 18181.94, base loss: 31370.36
[INFO 2017-11-17 16:59:03,652 demo.py:73] epoch 456, train loss: 16816.55, average train loss: 18161.57, base loss: 31362.76
[INFO 2017-11-17 16:59:03,858 demo.py:73] epoch 457, train loss: 19164.80, average train loss: 18179.86, base loss: 31375.60
[INFO 2017-11-17 16:59:04,063 demo.py:73] epoch 458, train loss: 19068.20, average train loss: 18164.26, base loss: 31365.85
[INFO 2017-11-17 16:59:04,272 demo.py:73] epoch 459, train loss: 19039.81, average train loss: 18167.39, base loss: 31367.47
[INFO 2017-11-17 16:59:04,480 demo.py:73] epoch 460, train loss: 18574.48, average train loss: 18175.73, base loss: 31377.81
[INFO 2017-11-17 16:59:04,687 demo.py:73] epoch 461, train loss: 19140.69, average train loss: 18190.41, base loss: 31369.62
[INFO 2017-11-17 16:59:04,894 demo.py:73] epoch 462, train loss: 18102.06, average train loss: 18178.87, base loss: 31372.83
[INFO 2017-11-17 16:59:05,101 demo.py:73] epoch 463, train loss: 17191.63, average train loss: 18182.02, base loss: 31355.66
[INFO 2017-11-17 16:59:05,307 demo.py:73] epoch 464, train loss: 19277.49, average train loss: 18183.33, base loss: 31344.14
[INFO 2017-11-17 16:59:05,512 demo.py:73] epoch 465, train loss: 17941.97, average train loss: 18161.71, base loss: 31340.20
[INFO 2017-11-17 16:59:05,728 demo.py:73] epoch 466, train loss: 19423.24, average train loss: 18183.87, base loss: 31354.68
[INFO 2017-11-17 16:59:05,943 demo.py:73] epoch 467, train loss: 17489.20, average train loss: 18178.59, base loss: 31347.93
[INFO 2017-11-17 16:59:06,151 demo.py:73] epoch 468, train loss: 17520.88, average train loss: 18177.57, base loss: 31340.68
[INFO 2017-11-17 16:59:06,362 demo.py:73] epoch 469, train loss: 18059.01, average train loss: 18168.32, base loss: 31354.13
[INFO 2017-11-17 16:59:06,572 demo.py:73] epoch 470, train loss: 17528.55, average train loss: 18169.44, base loss: 31369.10
[INFO 2017-11-17 16:59:06,781 demo.py:73] epoch 471, train loss: 18746.02, average train loss: 18184.09, base loss: 31366.54
[INFO 2017-11-17 16:59:06,991 demo.py:73] epoch 472, train loss: 18092.05, average train loss: 18184.87, base loss: 31357.19
[INFO 2017-11-17 16:59:07,201 demo.py:73] epoch 473, train loss: 18935.41, average train loss: 18193.32, base loss: 31355.90
[INFO 2017-11-17 16:59:07,410 demo.py:73] epoch 474, train loss: 17132.58, average train loss: 18187.57, base loss: 31356.52
[INFO 2017-11-17 16:59:07,619 demo.py:73] epoch 475, train loss: 16941.40, average train loss: 18181.73, base loss: 31341.34
[INFO 2017-11-17 16:59:07,828 demo.py:73] epoch 476, train loss: 17890.93, average train loss: 18178.11, base loss: 31339.67
[INFO 2017-11-17 16:59:08,040 demo.py:73] epoch 477, train loss: 16503.95, average train loss: 18161.41, base loss: 31330.06
[INFO 2017-11-17 16:59:08,249 demo.py:73] epoch 478, train loss: 18591.13, average train loss: 18155.02, base loss: 31341.09
[INFO 2017-11-17 16:59:08,459 demo.py:73] epoch 479, train loss: 18449.21, average train loss: 18141.43, base loss: 31338.02
[INFO 2017-11-17 16:59:08,668 demo.py:73] epoch 480, train loss: 19316.37, average train loss: 18156.75, base loss: 31353.04
[INFO 2017-11-17 16:59:08,880 demo.py:73] epoch 481, train loss: 17304.07, average train loss: 18137.34, base loss: 31353.09
[INFO 2017-11-17 16:59:09,089 demo.py:73] epoch 482, train loss: 18007.49, average train loss: 18126.69, base loss: 31359.34
[INFO 2017-11-17 16:59:09,301 demo.py:73] epoch 483, train loss: 18763.72, average train loss: 18124.84, base loss: 31372.21
[INFO 2017-11-17 16:59:09,510 demo.py:73] epoch 484, train loss: 18391.23, average train loss: 18123.08, base loss: 31388.87
[INFO 2017-11-17 16:59:09,721 demo.py:73] epoch 485, train loss: 17659.15, average train loss: 18109.25, base loss: 31390.01
[INFO 2017-11-17 16:59:09,932 demo.py:73] epoch 486, train loss: 17505.75, average train loss: 18120.97, base loss: 31402.13
[INFO 2017-11-17 16:59:10,142 demo.py:73] epoch 487, train loss: 19968.44, average train loss: 18158.23, base loss: 31404.74
[INFO 2017-11-17 16:59:10,353 demo.py:73] epoch 488, train loss: 18320.61, average train loss: 18170.89, base loss: 31417.24
[INFO 2017-11-17 16:59:10,562 demo.py:73] epoch 489, train loss: 17899.22, average train loss: 18174.62, base loss: 31412.68
[INFO 2017-11-17 16:59:10,774 demo.py:73] epoch 490, train loss: 18682.22, average train loss: 18174.01, base loss: 31420.24
[INFO 2017-11-17 16:59:10,984 demo.py:73] epoch 491, train loss: 17771.17, average train loss: 18175.23, base loss: 31416.65
[INFO 2017-11-17 16:59:11,199 demo.py:73] epoch 492, train loss: 18022.90, average train loss: 18176.81, base loss: 31421.32
[INFO 2017-11-17 16:59:11,404 demo.py:73] epoch 493, train loss: 16544.39, average train loss: 18158.15, base loss: 31435.72
[INFO 2017-11-17 16:59:11,610 demo.py:73] epoch 494, train loss: 18412.78, average train loss: 18148.41, base loss: 31422.46
[INFO 2017-11-17 16:59:11,817 demo.py:73] epoch 495, train loss: 18411.65, average train loss: 18141.08, base loss: 31415.85
[INFO 2017-11-17 16:59:12,024 demo.py:73] epoch 496, train loss: 18570.35, average train loss: 18163.56, base loss: 31422.44
[INFO 2017-11-17 16:59:12,231 demo.py:73] epoch 497, train loss: 18680.42, average train loss: 18172.09, base loss: 31422.64
[INFO 2017-11-17 16:59:12,437 demo.py:73] epoch 498, train loss: 16087.32, average train loss: 18146.32, base loss: 31421.50
[INFO 2017-11-17 16:59:12,644 demo.py:73] epoch 499, train loss: 19607.64, average train loss: 18160.08, base loss: 31425.91
[INFO 2017-11-17 16:59:12,854 demo.py:73] epoch 500, train loss: 17229.82, average train loss: 18144.54, base loss: 31407.45
[INFO 2017-11-17 16:59:13,061 demo.py:73] epoch 501, train loss: 19465.68, average train loss: 18159.10, base loss: 31402.04
[INFO 2017-11-17 16:59:13,269 demo.py:73] epoch 502, train loss: 17391.07, average train loss: 18147.38, base loss: 31423.64
[INFO 2017-11-17 16:59:13,475 demo.py:73] epoch 503, train loss: 17063.02, average train loss: 18133.05, base loss: 31395.95
[INFO 2017-11-17 16:59:13,684 demo.py:73] epoch 504, train loss: 21027.67, average train loss: 18164.55, base loss: 31412.62
[INFO 2017-11-17 16:59:13,894 demo.py:73] epoch 505, train loss: 17402.12, average train loss: 18167.45, base loss: 31412.47
[INFO 2017-11-17 16:59:14,103 demo.py:73] epoch 506, train loss: 17751.01, average train loss: 18154.40, base loss: 31424.72
[INFO 2017-11-17 16:59:14,309 demo.py:73] epoch 507, train loss: 19156.33, average train loss: 18169.93, base loss: 31422.17
[INFO 2017-11-17 16:59:14,516 demo.py:73] epoch 508, train loss: 17837.57, average train loss: 18183.29, base loss: 31441.03
[INFO 2017-11-17 16:59:14,724 demo.py:73] epoch 509, train loss: 19040.10, average train loss: 18181.59, base loss: 31424.73
[INFO 2017-11-17 16:59:14,931 demo.py:73] epoch 510, train loss: 17076.40, average train loss: 18171.94, base loss: 31433.48
[INFO 2017-11-17 16:59:15,138 demo.py:73] epoch 511, train loss: 17931.54, average train loss: 18165.47, base loss: 31425.60
[INFO 2017-11-17 16:59:15,346 demo.py:73] epoch 512, train loss: 18898.16, average train loss: 18158.37, base loss: 31423.86
[INFO 2017-11-17 16:59:15,554 demo.py:73] epoch 513, train loss: 17916.21, average train loss: 18145.63, base loss: 31419.37
[INFO 2017-11-17 16:59:15,762 demo.py:73] epoch 514, train loss: 18428.35, average train loss: 18144.41, base loss: 31422.95
[INFO 2017-11-17 16:59:15,968 demo.py:73] epoch 515, train loss: 18500.60, average train loss: 18152.16, base loss: 31425.70
[INFO 2017-11-17 16:59:16,179 demo.py:73] epoch 516, train loss: 19629.44, average train loss: 18160.65, base loss: 31434.62
[INFO 2017-11-17 16:59:16,387 demo.py:73] epoch 517, train loss: 18708.64, average train loss: 18170.30, base loss: 31431.81
[INFO 2017-11-17 16:59:16,593 demo.py:73] epoch 518, train loss: 19334.16, average train loss: 18184.01, base loss: 31437.62
[INFO 2017-11-17 16:59:16,802 demo.py:73] epoch 519, train loss: 16720.13, average train loss: 18182.62, base loss: 31442.61
[INFO 2017-11-17 16:59:17,009 demo.py:73] epoch 520, train loss: 18182.17, average train loss: 18184.55, base loss: 31445.79
[INFO 2017-11-17 16:59:17,215 demo.py:73] epoch 521, train loss: 17998.49, average train loss: 18191.90, base loss: 31447.62
[INFO 2017-11-17 16:59:17,424 demo.py:73] epoch 522, train loss: 17307.29, average train loss: 18176.43, base loss: 31448.05
[INFO 2017-11-17 16:59:17,631 demo.py:73] epoch 523, train loss: 16132.25, average train loss: 18159.39, base loss: 31433.68
[INFO 2017-11-17 16:59:17,837 demo.py:73] epoch 524, train loss: 19001.38, average train loss: 18154.99, base loss: 31417.74
[INFO 2017-11-17 16:59:18,043 demo.py:73] epoch 525, train loss: 19312.59, average train loss: 18168.89, base loss: 31423.98
[INFO 2017-11-17 16:59:18,253 demo.py:73] epoch 526, train loss: 18296.21, average train loss: 18174.62, base loss: 31415.66
[INFO 2017-11-17 16:59:18,459 demo.py:73] epoch 527, train loss: 18561.87, average train loss: 18179.89, base loss: 31424.18
[INFO 2017-11-17 16:59:18,666 demo.py:73] epoch 528, train loss: 17499.04, average train loss: 18186.23, base loss: 31428.91
[INFO 2017-11-17 16:59:18,872 demo.py:73] epoch 529, train loss: 19214.22, average train loss: 18178.66, base loss: 31413.05
[INFO 2017-11-17 16:59:19,079 demo.py:73] epoch 530, train loss: 20040.43, average train loss: 18181.17, base loss: 31420.74
[INFO 2017-11-17 16:59:19,287 demo.py:73] epoch 531, train loss: 17279.85, average train loss: 18169.94, base loss: 31427.04
[INFO 2017-11-17 16:59:19,494 demo.py:73] epoch 532, train loss: 17156.15, average train loss: 18151.81, base loss: 31426.31
[INFO 2017-11-17 16:59:19,701 demo.py:73] epoch 533, train loss: 18958.84, average train loss: 18162.94, base loss: 31421.69
[INFO 2017-11-17 16:59:19,908 demo.py:73] epoch 534, train loss: 17317.51, average train loss: 18157.83, base loss: 31404.37
[INFO 2017-11-17 16:59:20,116 demo.py:73] epoch 535, train loss: 16961.15, average train loss: 18139.45, base loss: 31410.66
[INFO 2017-11-17 16:59:20,326 demo.py:73] epoch 536, train loss: 17751.59, average train loss: 18153.20, base loss: 31412.51
[INFO 2017-11-17 16:59:20,536 demo.py:73] epoch 537, train loss: 18200.59, average train loss: 18150.56, base loss: 31413.55
[INFO 2017-11-17 16:59:20,747 demo.py:73] epoch 538, train loss: 18472.60, average train loss: 18141.48, base loss: 31404.88
[INFO 2017-11-17 16:59:20,957 demo.py:73] epoch 539, train loss: 18755.47, average train loss: 18155.75, base loss: 31396.05
[INFO 2017-11-17 16:59:21,167 demo.py:73] epoch 540, train loss: 18475.48, average train loss: 18147.55, base loss: 31394.13
[INFO 2017-11-17 16:59:21,378 demo.py:73] epoch 541, train loss: 17223.53, average train loss: 18160.07, base loss: 31392.35
[INFO 2017-11-17 16:59:21,589 demo.py:73] epoch 542, train loss: 18607.07, average train loss: 18161.48, base loss: 31399.86
[INFO 2017-11-17 16:59:21,800 demo.py:73] epoch 543, train loss: 17895.34, average train loss: 18155.19, base loss: 31395.50
[INFO 2017-11-17 16:59:22,010 demo.py:73] epoch 544, train loss: 17862.88, average train loss: 18161.52, base loss: 31403.58
[INFO 2017-11-17 16:59:22,220 demo.py:73] epoch 545, train loss: 16834.94, average train loss: 18150.95, base loss: 31403.19
[INFO 2017-11-17 16:59:22,431 demo.py:73] epoch 546, train loss: 16247.22, average train loss: 18137.56, base loss: 31412.09
[INFO 2017-11-17 16:59:22,643 demo.py:73] epoch 547, train loss: 18257.43, average train loss: 18134.24, base loss: 31408.10
[INFO 2017-11-17 16:59:22,854 demo.py:73] epoch 548, train loss: 16929.18, average train loss: 18110.63, base loss: 31393.01
[INFO 2017-11-17 16:59:23,064 demo.py:73] epoch 549, train loss: 19884.43, average train loss: 18121.43, base loss: 31403.38
[INFO 2017-11-17 16:59:23,274 demo.py:73] epoch 550, train loss: 19837.48, average train loss: 18145.42, base loss: 31394.38
[INFO 2017-11-17 16:59:23,484 demo.py:73] epoch 551, train loss: 18086.00, average train loss: 18147.44, base loss: 31401.45
[INFO 2017-11-17 16:59:23,695 demo.py:73] epoch 552, train loss: 19338.11, average train loss: 18157.29, base loss: 31404.52
[INFO 2017-11-17 16:59:23,905 demo.py:73] epoch 553, train loss: 20614.68, average train loss: 18191.75, base loss: 31419.28
[INFO 2017-11-17 16:59:24,117 demo.py:73] epoch 554, train loss: 17151.61, average train loss: 18188.53, base loss: 31413.92
[INFO 2017-11-17 16:59:24,327 demo.py:73] epoch 555, train loss: 17002.35, average train loss: 18187.04, base loss: 31408.75
[INFO 2017-11-17 16:59:24,539 demo.py:73] epoch 556, train loss: 16754.77, average train loss: 18186.42, base loss: 31416.26
[INFO 2017-11-17 16:59:24,749 demo.py:73] epoch 557, train loss: 16198.21, average train loss: 18156.75, base loss: 31406.41
[INFO 2017-11-17 16:59:24,960 demo.py:73] epoch 558, train loss: 19362.53, average train loss: 18159.69, base loss: 31409.59
[INFO 2017-11-17 16:59:25,172 demo.py:73] epoch 559, train loss: 18773.59, average train loss: 18157.03, base loss: 31410.17
[INFO 2017-11-17 16:59:25,383 demo.py:73] epoch 560, train loss: 18473.50, average train loss: 18156.02, base loss: 31408.29
[INFO 2017-11-17 16:59:25,594 demo.py:73] epoch 561, train loss: 19112.27, average train loss: 18155.74, base loss: 31427.14
[INFO 2017-11-17 16:59:25,806 demo.py:73] epoch 562, train loss: 17964.80, average train loss: 18154.37, base loss: 31422.81
[INFO 2017-11-17 16:59:26,018 demo.py:73] epoch 563, train loss: 17838.56, average train loss: 18160.84, base loss: 31442.55
[INFO 2017-11-17 16:59:26,230 demo.py:73] epoch 564, train loss: 16299.68, average train loss: 18131.06, base loss: 31447.15
[INFO 2017-11-17 16:59:26,441 demo.py:73] epoch 565, train loss: 19698.37, average train loss: 18148.62, base loss: 31457.79
[INFO 2017-11-17 16:59:26,653 demo.py:73] epoch 566, train loss: 16540.37, average train loss: 18119.79, base loss: 31438.75
[INFO 2017-11-17 16:59:26,863 demo.py:73] epoch 567, train loss: 16534.13, average train loss: 18110.24, base loss: 31448.05
[INFO 2017-11-17 16:59:27,074 demo.py:73] epoch 568, train loss: 18463.22, average train loss: 18119.67, base loss: 31465.84
[INFO 2017-11-17 16:59:27,284 demo.py:73] epoch 569, train loss: 19465.57, average train loss: 18133.73, base loss: 31464.40
[INFO 2017-11-17 16:59:27,496 demo.py:73] epoch 570, train loss: 18022.74, average train loss: 18138.67, base loss: 31452.71
[INFO 2017-11-17 16:59:27,705 demo.py:73] epoch 571, train loss: 20631.13, average train loss: 18157.52, base loss: 31474.02
[INFO 2017-11-17 16:59:27,916 demo.py:73] epoch 572, train loss: 18448.61, average train loss: 18161.09, base loss: 31483.24
[INFO 2017-11-17 16:59:28,130 demo.py:73] epoch 573, train loss: 16040.36, average train loss: 18132.14, base loss: 31492.17
[INFO 2017-11-17 16:59:28,341 demo.py:73] epoch 574, train loss: 18429.47, average train loss: 18145.11, base loss: 31484.30
[INFO 2017-11-17 16:59:28,551 demo.py:73] epoch 575, train loss: 17248.81, average train loss: 18148.18, base loss: 31504.88
[INFO 2017-11-17 16:59:28,762 demo.py:73] epoch 576, train loss: 15607.56, average train loss: 18125.35, base loss: 31489.46
[INFO 2017-11-17 16:59:28,973 demo.py:73] epoch 577, train loss: 18956.95, average train loss: 18149.88, base loss: 31503.11
[INFO 2017-11-17 16:59:29,184 demo.py:73] epoch 578, train loss: 16632.67, average train loss: 18130.29, base loss: 31490.27
[INFO 2017-11-17 16:59:29,395 demo.py:73] epoch 579, train loss: 18708.36, average train loss: 18132.89, base loss: 31483.13
[INFO 2017-11-17 16:59:29,607 demo.py:73] epoch 580, train loss: 19092.97, average train loss: 18130.65, base loss: 31475.64
[INFO 2017-11-17 16:59:29,817 demo.py:73] epoch 581, train loss: 17782.82, average train loss: 18135.44, base loss: 31469.06
[INFO 2017-11-17 16:59:30,027 demo.py:73] epoch 582, train loss: 18298.89, average train loss: 18138.35, base loss: 31454.89
[INFO 2017-11-17 16:59:30,237 demo.py:73] epoch 583, train loss: 16876.95, average train loss: 18119.49, base loss: 31423.11
[INFO 2017-11-17 16:59:30,447 demo.py:73] epoch 584, train loss: 17987.33, average train loss: 18115.45, base loss: 31413.37
[INFO 2017-11-17 16:59:30,658 demo.py:73] epoch 585, train loss: 19289.07, average train loss: 18131.75, base loss: 31405.34
[INFO 2017-11-17 16:59:30,868 demo.py:73] epoch 586, train loss: 16822.63, average train loss: 18124.91, base loss: 31395.30
[INFO 2017-11-17 16:59:31,078 demo.py:73] epoch 587, train loss: 18508.32, average train loss: 18110.31, base loss: 31410.34
[INFO 2017-11-17 16:59:31,288 demo.py:73] epoch 588, train loss: 17147.06, average train loss: 18098.58, base loss: 31388.04
[INFO 2017-11-17 16:59:31,498 demo.py:73] epoch 589, train loss: 16475.76, average train loss: 18084.34, base loss: 31393.19
[INFO 2017-11-17 16:59:31,708 demo.py:73] epoch 590, train loss: 18809.09, average train loss: 18085.61, base loss: 31391.27
[INFO 2017-11-17 16:59:31,918 demo.py:73] epoch 591, train loss: 17932.57, average train loss: 18087.23, base loss: 31382.09
[INFO 2017-11-17 16:59:32,128 demo.py:73] epoch 592, train loss: 16657.06, average train loss: 18073.57, base loss: 31363.47
[INFO 2017-11-17 16:59:32,339 demo.py:73] epoch 593, train loss: 17606.34, average train loss: 18084.19, base loss: 31354.27
[INFO 2017-11-17 16:59:32,550 demo.py:73] epoch 594, train loss: 18491.77, average train loss: 18084.98, base loss: 31339.50
[INFO 2017-11-17 16:59:32,761 demo.py:73] epoch 595, train loss: 17674.37, average train loss: 18077.60, base loss: 31347.55
[INFO 2017-11-17 16:59:32,973 demo.py:73] epoch 596, train loss: 19365.72, average train loss: 18085.56, base loss: 31345.55
[INFO 2017-11-17 16:59:33,184 demo.py:73] epoch 597, train loss: 18591.77, average train loss: 18084.67, base loss: 31355.00
[INFO 2017-11-17 16:59:33,396 demo.py:73] epoch 598, train loss: 17329.16, average train loss: 18097.09, base loss: 31353.54
[INFO 2017-11-17 16:59:33,607 demo.py:73] epoch 599, train loss: 18207.88, average train loss: 18083.09, base loss: 31363.69
[INFO 2017-11-17 16:59:33,607 demo.py:75] epoch 599, testing
[INFO 2017-11-17 16:59:35,924 demo.py:131] average test loss: 17999.03, base loss: 31316.08
[INFO 2017-11-17 16:59:35,925 demo.py:132] improve_loss: 13317.05, improve_percent: 0.43
[INFO 2017-11-17 16:59:35,925 demo.py:135] average test endpoint error: 1.60
[INFO 2017-11-17 16:59:35,925 base_demo.py:149] model save to ./model.pth
[INFO 2017-11-17 16:59:35,930 base_demo.py:153] current best improved percent: 0.43
[INFO 2017-11-17 16:59:36,141 demo.py:73] epoch 600, train loss: 16771.03, average train loss: 18078.50, base loss: 31394.17
[INFO 2017-11-17 16:59:36,346 demo.py:73] epoch 601, train loss: 18637.53, average train loss: 18070.22, base loss: 31396.19
[INFO 2017-11-17 16:59:36,549 demo.py:73] epoch 602, train loss: 19576.44, average train loss: 18092.08, base loss: 31383.37
[INFO 2017-11-17 16:59:36,754 demo.py:73] epoch 603, train loss: 19011.70, average train loss: 18111.56, base loss: 31409.32
[INFO 2017-11-17 16:59:36,959 demo.py:73] epoch 604, train loss: 17892.47, average train loss: 18080.21, base loss: 31393.92
[INFO 2017-11-17 16:59:37,164 demo.py:73] epoch 605, train loss: 18241.61, average train loss: 18088.61, base loss: 31407.12
[INFO 2017-11-17 16:59:37,369 demo.py:73] epoch 606, train loss: 17744.34, average train loss: 18088.54, base loss: 31400.70
[INFO 2017-11-17 16:59:37,573 demo.py:73] epoch 607, train loss: 18506.36, average train loss: 18082.04, base loss: 31405.19
[INFO 2017-11-17 16:59:37,777 demo.py:73] epoch 608, train loss: 17198.58, average train loss: 18075.65, base loss: 31403.24
[INFO 2017-11-17 16:59:37,981 demo.py:73] epoch 609, train loss: 19445.92, average train loss: 18079.71, base loss: 31413.72
[INFO 2017-11-17 16:59:38,186 demo.py:73] epoch 610, train loss: 19182.38, average train loss: 18100.77, base loss: 31414.05
[INFO 2017-11-17 16:59:38,389 demo.py:73] epoch 611, train loss: 19827.09, average train loss: 18119.72, base loss: 31419.20
[INFO 2017-11-17 16:59:38,593 demo.py:73] epoch 612, train loss: 17301.21, average train loss: 18103.75, base loss: 31412.93
[INFO 2017-11-17 16:59:38,796 demo.py:73] epoch 613, train loss: 18051.41, average train loss: 18105.11, base loss: 31407.72
[INFO 2017-11-17 16:59:39,000 demo.py:73] epoch 614, train loss: 17997.86, average train loss: 18100.80, base loss: 31413.25
[INFO 2017-11-17 16:59:39,203 demo.py:73] epoch 615, train loss: 18327.53, average train loss: 18099.07, base loss: 31421.72
[INFO 2017-11-17 16:59:39,407 demo.py:73] epoch 616, train loss: 16210.03, average train loss: 18064.88, base loss: 31407.80
[INFO 2017-11-17 16:59:39,612 demo.py:73] epoch 617, train loss: 17853.96, average train loss: 18056.33, base loss: 31407.93
[INFO 2017-11-17 16:59:39,817 demo.py:73] epoch 618, train loss: 18842.43, average train loss: 18051.41, base loss: 31404.23
[INFO 2017-11-17 16:59:40,022 demo.py:73] epoch 619, train loss: 16709.81, average train loss: 18051.31, base loss: 31406.26
[INFO 2017-11-17 16:59:40,227 demo.py:73] epoch 620, train loss: 17362.61, average train loss: 18043.11, base loss: 31399.15
[INFO 2017-11-17 16:59:40,432 demo.py:73] epoch 621, train loss: 14981.26, average train loss: 18012.94, base loss: 31397.70
[INFO 2017-11-17 16:59:40,637 demo.py:73] epoch 622, train loss: 17263.54, average train loss: 18012.50, base loss: 31393.50
[INFO 2017-11-17 16:59:40,843 demo.py:73] epoch 623, train loss: 15809.00, average train loss: 18009.27, base loss: 31393.19
[INFO 2017-11-17 16:59:41,047 demo.py:73] epoch 624, train loss: 18746.00, average train loss: 18006.72, base loss: 31385.68
[INFO 2017-11-17 16:59:41,252 demo.py:73] epoch 625, train loss: 17772.11, average train loss: 17991.31, base loss: 31389.11
[INFO 2017-11-17 16:59:41,458 demo.py:73] epoch 626, train loss: 19249.34, average train loss: 18000.84, base loss: 31400.34
[INFO 2017-11-17 16:59:41,664 demo.py:73] epoch 627, train loss: 17603.52, average train loss: 17991.26, base loss: 31404.41
[INFO 2017-11-17 16:59:41,870 demo.py:73] epoch 628, train loss: 18040.27, average train loss: 17996.67, base loss: 31399.66
[INFO 2017-11-17 16:59:42,076 demo.py:73] epoch 629, train loss: 18880.52, average train loss: 17993.34, base loss: 31400.45
[INFO 2017-11-17 16:59:42,281 demo.py:73] epoch 630, train loss: 17688.82, average train loss: 17969.82, base loss: 31398.69
[INFO 2017-11-17 16:59:42,488 demo.py:73] epoch 631, train loss: 18014.37, average train loss: 17977.16, base loss: 31392.99
[INFO 2017-11-17 16:59:42,694 demo.py:73] epoch 632, train loss: 18699.01, average train loss: 17992.59, base loss: 31400.30
[INFO 2017-11-17 16:59:42,900 demo.py:73] epoch 633, train loss: 17025.14, average train loss: 17973.26, base loss: 31404.22
[INFO 2017-11-17 16:59:43,107 demo.py:73] epoch 634, train loss: 18199.35, average train loss: 17982.07, base loss: 31421.07
[INFO 2017-11-17 16:59:43,313 demo.py:73] epoch 635, train loss: 19846.41, average train loss: 18010.93, base loss: 31421.25
[INFO 2017-11-17 16:59:43,520 demo.py:73] epoch 636, train loss: 16302.95, average train loss: 17996.44, base loss: 31426.49
[INFO 2017-11-17 16:59:43,726 demo.py:73] epoch 637, train loss: 18063.92, average train loss: 17995.07, base loss: 31421.57
[INFO 2017-11-17 16:59:43,933 demo.py:73] epoch 638, train loss: 16774.76, average train loss: 17978.10, base loss: 31418.49
[INFO 2017-11-17 16:59:44,141 demo.py:73] epoch 639, train loss: 18091.20, average train loss: 17971.45, base loss: 31440.75
[INFO 2017-11-17 16:59:44,351 demo.py:73] epoch 640, train loss: 17921.79, average train loss: 17965.92, base loss: 31440.60
[INFO 2017-11-17 16:59:44,562 demo.py:73] epoch 641, train loss: 17563.26, average train loss: 17969.31, base loss: 31455.28
