[INFO 2017-11-13 19:59:59,024 demo.py:220] Namespace(augment_reverse=False, batch_size=64, bg_move=True, bg_noise=0.5, data='box', diff_div_thresh=1.25, display=False, display_all=False, fg_noise=0.1, fixed_data=False, image_channel=3, image_size=32, init_model_path='', learning_rate=0.001, max_diff_thresh=0.1, min_diff_thresh=0.01, motion_range=2, motion_type='affine', num_frame=3, num_objects=1, rand_noise=0, save_dir='./', save_display=False, save_display_dir='./', save_interval=100, seed=111, test=False, test_all=False, test_epoch=20, test_gt=False, test_interval=200, train=True, train_epoch=2000)
[INFO 2017-11-13 20:00:01,252 demo.py:78] epoch 0, train loss: 20257.86, average train loss: 20257.86, base loss: 16828.54
[INFO 2017-11-13 20:00:01,670 demo.py:78] epoch 1, train loss: 19700.35, average train loss: 19979.11, base loss: 16861.33
[INFO 2017-11-13 20:00:02,086 demo.py:78] epoch 2, train loss: 19118.94, average train loss: 19692.38, base loss: 17019.52
[INFO 2017-11-13 20:00:02,502 demo.py:78] epoch 3, train loss: 19118.46, average train loss: 19548.90, base loss: 17136.04
[INFO 2017-11-13 20:00:02,922 demo.py:78] epoch 4, train loss: 18514.26, average train loss: 19341.97, base loss: 17179.94
[INFO 2017-11-13 20:00:03,341 demo.py:78] epoch 5, train loss: 18317.42, average train loss: 19171.22, base loss: 17133.19
[INFO 2017-11-13 20:00:03,760 demo.py:78] epoch 6, train loss: 18071.92, average train loss: 19014.17, base loss: 17127.01
[INFO 2017-11-13 20:00:04,179 demo.py:78] epoch 7, train loss: 17620.96, average train loss: 18840.02, base loss: 17136.91
[INFO 2017-11-13 20:00:04,597 demo.py:78] epoch 8, train loss: 17432.50, average train loss: 18683.63, base loss: 17172.08
[INFO 2017-11-13 20:00:05,016 demo.py:78] epoch 9, train loss: 17761.21, average train loss: 18591.39, base loss: 17105.17
[INFO 2017-11-13 20:00:05,435 demo.py:78] epoch 10, train loss: 17151.28, average train loss: 18460.47, base loss: 17113.14
[INFO 2017-11-13 20:00:05,853 demo.py:78] epoch 11, train loss: 16711.88, average train loss: 18314.75, base loss: 17071.44
[INFO 2017-11-13 20:00:06,272 demo.py:78] epoch 12, train loss: 16924.13, average train loss: 18207.78, base loss: 17062.27
[INFO 2017-11-13 20:00:06,689 demo.py:78] epoch 13, train loss: 16218.38, average train loss: 18065.68, base loss: 17061.10
[INFO 2017-11-13 20:00:07,108 demo.py:78] epoch 14, train loss: 16240.37, average train loss: 17943.99, base loss: 17069.83
[INFO 2017-11-13 20:00:07,527 demo.py:78] epoch 15, train loss: 16202.11, average train loss: 17835.13, base loss: 17076.29
[INFO 2017-11-13 20:00:07,950 demo.py:78] epoch 16, train loss: 15960.84, average train loss: 17724.87, base loss: 17117.66
[INFO 2017-11-13 20:00:08,371 demo.py:78] epoch 17, train loss: 15750.36, average train loss: 17615.18, base loss: 17144.59
[INFO 2017-11-13 20:00:08,790 demo.py:78] epoch 18, train loss: 15019.42, average train loss: 17478.56, base loss: 17089.20
[INFO 2017-11-13 20:00:09,208 demo.py:78] epoch 19, train loss: 15491.57, average train loss: 17379.21, base loss: 17109.27
[INFO 2017-11-13 20:00:09,628 demo.py:78] epoch 20, train loss: 14947.35, average train loss: 17263.41, base loss: 17120.68
[INFO 2017-11-13 20:00:10,046 demo.py:78] epoch 21, train loss: 14831.21, average train loss: 17152.85, base loss: 17100.34
[INFO 2017-11-13 20:00:10,465 demo.py:78] epoch 22, train loss: 15070.54, average train loss: 17062.32, base loss: 17122.23
[INFO 2017-11-13 20:00:10,886 demo.py:78] epoch 23, train loss: 14156.88, average train loss: 16941.26, base loss: 17099.92
[INFO 2017-11-13 20:00:11,305 demo.py:78] epoch 24, train loss: 14526.86, average train loss: 16844.68, base loss: 17104.80
[INFO 2017-11-13 20:00:11,723 demo.py:78] epoch 25, train loss: 14884.32, average train loss: 16769.28, base loss: 17108.49
[INFO 2017-11-13 20:00:12,142 demo.py:78] epoch 26, train loss: 14331.73, average train loss: 16679.00, base loss: 17102.07
[INFO 2017-11-13 20:00:12,562 demo.py:78] epoch 27, train loss: 14549.19, average train loss: 16602.94, base loss: 17109.14
[INFO 2017-11-13 20:00:12,981 demo.py:78] epoch 28, train loss: 14243.51, average train loss: 16521.58, base loss: 17110.20
[INFO 2017-11-13 20:00:13,402 demo.py:78] epoch 29, train loss: 14173.31, average train loss: 16443.30, base loss: 17108.45
[INFO 2017-11-13 20:00:13,821 demo.py:78] epoch 30, train loss: 14718.26, average train loss: 16387.66, base loss: 17122.09
[INFO 2017-11-13 20:00:14,238 demo.py:78] epoch 31, train loss: 14544.02, average train loss: 16330.04, base loss: 17141.70
[INFO 2017-11-13 20:00:14,657 demo.py:78] epoch 32, train loss: 14198.46, average train loss: 16265.45, base loss: 17137.51
[INFO 2017-11-13 20:00:15,080 demo.py:78] epoch 33, train loss: 14013.80, average train loss: 16199.23, base loss: 17126.28
[INFO 2017-11-13 20:00:15,499 demo.py:78] epoch 34, train loss: 14104.50, average train loss: 16139.38, base loss: 17118.37
[INFO 2017-11-13 20:00:15,921 demo.py:78] epoch 35, train loss: 14263.39, average train loss: 16087.27, base loss: 17124.49
[INFO 2017-11-13 20:00:16,339 demo.py:78] epoch 36, train loss: 13756.72, average train loss: 16024.28, base loss: 17114.05
[INFO 2017-11-13 20:00:16,759 demo.py:78] epoch 37, train loss: 14151.08, average train loss: 15974.98, base loss: 17114.27
[INFO 2017-11-13 20:00:17,180 demo.py:78] epoch 38, train loss: 14318.96, average train loss: 15932.52, base loss: 17123.03
[INFO 2017-11-13 20:00:17,602 demo.py:78] epoch 39, train loss: 13961.12, average train loss: 15883.24, base loss: 17129.28
[INFO 2017-11-13 20:00:18,022 demo.py:78] epoch 40, train loss: 13531.97, average train loss: 15825.89, base loss: 17112.48
[INFO 2017-11-13 20:00:18,442 demo.py:78] epoch 41, train loss: 13708.96, average train loss: 15775.49, base loss: 17105.61
[INFO 2017-11-13 20:00:18,862 demo.py:78] epoch 42, train loss: 14146.42, average train loss: 15737.60, base loss: 17112.36
[INFO 2017-11-13 20:00:19,282 demo.py:78] epoch 43, train loss: 13878.97, average train loss: 15695.36, base loss: 17108.72
[INFO 2017-11-13 20:00:19,702 demo.py:78] epoch 44, train loss: 13957.97, average train loss: 15656.75, base loss: 17111.77
[INFO 2017-11-13 20:00:20,120 demo.py:78] epoch 45, train loss: 14040.40, average train loss: 15621.61, base loss: 17113.05
[INFO 2017-11-13 20:00:20,540 demo.py:78] epoch 46, train loss: 13193.14, average train loss: 15569.94, base loss: 17098.74
[INFO 2017-11-13 20:00:20,960 demo.py:78] epoch 47, train loss: 13783.34, average train loss: 15532.72, base loss: 17094.87
[INFO 2017-11-13 20:00:21,380 demo.py:78] epoch 48, train loss: 14026.19, average train loss: 15501.98, base loss: 17100.50
[INFO 2017-11-13 20:00:21,802 demo.py:78] epoch 49, train loss: 13693.43, average train loss: 15465.80, base loss: 17098.31
[INFO 2017-11-13 20:00:22,224 demo.py:78] epoch 50, train loss: 14286.34, average train loss: 15442.68, base loss: 17111.24
[INFO 2017-11-13 20:00:22,644 demo.py:78] epoch 51, train loss: 13819.90, average train loss: 15411.47, base loss: 17112.60
[INFO 2017-11-13 20:00:23,063 demo.py:78] epoch 52, train loss: 13940.89, average train loss: 15383.72, base loss: 17117.78
[INFO 2017-11-13 20:00:23,483 demo.py:78] epoch 53, train loss: 14089.78, average train loss: 15359.76, base loss: 17131.54
[INFO 2017-11-13 20:00:23,905 demo.py:78] epoch 54, train loss: 13770.23, average train loss: 15330.86, base loss: 17137.03
[INFO 2017-11-13 20:00:24,327 demo.py:78] epoch 55, train loss: 14076.34, average train loss: 15308.46, base loss: 17153.88
[INFO 2017-11-13 20:00:24,750 demo.py:78] epoch 56, train loss: 13654.03, average train loss: 15279.43, base loss: 17153.94
[INFO 2017-11-13 20:00:25,171 demo.py:78] epoch 57, train loss: 13486.53, average train loss: 15248.52, base loss: 17156.31
[INFO 2017-11-13 20:00:25,590 demo.py:78] epoch 58, train loss: 13275.09, average train loss: 15215.07, base loss: 17146.11
[INFO 2017-11-13 20:00:26,012 demo.py:78] epoch 59, train loss: 14177.79, average train loss: 15197.79, base loss: 17153.62
[INFO 2017-11-13 20:00:26,436 demo.py:78] epoch 60, train loss: 13501.46, average train loss: 15169.98, base loss: 17149.07
[INFO 2017-11-13 20:00:26,858 demo.py:78] epoch 61, train loss: 13941.93, average train loss: 15150.17, base loss: 17154.10
[INFO 2017-11-13 20:00:27,277 demo.py:78] epoch 62, train loss: 13391.57, average train loss: 15122.26, base loss: 17152.03
[INFO 2017-11-13 20:00:27,695 demo.py:78] epoch 63, train loss: 13659.12, average train loss: 15099.39, base loss: 17149.40
[INFO 2017-11-13 20:00:28,114 demo.py:78] epoch 64, train loss: 13749.41, average train loss: 15078.63, base loss: 17149.63
[INFO 2017-11-13 20:00:28,538 demo.py:78] epoch 65, train loss: 13695.10, average train loss: 15057.66, base loss: 17150.09
[INFO 2017-11-13 20:00:28,962 demo.py:78] epoch 66, train loss: 13729.68, average train loss: 15037.84, base loss: 17150.23
[INFO 2017-11-13 20:00:29,383 demo.py:78] epoch 67, train loss: 12711.95, average train loss: 15003.64, base loss: 17129.13
[INFO 2017-11-13 20:00:29,803 demo.py:78] epoch 68, train loss: 13073.95, average train loss: 14975.67, base loss: 17117.31
[INFO 2017-11-13 20:00:30,223 demo.py:78] epoch 69, train loss: 13691.48, average train loss: 14957.33, base loss: 17119.93
[INFO 2017-11-13 20:00:30,644 demo.py:78] epoch 70, train loss: 13922.49, average train loss: 14942.75, base loss: 17126.25
[INFO 2017-11-13 20:00:31,068 demo.py:78] epoch 71, train loss: 13230.01, average train loss: 14918.96, base loss: 17119.35
[INFO 2017-11-13 20:00:31,491 demo.py:78] epoch 72, train loss: 13444.98, average train loss: 14898.77, base loss: 17122.01
[INFO 2017-11-13 20:00:31,911 demo.py:78] epoch 73, train loss: 13429.70, average train loss: 14878.92, base loss: 17119.35
[INFO 2017-11-13 20:00:32,333 demo.py:78] epoch 74, train loss: 12981.94, average train loss: 14853.63, base loss: 17114.68
[INFO 2017-11-13 20:00:32,752 demo.py:78] epoch 75, train loss: 13653.95, average train loss: 14837.84, base loss: 17115.30
[INFO 2017-11-13 20:00:33,175 demo.py:78] epoch 76, train loss: 13367.19, average train loss: 14818.74, base loss: 17110.24
[INFO 2017-11-13 20:00:33,597 demo.py:78] epoch 77, train loss: 14050.99, average train loss: 14808.90, base loss: 17119.29
[INFO 2017-11-13 20:00:34,019 demo.py:78] epoch 78, train loss: 13373.72, average train loss: 14790.73, base loss: 17113.37
[INFO 2017-11-13 20:00:34,441 demo.py:78] epoch 79, train loss: 13374.19, average train loss: 14773.02, base loss: 17113.64
[INFO 2017-11-13 20:00:34,865 demo.py:78] epoch 80, train loss: 13643.87, average train loss: 14759.08, base loss: 17116.04
[INFO 2017-11-13 20:00:35,288 demo.py:78] epoch 81, train loss: 13629.73, average train loss: 14745.31, base loss: 17124.40
[INFO 2017-11-13 20:00:35,711 demo.py:78] epoch 82, train loss: 13511.78, average train loss: 14730.45, base loss: 17129.41
[INFO 2017-11-13 20:00:36,130 demo.py:78] epoch 83, train loss: 13760.38, average train loss: 14718.90, base loss: 17137.99
[INFO 2017-11-13 20:00:36,551 demo.py:78] epoch 84, train loss: 13432.22, average train loss: 14703.76, base loss: 17136.84
[INFO 2017-11-13 20:00:36,974 demo.py:78] epoch 85, train loss: 13102.78, average train loss: 14685.15, base loss: 17131.17
[INFO 2017-11-13 20:00:37,397 demo.py:78] epoch 86, train loss: 13006.24, average train loss: 14665.85, base loss: 17126.01
[INFO 2017-11-13 20:00:37,818 demo.py:78] epoch 87, train loss: 12953.88, average train loss: 14646.40, base loss: 17123.04
[INFO 2017-11-13 20:00:38,240 demo.py:78] epoch 88, train loss: 13182.08, average train loss: 14629.94, base loss: 17118.73
[INFO 2017-11-13 20:00:38,662 demo.py:78] epoch 89, train loss: 13658.34, average train loss: 14619.15, base loss: 17123.15
[INFO 2017-11-13 20:00:39,086 demo.py:78] epoch 90, train loss: 13408.62, average train loss: 14605.85, base loss: 17127.90
[INFO 2017-11-13 20:00:39,509 demo.py:78] epoch 91, train loss: 12854.92, average train loss: 14586.81, base loss: 17129.59
[INFO 2017-11-13 20:00:39,932 demo.py:78] epoch 92, train loss: 13131.26, average train loss: 14571.16, base loss: 17130.79
[INFO 2017-11-13 20:00:40,353 demo.py:78] epoch 93, train loss: 12981.93, average train loss: 14554.26, base loss: 17126.86
[INFO 2017-11-13 20:00:40,773 demo.py:78] epoch 94, train loss: 13094.21, average train loss: 14538.89, base loss: 17123.46
[INFO 2017-11-13 20:00:41,198 demo.py:78] epoch 95, train loss: 13731.06, average train loss: 14530.47, base loss: 17128.04
[INFO 2017-11-13 20:00:41,623 demo.py:78] epoch 96, train loss: 12684.61, average train loss: 14511.44, base loss: 17122.38
[INFO 2017-11-13 20:00:42,044 demo.py:78] epoch 97, train loss: 12629.06, average train loss: 14492.23, base loss: 17115.48
[INFO 2017-11-13 20:00:42,465 demo.py:78] epoch 98, train loss: 13343.14, average train loss: 14480.63, base loss: 17118.15
[INFO 2017-11-13 20:00:42,889 demo.py:78] epoch 99, train loss: 13172.68, average train loss: 14467.55, base loss: 17119.12
[INFO 2017-11-13 20:00:43,313 demo.py:78] epoch 100, train loss: 13051.79, average train loss: 14395.49, base loss: 17124.07
[INFO 2017-11-13 20:00:43,734 demo.py:78] epoch 101, train loss: 13447.50, average train loss: 14332.96, base loss: 17131.02
[INFO 2017-11-13 20:00:44,157 demo.py:78] epoch 102, train loss: 13028.85, average train loss: 14272.06, base loss: 17131.72
[INFO 2017-11-13 20:00:44,586 demo.py:78] epoch 103, train loss: 13167.60, average train loss: 14212.55, base loss: 17131.67
[INFO 2017-11-13 20:00:45,025 demo.py:78] epoch 104, train loss: 12397.95, average train loss: 14151.39, base loss: 17123.43
[INFO 2017-11-13 20:00:45,467 demo.py:78] epoch 105, train loss: 13011.32, average train loss: 14098.33, base loss: 17129.00
[INFO 2017-11-13 20:00:45,908 demo.py:78] epoch 106, train loss: 13375.29, average train loss: 14051.36, base loss: 17130.17
[INFO 2017-11-13 20:00:46,350 demo.py:78] epoch 107, train loss: 12754.67, average train loss: 14002.70, base loss: 17133.36
[INFO 2017-11-13 20:00:46,793 demo.py:78] epoch 108, train loss: 13114.95, average train loss: 13959.52, base loss: 17132.49
[INFO 2017-11-13 20:00:47,235 demo.py:78] epoch 109, train loss: 12857.91, average train loss: 13910.49, base loss: 17136.52
[INFO 2017-11-13 20:00:47,677 demo.py:78] epoch 110, train loss: 12503.69, average train loss: 13864.01, base loss: 17135.35
[INFO 2017-11-13 20:00:48,119 demo.py:78] epoch 111, train loss: 12977.40, average train loss: 13826.67, base loss: 17144.19
[INFO 2017-11-13 20:00:48,562 demo.py:78] epoch 112, train loss: 13067.12, average train loss: 13788.10, base loss: 17148.25
[INFO 2017-11-13 20:00:49,003 demo.py:78] epoch 113, train loss: 13068.33, average train loss: 13756.60, base loss: 17154.35
[INFO 2017-11-13 20:00:49,446 demo.py:78] epoch 114, train loss: 12626.35, average train loss: 13720.46, base loss: 17156.66
[INFO 2017-11-13 20:00:49,889 demo.py:78] epoch 115, train loss: 12655.24, average train loss: 13684.99, base loss: 17156.79
[INFO 2017-11-13 20:00:50,337 demo.py:78] epoch 116, train loss: 12055.74, average train loss: 13645.94, base loss: 17147.42
[INFO 2017-11-13 20:00:50,784 demo.py:78] epoch 117, train loss: 12546.26, average train loss: 13613.90, base loss: 17140.89
[INFO 2017-11-13 20:00:51,231 demo.py:78] epoch 118, train loss: 12394.65, average train loss: 13587.65, base loss: 17152.22
[INFO 2017-11-13 20:00:51,678 demo.py:78] epoch 119, train loss: 12076.42, average train loss: 13553.50, base loss: 17148.59
[INFO 2017-11-13 20:00:52,127 demo.py:78] epoch 120, train loss: 12599.95, average train loss: 13530.02, base loss: 17148.70
[INFO 2017-11-13 20:00:52,574 demo.py:78] epoch 121, train loss: 12675.27, average train loss: 13508.46, base loss: 17157.11
[INFO 2017-11-13 20:00:53,021 demo.py:78] epoch 122, train loss: 12177.92, average train loss: 13479.54, base loss: 17142.28
[INFO 2017-11-13 20:00:53,469 demo.py:78] epoch 123, train loss: 12714.40, average train loss: 13465.11, base loss: 17153.05
[INFO 2017-11-13 20:00:53,917 demo.py:78] epoch 124, train loss: 12343.68, average train loss: 13443.28, base loss: 17151.34
[INFO 2017-11-13 20:00:54,363 demo.py:78] epoch 125, train loss: 12509.75, average train loss: 13419.53, base loss: 17150.40
[INFO 2017-11-13 20:00:54,811 demo.py:78] epoch 126, train loss: 12719.69, average train loss: 13403.41, base loss: 17154.49
[INFO 2017-11-13 20:00:55,259 demo.py:78] epoch 127, train loss: 12883.60, average train loss: 13386.76, base loss: 17157.36
[INFO 2017-11-13 20:00:55,707 demo.py:78] epoch 128, train loss: 12511.91, average train loss: 13369.44, base loss: 17158.75
[INFO 2017-11-13 20:00:56,154 demo.py:78] epoch 129, train loss: 12666.82, average train loss: 13354.38, base loss: 17165.22
[INFO 2017-11-13 20:00:56,602 demo.py:78] epoch 130, train loss: 12592.80, average train loss: 13333.12, base loss: 17160.43
[INFO 2017-11-13 20:00:57,049 demo.py:78] epoch 131, train loss: 12049.28, average train loss: 13308.17, base loss: 17152.83
[INFO 2017-11-13 20:00:57,496 demo.py:78] epoch 132, train loss: 12218.44, average train loss: 13288.37, base loss: 17156.99
[INFO 2017-11-13 20:00:57,948 demo.py:78] epoch 133, train loss: 12084.19, average train loss: 13269.08, base loss: 17154.95
[INFO 2017-11-13 20:00:58,401 demo.py:78] epoch 134, train loss: 12385.90, average train loss: 13251.89, base loss: 17161.02
[INFO 2017-11-13 20:00:58,861 demo.py:78] epoch 135, train loss: 11957.18, average train loss: 13228.83, base loss: 17155.21
[INFO 2017-11-13 20:00:59,325 demo.py:78] epoch 136, train loss: 11619.36, average train loss: 13207.46, base loss: 17152.96
[INFO 2017-11-13 20:00:59,790 demo.py:78] epoch 137, train loss: 12361.10, average train loss: 13189.56, base loss: 17155.38
[INFO 2017-11-13 20:01:00,255 demo.py:78] epoch 138, train loss: 12185.00, average train loss: 13168.22, base loss: 17152.44
[INFO 2017-11-13 20:01:00,720 demo.py:78] epoch 139, train loss: 11600.25, average train loss: 13144.61, base loss: 17147.51
[INFO 2017-11-13 20:01:01,185 demo.py:78] epoch 140, train loss: 11710.22, average train loss: 13126.39, base loss: 17147.39
[INFO 2017-11-13 20:01:01,651 demo.py:78] epoch 141, train loss: 11798.19, average train loss: 13107.28, base loss: 17153.77
[INFO 2017-11-13 20:01:02,122 demo.py:78] epoch 142, train loss: 11659.54, average train loss: 13082.41, base loss: 17151.70
[INFO 2017-11-13 20:01:02,591 demo.py:78] epoch 143, train loss: 11931.88, average train loss: 13062.94, base loss: 17154.86
[INFO 2017-11-13 20:01:03,062 demo.py:78] epoch 144, train loss: 11922.75, average train loss: 13042.59, base loss: 17158.31
[INFO 2017-11-13 20:01:03,531 demo.py:78] epoch 145, train loss: 12002.06, average train loss: 13022.21, base loss: 17156.64
[INFO 2017-11-13 20:01:04,001 demo.py:78] epoch 146, train loss: 12453.92, average train loss: 13014.82, base loss: 17171.32
[INFO 2017-11-13 20:01:04,471 demo.py:78] epoch 147, train loss: 11425.00, average train loss: 12991.23, base loss: 17166.81
[INFO 2017-11-13 20:01:04,943 demo.py:78] epoch 148, train loss: 12110.36, average train loss: 12972.07, base loss: 17172.09
[INFO 2017-11-13 20:01:05,413 demo.py:78] epoch 149, train loss: 12179.26, average train loss: 12956.93, base loss: 17170.37
[INFO 2017-11-13 20:01:05,882 demo.py:78] epoch 150, train loss: 11394.33, average train loss: 12928.01, base loss: 17156.02
[INFO 2017-11-13 20:01:06,353 demo.py:78] epoch 151, train loss: 12004.29, average train loss: 12909.86, base loss: 17151.34
[INFO 2017-11-13 20:01:06,822 demo.py:78] epoch 152, train loss: 11762.83, average train loss: 12888.08, base loss: 17149.59
[INFO 2017-11-13 20:01:07,293 demo.py:78] epoch 153, train loss: 11801.38, average train loss: 12865.19, base loss: 17141.44
[INFO 2017-11-13 20:01:07,763 demo.py:78] epoch 154, train loss: 11746.60, average train loss: 12844.96, base loss: 17131.04
[INFO 2017-11-13 20:01:08,234 demo.py:78] epoch 155, train loss: 11703.47, average train loss: 12821.23, base loss: 17124.82
[INFO 2017-11-13 20:01:08,705 demo.py:78] epoch 156, train loss: 11753.97, average train loss: 12802.23, base loss: 17132.06
[INFO 2017-11-13 20:01:09,176 demo.py:78] epoch 157, train loss: 12301.90, average train loss: 12790.38, base loss: 17131.55
[INFO 2017-11-13 20:01:09,646 demo.py:78] epoch 158, train loss: 11931.89, average train loss: 12776.95, base loss: 17140.81
[INFO 2017-11-13 20:01:10,117 demo.py:78] epoch 159, train loss: 12184.38, average train loss: 12757.01, base loss: 17136.13
[INFO 2017-11-13 20:01:10,586 demo.py:78] epoch 160, train loss: 11445.28, average train loss: 12736.45, base loss: 17132.50
[INFO 2017-11-13 20:01:11,057 demo.py:78] epoch 161, train loss: 11546.51, average train loss: 12712.50, base loss: 17130.81
[INFO 2017-11-13 20:01:11,528 demo.py:78] epoch 162, train loss: 11828.69, average train loss: 12696.87, base loss: 17132.60
[INFO 2017-11-13 20:01:11,998 demo.py:78] epoch 163, train loss: 11579.91, average train loss: 12676.08, base loss: 17134.84
[INFO 2017-11-13 20:01:12,469 demo.py:78] epoch 164, train loss: 11649.73, average train loss: 12655.08, base loss: 17129.85
[INFO 2017-11-13 20:01:12,939 demo.py:78] epoch 165, train loss: 11839.48, average train loss: 12636.52, base loss: 17134.71
[INFO 2017-11-13 20:01:13,410 demo.py:78] epoch 166, train loss: 11760.49, average train loss: 12616.83, base loss: 17132.56
[INFO 2017-11-13 20:01:13,881 demo.py:78] epoch 167, train loss: 12350.24, average train loss: 12613.21, base loss: 17152.61
[INFO 2017-11-13 20:01:14,351 demo.py:78] epoch 168, train loss: 11130.42, average train loss: 12593.78, base loss: 17156.06
[INFO 2017-11-13 20:01:14,821 demo.py:78] epoch 169, train loss: 10686.09, average train loss: 12563.73, base loss: 17152.61
[INFO 2017-11-13 20:01:15,291 demo.py:78] epoch 170, train loss: 11193.95, average train loss: 12536.44, base loss: 17148.82
[INFO 2017-11-13 20:01:15,762 demo.py:78] epoch 171, train loss: 11672.24, average train loss: 12520.86, base loss: 17153.00
[INFO 2017-11-13 20:01:16,232 demo.py:78] epoch 172, train loss: 11375.20, average train loss: 12500.16, base loss: 17153.89
[INFO 2017-11-13 20:01:16,703 demo.py:78] epoch 173, train loss: 11948.53, average train loss: 12485.35, base loss: 17157.56
[INFO 2017-11-13 20:01:17,174 demo.py:78] epoch 174, train loss: 11498.67, average train loss: 12470.52, base loss: 17157.33
[INFO 2017-11-13 20:01:17,645 demo.py:78] epoch 175, train loss: 11134.75, average train loss: 12445.33, base loss: 17160.67
[INFO 2017-11-13 20:01:18,116 demo.py:78] epoch 176, train loss: 11073.63, average train loss: 12422.39, base loss: 17169.67
[INFO 2017-11-13 20:01:18,586 demo.py:78] epoch 177, train loss: 11367.39, average train loss: 12395.56, base loss: 17166.99
[INFO 2017-11-13 20:01:19,058 demo.py:78] epoch 178, train loss: 11298.57, average train loss: 12374.81, base loss: 17175.23
[INFO 2017-11-13 20:01:19,535 demo.py:78] epoch 179, train loss: 11159.31, average train loss: 12352.66, base loss: 17170.65
[INFO 2017-11-13 20:01:20,011 demo.py:78] epoch 180, train loss: 11718.17, average train loss: 12333.40, base loss: 17170.17
[INFO 2017-11-13 20:01:20,486 demo.py:78] epoch 181, train loss: 10880.39, average train loss: 12305.91, base loss: 17167.68
[INFO 2017-11-13 20:01:20,965 demo.py:78] epoch 182, train loss: 10918.55, average train loss: 12279.97, base loss: 17159.59
[INFO 2017-11-13 20:01:21,448 demo.py:78] epoch 183, train loss: 11574.08, average train loss: 12258.11, base loss: 17159.49
[INFO 2017-11-13 20:01:21,931 demo.py:78] epoch 184, train loss: 11315.96, average train loss: 12236.95, base loss: 17161.39
[INFO 2017-11-13 20:01:22,415 demo.py:78] epoch 185, train loss: 11093.80, average train loss: 12216.86, base loss: 17165.77
[INFO 2017-11-13 20:01:22,900 demo.py:78] epoch 186, train loss: 10868.90, average train loss: 12195.48, base loss: 17165.58
[INFO 2017-11-13 20:01:23,391 demo.py:78] epoch 187, train loss: 11262.49, average train loss: 12178.57, base loss: 17169.32
[INFO 2017-11-13 20:01:23,888 demo.py:78] epoch 188, train loss: 10790.72, average train loss: 12154.66, base loss: 17169.24
[INFO 2017-11-13 20:01:24,385 demo.py:78] epoch 189, train loss: 11046.20, average train loss: 12128.54, base loss: 17164.58
[INFO 2017-11-13 20:01:24,882 demo.py:78] epoch 190, train loss: 10679.02, average train loss: 12101.24, base loss: 17155.32
[INFO 2017-11-13 20:01:25,380 demo.py:78] epoch 191, train loss: 10776.77, average train loss: 12080.46, base loss: 17150.29
[INFO 2017-11-13 20:01:25,884 demo.py:78] epoch 192, train loss: 11029.33, average train loss: 12059.44, base loss: 17150.60
[INFO 2017-11-13 20:01:26,388 demo.py:78] epoch 193, train loss: 11073.05, average train loss: 12040.35, base loss: 17157.20
[INFO 2017-11-13 20:01:26,890 demo.py:78] epoch 194, train loss: 10691.94, average train loss: 12016.33, base loss: 17162.89
[INFO 2017-11-13 20:01:27,394 demo.py:78] epoch 195, train loss: 10978.42, average train loss: 11988.80, base loss: 17160.78
[INFO 2017-11-13 20:01:27,897 demo.py:78] epoch 196, train loss: 10675.33, average train loss: 11968.71, base loss: 17167.25
[INFO 2017-11-13 20:01:28,400 demo.py:78] epoch 197, train loss: 10880.29, average train loss: 11951.22, base loss: 17176.87
[INFO 2017-11-13 20:01:28,903 demo.py:78] epoch 198, train loss: 10293.96, average train loss: 11920.73, base loss: 17172.23
[INFO 2017-11-13 20:01:29,407 demo.py:78] epoch 199, train loss: 11446.65, average train loss: 11903.47, base loss: 17172.30
[INFO 2017-11-13 20:01:29,407 demo.py:80] epoch 199, testing
[INFO 2017-11-13 20:01:33,956 demo.py:137] average test loss: 18526.23, base loss: 31324.25
[INFO 2017-11-13 20:01:33,956 demo.py:138] improve_loss: 12798.02, improve_percent: 0.41
[INFO 2017-11-13 20:01:33,956 demo.py:141] average test endpoint error: 1.19
[INFO 2017-11-13 20:01:33,956 base_demo.py:145] model save to ./model.pth
[INFO 2017-11-13 20:01:33,967 base_demo.py:149] current best improved percent: 0.41
[INFO 2017-11-13 20:01:34,468 demo.py:78] epoch 200, train loss: 10489.08, average train loss: 11877.84, base loss: 17171.56
[INFO 2017-11-13 20:01:34,970 demo.py:78] epoch 201, train loss: 10844.99, average train loss: 11851.82, base loss: 17176.92
[INFO 2017-11-13 20:01:35,473 demo.py:78] epoch 202, train loss: 10091.13, average train loss: 11822.44, base loss: 17171.24
[INFO 2017-11-13 20:01:35,976 demo.py:78] epoch 203, train loss: 10111.88, average train loss: 11791.88, base loss: 17161.69
[INFO 2017-11-13 20:01:36,479 demo.py:78] epoch 204, train loss: 10789.52, average train loss: 11775.80, base loss: 17173.60
[INFO 2017-11-13 20:01:36,982 demo.py:78] epoch 205, train loss: 10313.52, average train loss: 11748.82, base loss: 17173.90
[INFO 2017-11-13 20:01:37,485 demo.py:78] epoch 206, train loss: 10633.00, average train loss: 11721.40, base loss: 17179.66
[INFO 2017-11-13 20:01:37,988 demo.py:78] epoch 207, train loss: 9975.81, average train loss: 11693.61, base loss: 17171.63
[INFO 2017-11-13 20:01:38,491 demo.py:78] epoch 208, train loss: 10370.56, average train loss: 11666.16, base loss: 17172.94
[INFO 2017-11-13 20:01:38,995 demo.py:78] epoch 209, train loss: 10177.39, average train loss: 11639.36, base loss: 17176.67
[INFO 2017-11-13 20:01:39,498 demo.py:78] epoch 210, train loss: 10228.12, average train loss: 11616.60, base loss: 17184.89
[INFO 2017-11-13 20:01:40,001 demo.py:78] epoch 211, train loss: 9670.36, average train loss: 11583.53, base loss: 17182.39
[INFO 2017-11-13 20:01:40,504 demo.py:78] epoch 212, train loss: 10245.52, average train loss: 11555.32, base loss: 17184.59
[INFO 2017-11-13 20:01:41,008 demo.py:78] epoch 213, train loss: 10275.35, average train loss: 11527.39, base loss: 17182.66
[INFO 2017-11-13 20:01:41,512 demo.py:78] epoch 214, train loss: 9889.29, average train loss: 11500.02, base loss: 17189.21
[INFO 2017-11-13 20:01:42,015 demo.py:78] epoch 215, train loss: 10221.90, average train loss: 11475.68, base loss: 17195.90
[INFO 2017-11-13 20:01:42,518 demo.py:78] epoch 216, train loss: 9709.08, average train loss: 11452.22, base loss: 17202.42
[INFO 2017-11-13 20:01:43,022 demo.py:78] epoch 217, train loss: 10515.68, average train loss: 11431.91, base loss: 17209.25
[INFO 2017-11-13 20:01:43,526 demo.py:78] epoch 218, train loss: 9386.53, average train loss: 11401.83, base loss: 17201.14
[INFO 2017-11-13 20:01:44,030 demo.py:78] epoch 219, train loss: 9670.11, average train loss: 11377.77, base loss: 17202.35
[INFO 2017-11-13 20:01:44,533 demo.py:78] epoch 220, train loss: 9703.06, average train loss: 11348.80, base loss: 17202.16
[INFO 2017-11-13 20:01:45,036 demo.py:78] epoch 221, train loss: 9784.16, average train loss: 11319.89, base loss: 17194.26
[INFO 2017-11-13 20:01:45,539 demo.py:78] epoch 222, train loss: 9892.73, average train loss: 11297.03, base loss: 17204.84
[INFO 2017-11-13 20:01:46,043 demo.py:78] epoch 223, train loss: 9550.40, average train loss: 11265.39, base loss: 17197.82
[INFO 2017-11-13 20:01:46,546 demo.py:78] epoch 224, train loss: 9392.36, average train loss: 11235.88, base loss: 17206.05
[INFO 2017-11-13 20:01:47,050 demo.py:78] epoch 225, train loss: 9638.95, average train loss: 11207.17, base loss: 17205.04
[INFO 2017-11-13 20:01:47,554 demo.py:78] epoch 226, train loss: 9141.08, average train loss: 11171.39, base loss: 17203.63
[INFO 2017-11-13 20:01:48,057 demo.py:78] epoch 227, train loss: 9508.49, average train loss: 11137.64, base loss: 17197.74
[INFO 2017-11-13 20:01:48,561 demo.py:78] epoch 228, train loss: 9377.00, average train loss: 11106.29, base loss: 17202.01
[INFO 2017-11-13 20:01:49,064 demo.py:78] epoch 229, train loss: 9250.46, average train loss: 11072.12, base loss: 17192.45
[INFO 2017-11-13 20:01:49,568 demo.py:78] epoch 230, train loss: 8867.45, average train loss: 11034.87, base loss: 17195.16
[INFO 2017-11-13 20:01:50,071 demo.py:78] epoch 231, train loss: 9505.73, average train loss: 11009.43, base loss: 17201.19
[INFO 2017-11-13 20:01:50,574 demo.py:78] epoch 232, train loss: 9036.80, average train loss: 10977.62, base loss: 17201.91
[INFO 2017-11-13 20:01:51,077 demo.py:78] epoch 233, train loss: 9020.17, average train loss: 10946.98, base loss: 17210.66
[INFO 2017-11-13 20:01:51,588 demo.py:78] epoch 234, train loss: 8689.52, average train loss: 10910.01, base loss: 17202.49
[INFO 2017-11-13 20:01:52,100 demo.py:78] epoch 235, train loss: 9164.83, average train loss: 10882.09, base loss: 17205.97
[INFO 2017-11-13 20:01:52,611 demo.py:78] epoch 236, train loss: 9609.76, average train loss: 10861.99, base loss: 17218.17
[INFO 2017-11-13 20:01:53,123 demo.py:78] epoch 237, train loss: 9163.63, average train loss: 10830.02, base loss: 17215.26
[INFO 2017-11-13 20:01:53,634 demo.py:78] epoch 238, train loss: 8941.06, average train loss: 10797.58, base loss: 17220.14
[INFO 2017-11-13 20:01:54,145 demo.py:78] epoch 239, train loss: 9038.06, average train loss: 10771.96, base loss: 17219.61
[INFO 2017-11-13 20:01:54,656 demo.py:78] epoch 240, train loss: 8865.12, average train loss: 10743.51, base loss: 17225.74
[INFO 2017-11-13 20:01:55,167 demo.py:78] epoch 241, train loss: 8817.67, average train loss: 10713.70, base loss: 17223.38
[INFO 2017-11-13 20:01:55,678 demo.py:78] epoch 242, train loss: 9056.66, average train loss: 10687.67, base loss: 17222.87
[INFO 2017-11-13 20:01:56,190 demo.py:78] epoch 243, train loss: 8785.20, average train loss: 10656.21, base loss: 17218.21
[INFO 2017-11-13 20:01:56,701 demo.py:78] epoch 244, train loss: 9136.19, average train loss: 10628.34, base loss: 17217.39
[INFO 2017-11-13 20:01:57,213 demo.py:78] epoch 245, train loss: 8514.48, average train loss: 10593.47, base loss: 17218.74
[INFO 2017-11-13 20:01:57,724 demo.py:78] epoch 246, train loss: 8891.20, average train loss: 10557.84, base loss: 17214.95
[INFO 2017-11-13 20:01:58,236 demo.py:78] epoch 247, train loss: 8711.23, average train loss: 10530.70, base loss: 17223.21
[INFO 2017-11-13 20:01:58,747 demo.py:78] epoch 248, train loss: 8689.35, average train loss: 10496.49, base loss: 17211.13
[INFO 2017-11-13 20:01:59,259 demo.py:78] epoch 249, train loss: 8745.30, average train loss: 10462.15, base loss: 17208.30
[INFO 2017-11-13 20:01:59,770 demo.py:78] epoch 250, train loss: 8895.71, average train loss: 10437.16, base loss: 17217.89
[INFO 2017-11-13 20:02:00,281 demo.py:78] epoch 251, train loss: 8609.97, average train loss: 10403.22, base loss: 17221.13
[INFO 2017-11-13 20:02:00,793 demo.py:78] epoch 252, train loss: 8604.08, average train loss: 10371.63, base loss: 17217.68
[INFO 2017-11-13 20:02:01,305 demo.py:78] epoch 253, train loss: 8836.81, average train loss: 10341.99, base loss: 17223.23
[INFO 2017-11-13 20:02:01,817 demo.py:78] epoch 254, train loss: 8509.46, average train loss: 10309.62, base loss: 17232.33
[INFO 2017-11-13 20:02:02,329 demo.py:78] epoch 255, train loss: 8828.66, average train loss: 10280.87, base loss: 17228.62
[INFO 2017-11-13 20:02:02,840 demo.py:78] epoch 256, train loss: 8333.46, average train loss: 10246.66, base loss: 17217.19
[INFO 2017-11-13 20:02:03,351 demo.py:78] epoch 257, train loss: 8466.24, average train loss: 10208.31, base loss: 17211.48
[INFO 2017-11-13 20:02:03,862 demo.py:78] epoch 258, train loss: 8643.68, average train loss: 10175.42, base loss: 17205.47
[INFO 2017-11-13 20:02:04,373 demo.py:78] epoch 259, train loss: 8169.71, average train loss: 10135.28, base loss: 17201.08
[INFO 2017-11-13 20:02:04,884 demo.py:78] epoch 260, train loss: 8572.22, average train loss: 10106.55, base loss: 17211.45
[INFO 2017-11-13 20:02:05,395 demo.py:78] epoch 261, train loss: 8526.40, average train loss: 10076.35, base loss: 17209.05
[INFO 2017-11-13 20:02:05,907 demo.py:78] epoch 262, train loss: 8407.49, average train loss: 10042.13, base loss: 17205.17
[INFO 2017-11-13 20:02:06,419 demo.py:78] epoch 263, train loss: 8162.80, average train loss: 10007.96, base loss: 17198.83
[INFO 2017-11-13 20:02:06,930 demo.py:78] epoch 264, train loss: 8526.99, average train loss: 9976.74, base loss: 17206.92
[INFO 2017-11-13 20:02:07,442 demo.py:78] epoch 265, train loss: 8162.67, average train loss: 9939.97, base loss: 17200.08
[INFO 2017-11-13 20:02:07,954 demo.py:78] epoch 266, train loss: 8326.31, average train loss: 9905.63, base loss: 17199.69
[INFO 2017-11-13 20:02:08,465 demo.py:78] epoch 267, train loss: 8899.34, average train loss: 9871.12, base loss: 17196.29
[INFO 2017-11-13 20:02:08,977 demo.py:78] epoch 268, train loss: 8846.00, average train loss: 9848.27, base loss: 17203.00
[INFO 2017-11-13 20:02:09,489 demo.py:78] epoch 269, train loss: 8416.18, average train loss: 9825.57, base loss: 17205.00
[INFO 2017-11-13 20:02:10,001 demo.py:78] epoch 270, train loss: 8252.51, average train loss: 9796.16, base loss: 17203.29
[INFO 2017-11-13 20:02:10,512 demo.py:78] epoch 271, train loss: 8828.90, average train loss: 9767.73, base loss: 17207.74
[INFO 2017-11-13 20:02:11,023 demo.py:78] epoch 272, train loss: 8391.34, average train loss: 9737.89, base loss: 17204.66
[INFO 2017-11-13 20:02:11,534 demo.py:78] epoch 273, train loss: 8427.46, average train loss: 9702.68, base loss: 17203.84
[INFO 2017-11-13 20:02:12,046 demo.py:78] epoch 274, train loss: 8299.94, average train loss: 9670.69, base loss: 17208.14
[INFO 2017-11-13 20:02:12,555 demo.py:78] epoch 275, train loss: 9260.84, average train loss: 9651.95, base loss: 17211.17
[INFO 2017-11-13 20:02:13,064 demo.py:78] epoch 276, train loss: 8438.32, average train loss: 9625.60, base loss: 17207.79
[INFO 2017-11-13 20:02:13,573 demo.py:78] epoch 277, train loss: 8518.03, average train loss: 9597.10, base loss: 17211.13
[INFO 2017-11-13 20:02:14,082 demo.py:78] epoch 278, train loss: 8180.68, average train loss: 9565.92, base loss: 17203.24
[INFO 2017-11-13 20:02:14,592 demo.py:78] epoch 279, train loss: 8243.76, average train loss: 9536.77, base loss: 17200.03
[INFO 2017-11-13 20:02:15,103 demo.py:78] epoch 280, train loss: 8634.55, average train loss: 9505.93, base loss: 17207.38
[INFO 2017-11-13 20:02:15,615 demo.py:78] epoch 281, train loss: 7969.43, average train loss: 9476.82, base loss: 17195.29
[INFO 2017-11-13 20:02:16,126 demo.py:78] epoch 282, train loss: 8067.74, average train loss: 9448.32, base loss: 17197.69
[INFO 2017-11-13 20:02:16,638 demo.py:78] epoch 283, train loss: 8660.20, average train loss: 9419.18, base loss: 17190.52
[INFO 2017-11-13 20:02:17,150 demo.py:78] epoch 284, train loss: 8460.29, average train loss: 9390.62, base loss: 17191.10
[INFO 2017-11-13 20:02:17,661 demo.py:78] epoch 285, train loss: 8068.46, average train loss: 9360.37, base loss: 17186.59
[INFO 2017-11-13 20:02:18,172 demo.py:78] epoch 286, train loss: 8518.06, average train loss: 9336.86, base loss: 17191.44
[INFO 2017-11-13 20:02:18,684 demo.py:78] epoch 287, train loss: 8345.98, average train loss: 9307.69, base loss: 17196.65
[INFO 2017-11-13 20:02:19,195 demo.py:78] epoch 288, train loss: 8169.33, average train loss: 9281.48, base loss: 17200.25
[INFO 2017-11-13 20:02:19,712 demo.py:78] epoch 289, train loss: 8413.95, average train loss: 9255.16, base loss: 17207.72
[INFO 2017-11-13 20:02:20,228 demo.py:78] epoch 290, train loss: 8218.58, average train loss: 9230.55, base loss: 17214.82
[INFO 2017-11-13 20:02:20,745 demo.py:78] epoch 291, train loss: 7883.01, average train loss: 9201.61, base loss: 17218.78
[INFO 2017-11-13 20:02:21,261 demo.py:78] epoch 292, train loss: 7934.11, average train loss: 9170.66, base loss: 17216.71
[INFO 2017-11-13 20:02:21,778 demo.py:78] epoch 293, train loss: 8134.40, average train loss: 9141.28, base loss: 17212.39
[INFO 2017-11-13 20:02:22,288 demo.py:78] epoch 294, train loss: 8214.48, average train loss: 9116.50, base loss: 17211.64
[INFO 2017-11-13 20:02:22,800 demo.py:78] epoch 295, train loss: 8065.25, average train loss: 9087.37, base loss: 17210.76
[INFO 2017-11-13 20:02:23,312 demo.py:78] epoch 296, train loss: 8285.33, average train loss: 9063.47, base loss: 17211.90
[INFO 2017-11-13 20:02:23,823 demo.py:78] epoch 297, train loss: 7934.79, average train loss: 9034.01, base loss: 17198.83
[INFO 2017-11-13 20:02:24,335 demo.py:78] epoch 298, train loss: 7777.44, average train loss: 9008.85, base loss: 17197.11
[INFO 2017-11-13 20:02:24,845 demo.py:78] epoch 299, train loss: 7910.90, average train loss: 8973.49, base loss: 17195.90
[INFO 2017-11-13 20:02:25,356 demo.py:78] epoch 300, train loss: 8341.26, average train loss: 8952.01, base loss: 17197.84
[INFO 2017-11-13 20:02:25,867 demo.py:78] epoch 301, train loss: 8042.05, average train loss: 8923.98, base loss: 17186.25
[INFO 2017-11-13 20:02:26,378 demo.py:78] epoch 302, train loss: 8631.95, average train loss: 8909.39, base loss: 17196.34
[INFO 2017-11-13 20:02:26,891 demo.py:78] epoch 303, train loss: 8147.89, average train loss: 8889.75, base loss: 17199.01
[INFO 2017-11-13 20:02:27,403 demo.py:78] epoch 304, train loss: 8367.90, average train loss: 8865.54, base loss: 17197.50
[INFO 2017-11-13 20:02:27,914 demo.py:78] epoch 305, train loss: 8280.49, average train loss: 8845.21, base loss: 17198.52
[INFO 2017-11-13 20:02:28,425 demo.py:78] epoch 306, train loss: 7897.80, average train loss: 8817.85, base loss: 17186.93
[INFO 2017-11-13 20:02:28,936 demo.py:78] epoch 307, train loss: 7828.80, average train loss: 8796.38, base loss: 17185.39
[INFO 2017-11-13 20:02:29,445 demo.py:78] epoch 308, train loss: 8216.40, average train loss: 8774.84, base loss: 17182.33
[INFO 2017-11-13 20:02:29,953 demo.py:78] epoch 309, train loss: 8283.41, average train loss: 8755.90, base loss: 17180.34
[INFO 2017-11-13 20:02:30,462 demo.py:78] epoch 310, train loss: 7857.55, average train loss: 8732.20, base loss: 17169.15
[INFO 2017-11-13 20:02:30,974 demo.py:78] epoch 311, train loss: 7967.01, average train loss: 8715.16, base loss: 17167.45
[INFO 2017-11-13 20:02:31,486 demo.py:78] epoch 312, train loss: 7933.88, average train loss: 8692.05, base loss: 17164.91
[INFO 2017-11-13 20:02:31,997 demo.py:78] epoch 313, train loss: 8037.17, average train loss: 8669.66, base loss: 17162.53
[INFO 2017-11-13 20:02:32,508 demo.py:78] epoch 314, train loss: 7781.34, average train loss: 8648.59, base loss: 17151.58
[INFO 2017-11-13 20:02:33,021 demo.py:78] epoch 315, train loss: 7928.82, average train loss: 8625.65, base loss: 17144.34
[INFO 2017-11-13 20:02:33,532 demo.py:78] epoch 316, train loss: 7960.88, average train loss: 8608.17, base loss: 17146.07
[INFO 2017-11-13 20:02:34,043 demo.py:78] epoch 317, train loss: 8006.29, average train loss: 8583.08, base loss: 17145.15
[INFO 2017-11-13 20:02:34,554 demo.py:78] epoch 318, train loss: 7738.81, average train loss: 8566.60, base loss: 17149.49
[INFO 2017-11-13 20:02:35,065 demo.py:78] epoch 319, train loss: 8039.27, average train loss: 8550.29, base loss: 17147.31
[INFO 2017-11-13 20:02:35,576 demo.py:78] epoch 320, train loss: 7732.07, average train loss: 8530.58, base loss: 17143.54
[INFO 2017-11-13 20:02:36,084 demo.py:78] epoch 321, train loss: 8005.65, average train loss: 8512.80, base loss: 17148.31
[INFO 2017-11-13 20:02:36,593 demo.py:78] epoch 322, train loss: 7946.64, average train loss: 8493.34, base loss: 17147.51
[INFO 2017-11-13 20:02:37,103 demo.py:78] epoch 323, train loss: 7732.67, average train loss: 8475.16, base loss: 17144.01
[INFO 2017-11-13 20:02:37,613 demo.py:78] epoch 324, train loss: 7984.59, average train loss: 8461.08, base loss: 17144.67
[INFO 2017-11-13 20:02:38,125 demo.py:78] epoch 325, train loss: 7746.37, average train loss: 8442.16, base loss: 17145.76
[INFO 2017-11-13 20:02:38,637 demo.py:78] epoch 326, train loss: 8003.44, average train loss: 8430.78, base loss: 17147.82
[INFO 2017-11-13 20:02:39,148 demo.py:78] epoch 327, train loss: 7633.32, average train loss: 8412.03, base loss: 17145.03
[INFO 2017-11-13 20:02:39,660 demo.py:78] epoch 328, train loss: 8203.46, average train loss: 8400.29, base loss: 17142.04
[INFO 2017-11-13 20:02:40,171 demo.py:78] epoch 329, train loss: 7928.24, average train loss: 8387.07, base loss: 17151.19
[INFO 2017-11-13 20:02:40,684 demo.py:78] epoch 330, train loss: 7964.79, average train loss: 8378.04, base loss: 17155.24
[INFO 2017-11-13 20:02:41,195 demo.py:78] epoch 331, train loss: 7698.33, average train loss: 8359.97, base loss: 17147.61
[INFO 2017-11-13 20:02:41,706 demo.py:78] epoch 332, train loss: 7843.55, average train loss: 8348.04, base loss: 17145.69
[INFO 2017-11-13 20:02:42,218 demo.py:78] epoch 333, train loss: 7857.41, average train loss: 8336.41, base loss: 17143.76
[INFO 2017-11-13 20:02:42,729 demo.py:78] epoch 334, train loss: 8094.72, average train loss: 8330.46, base loss: 17152.71
[INFO 2017-11-13 20:02:43,241 demo.py:78] epoch 335, train loss: 7660.55, average train loss: 8315.42, base loss: 17148.79
[INFO 2017-11-13 20:02:43,753 demo.py:78] epoch 336, train loss: 7808.01, average train loss: 8297.40, base loss: 17147.00
[INFO 2017-11-13 20:02:44,265 demo.py:78] epoch 337, train loss: 7459.93, average train loss: 8280.36, base loss: 17138.22
[INFO 2017-11-13 20:02:44,777 demo.py:78] epoch 338, train loss: 7714.88, average train loss: 8268.10, base loss: 17131.85
[INFO 2017-11-13 20:02:45,288 demo.py:78] epoch 339, train loss: 8108.88, average train loss: 8258.81, base loss: 17141.65
[INFO 2017-11-13 20:02:45,800 demo.py:78] epoch 340, train loss: 7975.12, average train loss: 8249.91, base loss: 17145.90
[INFO 2017-11-13 20:02:46,311 demo.py:78] epoch 341, train loss: 7588.82, average train loss: 8237.62, base loss: 17141.17
[INFO 2017-11-13 20:02:46,822 demo.py:78] epoch 342, train loss: 8031.60, average train loss: 8227.37, base loss: 17142.29
[INFO 2017-11-13 20:02:47,333 demo.py:78] epoch 343, train loss: 7868.20, average train loss: 8218.20, base loss: 17149.93
[INFO 2017-11-13 20:02:47,845 demo.py:78] epoch 344, train loss: 8165.41, average train loss: 8208.49, base loss: 17154.80
[INFO 2017-11-13 20:02:48,357 demo.py:78] epoch 345, train loss: 7638.02, average train loss: 8199.73, base loss: 17153.69
[INFO 2017-11-13 20:02:48,869 demo.py:78] epoch 346, train loss: 7686.64, average train loss: 8187.68, base loss: 17152.84
[INFO 2017-11-13 20:02:49,381 demo.py:78] epoch 347, train loss: 7930.77, average train loss: 8179.88, base loss: 17153.64
[INFO 2017-11-13 20:02:49,893 demo.py:78] epoch 348, train loss: 7811.46, average train loss: 8171.10, base loss: 17162.31
[INFO 2017-11-13 20:02:50,404 demo.py:78] epoch 349, train loss: 7433.26, average train loss: 8157.98, base loss: 17162.59
[INFO 2017-11-13 20:02:50,917 demo.py:78] epoch 350, train loss: 7817.95, average train loss: 8147.20, base loss: 17164.48
[INFO 2017-11-13 20:02:51,429 demo.py:78] epoch 351, train loss: 8289.56, average train loss: 8144.00, base loss: 17174.77
[INFO 2017-11-13 20:02:51,941 demo.py:78] epoch 352, train loss: 7858.96, average train loss: 8136.55, base loss: 17178.11
[INFO 2017-11-13 20:02:52,453 demo.py:78] epoch 353, train loss: 7761.37, average train loss: 8125.79, base loss: 17176.33
[INFO 2017-11-13 20:02:52,969 demo.py:78] epoch 354, train loss: 7833.58, average train loss: 8119.03, base loss: 17174.47
[INFO 2017-11-13 20:02:53,485 demo.py:78] epoch 355, train loss: 7727.77, average train loss: 8108.03, base loss: 17177.33
[INFO 2017-11-13 20:02:54,002 demo.py:78] epoch 356, train loss: 8236.74, average train loss: 8107.06, base loss: 17191.51
[INFO 2017-11-13 20:02:54,517 demo.py:78] epoch 357, train loss: 8125.21, average train loss: 8103.65, base loss: 17201.70
[INFO 2017-11-13 20:02:55,029 demo.py:78] epoch 358, train loss: 7654.09, average train loss: 8093.75, base loss: 17206.46
[INFO 2017-11-13 20:02:55,541 demo.py:78] epoch 359, train loss: 7507.77, average train loss: 8087.13, base loss: 17204.40
[INFO 2017-11-13 20:02:56,053 demo.py:78] epoch 360, train loss: 7822.89, average train loss: 8079.64, base loss: 17204.02
[INFO 2017-11-13 20:02:56,565 demo.py:78] epoch 361, train loss: 7473.23, average train loss: 8069.11, base loss: 17199.38
[INFO 2017-11-13 20:02:57,078 demo.py:78] epoch 362, train loss: 7716.28, average train loss: 8062.20, base loss: 17205.28
[INFO 2017-11-13 20:02:57,590 demo.py:78] epoch 363, train loss: 7734.23, average train loss: 8057.91, base loss: 17216.54
[INFO 2017-11-13 20:02:58,102 demo.py:78] epoch 364, train loss: 8128.16, average train loss: 8053.92, base loss: 17216.99
[INFO 2017-11-13 20:02:58,614 demo.py:78] epoch 365, train loss: 7518.04, average train loss: 8047.48, base loss: 17220.71
[INFO 2017-11-13 20:02:59,126 demo.py:78] epoch 366, train loss: 7436.10, average train loss: 8038.57, base loss: 17219.13
[INFO 2017-11-13 20:02:59,638 demo.py:78] epoch 367, train loss: 7868.21, average train loss: 8028.26, base loss: 17223.84
[INFO 2017-11-13 20:03:00,150 demo.py:78] epoch 368, train loss: 7635.99, average train loss: 8016.16, base loss: 17222.52
[INFO 2017-11-13 20:03:00,661 demo.py:78] epoch 369, train loss: 7650.41, average train loss: 8008.50, base loss: 17224.08
[INFO 2017-11-13 20:03:01,173 demo.py:78] epoch 370, train loss: 7367.77, average train loss: 7999.66, base loss: 17221.05
[INFO 2017-11-13 20:03:01,685 demo.py:78] epoch 371, train loss: 7693.95, average train loss: 7988.31, base loss: 17219.07
[INFO 2017-11-13 20:03:02,197 demo.py:78] epoch 372, train loss: 7833.86, average train loss: 7982.73, base loss: 17223.54
[INFO 2017-11-13 20:03:02,709 demo.py:78] epoch 373, train loss: 7448.04, average train loss: 7972.94, base loss: 17219.69
[INFO 2017-11-13 20:03:03,220 demo.py:78] epoch 374, train loss: 7707.21, average train loss: 7967.01, base loss: 17215.15
[INFO 2017-11-13 20:03:03,732 demo.py:78] epoch 375, train loss: 7698.80, average train loss: 7951.39, base loss: 17207.96
[INFO 2017-11-13 20:03:04,245 demo.py:78] epoch 376, train loss: 7440.06, average train loss: 7941.41, base loss: 17204.83
[INFO 2017-11-13 20:03:04,756 demo.py:78] epoch 377, train loss: 7428.77, average train loss: 7930.52, base loss: 17189.63
[INFO 2017-11-13 20:03:05,272 demo.py:78] epoch 378, train loss: 7795.62, average train loss: 7926.66, base loss: 17198.75
[INFO 2017-11-13 20:03:05,787 demo.py:78] epoch 379, train loss: 7986.98, average train loss: 7924.10, base loss: 17215.60
[INFO 2017-11-13 20:03:06,298 demo.py:78] epoch 380, train loss: 7592.64, average train loss: 7913.68, base loss: 17204.54
[INFO 2017-11-13 20:03:06,810 demo.py:78] epoch 381, train loss: 7660.01, average train loss: 7910.58, base loss: 17212.28
[INFO 2017-11-13 20:03:07,321 demo.py:78] epoch 382, train loss: 7387.76, average train loss: 7903.78, base loss: 17210.37
[INFO 2017-11-13 20:03:07,833 demo.py:78] epoch 383, train loss: 7498.43, average train loss: 7892.17, base loss: 17212.62
[INFO 2017-11-13 20:03:08,345 demo.py:78] epoch 384, train loss: 7604.26, average train loss: 7883.61, base loss: 17212.40
[INFO 2017-11-13 20:03:08,857 demo.py:78] epoch 385, train loss: 7830.32, average train loss: 7881.22, base loss: 17221.56
[INFO 2017-11-13 20:03:09,369 demo.py:78] epoch 386, train loss: 7517.41, average train loss: 7871.22, base loss: 17221.87
[INFO 2017-11-13 20:03:09,880 demo.py:78] epoch 387, train loss: 7376.91, average train loss: 7861.53, base loss: 17212.40
[INFO 2017-11-13 20:03:10,392 demo.py:78] epoch 388, train loss: 7850.89, average train loss: 7858.34, base loss: 17218.18
[INFO 2017-11-13 20:03:10,904 demo.py:78] epoch 389, train loss: 8026.20, average train loss: 7854.46, base loss: 17214.35
[INFO 2017-11-13 20:03:11,416 demo.py:78] epoch 390, train loss: 7555.31, average train loss: 7847.83, base loss: 17213.46
[INFO 2017-11-13 20:03:11,928 demo.py:78] epoch 391, train loss: 7605.49, average train loss: 7845.06, base loss: 17214.21
[INFO 2017-11-13 20:03:12,440 demo.py:78] epoch 392, train loss: 7568.24, average train loss: 7841.40, base loss: 17213.71
[INFO 2017-11-13 20:03:12,952 demo.py:78] epoch 393, train loss: 7827.10, average train loss: 7838.33, base loss: 17218.75
[INFO 2017-11-13 20:03:13,464 demo.py:78] epoch 394, train loss: 7581.07, average train loss: 7831.99, base loss: 17217.66
[INFO 2017-11-13 20:03:13,976 demo.py:78] epoch 395, train loss: 7676.33, average train loss: 7828.10, base loss: 17219.25
[INFO 2017-11-13 20:03:14,488 demo.py:78] epoch 396, train loss: 7469.30, average train loss: 7819.94, base loss: 17214.39
[INFO 2017-11-13 20:03:14,999 demo.py:78] epoch 397, train loss: 7595.74, average train loss: 7816.55, base loss: 17228.68
[INFO 2017-11-13 20:03:15,510 demo.py:78] epoch 398, train loss: 7338.75, average train loss: 7812.16, base loss: 17231.46
[INFO 2017-11-13 20:03:16,021 demo.py:78] epoch 399, train loss: 7849.06, average train loss: 7811.55, base loss: 17242.15
[INFO 2017-11-13 20:03:16,021 demo.py:80] epoch 399, testing
[INFO 2017-11-13 20:03:20,578 demo.py:137] average test loss: 14205.03, base loss: 31518.46
[INFO 2017-11-13 20:03:20,578 demo.py:138] improve_loss: 17313.43, improve_percent: 0.55
[INFO 2017-11-13 20:03:20,578 demo.py:141] average test endpoint error: 0.83
[INFO 2017-11-13 20:03:20,578 base_demo.py:145] model save to ./model.pth
[INFO 2017-11-13 20:03:20,589 base_demo.py:149] current best improved percent: 0.55
[INFO 2017-11-13 20:03:21,098 demo.py:78] epoch 400, train loss: 7524.60, average train loss: 7803.38, base loss: 17234.77
[INFO 2017-11-13 20:03:21,609 demo.py:78] epoch 401, train loss: 7742.49, average train loss: 7800.38, base loss: 17238.52
[INFO 2017-11-13 20:03:22,122 demo.py:78] epoch 402, train loss: 7576.07, average train loss: 7789.82, base loss: 17234.37
[INFO 2017-11-13 20:03:22,634 demo.py:78] epoch 403, train loss: 7213.08, average train loss: 7780.48, base loss: 17233.48
[INFO 2017-11-13 20:03:23,146 demo.py:78] epoch 404, train loss: 7376.97, average train loss: 7770.57, base loss: 17225.52
[INFO 2017-11-13 20:03:23,659 demo.py:78] epoch 405, train loss: 7748.83, average train loss: 7765.25, base loss: 17228.95
[INFO 2017-11-13 20:03:24,171 demo.py:78] epoch 406, train loss: 7210.47, average train loss: 7758.38, base loss: 17230.25
[INFO 2017-11-13 20:03:24,684 demo.py:78] epoch 407, train loss: 7512.67, average train loss: 7755.22, base loss: 17239.92
[INFO 2017-11-13 20:03:25,196 demo.py:78] epoch 408, train loss: 7322.95, average train loss: 7746.28, base loss: 17236.91
[INFO 2017-11-13 20:03:25,708 demo.py:78] epoch 409, train loss: 7380.73, average train loss: 7737.26, base loss: 17238.85
[INFO 2017-11-13 20:03:26,220 demo.py:78] epoch 410, train loss: 7640.01, average train loss: 7735.08, base loss: 17244.54
[INFO 2017-11-13 20:03:26,732 demo.py:78] epoch 411, train loss: 7322.46, average train loss: 7728.63, base loss: 17240.51
[INFO 2017-11-13 20:03:27,243 demo.py:78] epoch 412, train loss: 7664.15, average train loss: 7725.94, base loss: 17249.31
[INFO 2017-11-13 20:03:27,755 demo.py:78] epoch 413, train loss: 7459.79, average train loss: 7720.16, base loss: 17252.97
[INFO 2017-11-13 20:03:28,267 demo.py:78] epoch 414, train loss: 7522.24, average train loss: 7717.57, base loss: 17257.20
[INFO 2017-11-13 20:03:28,778 demo.py:78] epoch 415, train loss: 7281.17, average train loss: 7711.10, base loss: 17253.73
[INFO 2017-11-13 20:03:29,289 demo.py:78] epoch 416, train loss: 7198.38, average train loss: 7703.47, base loss: 17240.15
[INFO 2017-11-13 20:03:29,800 demo.py:78] epoch 417, train loss: 7632.86, average train loss: 7699.74, base loss: 17240.45
[INFO 2017-11-13 20:03:30,311 demo.py:78] epoch 418, train loss: 7171.71, average train loss: 7694.07, base loss: 17246.68
[INFO 2017-11-13 20:03:30,822 demo.py:78] epoch 419, train loss: 7548.06, average train loss: 7689.15, base loss: 17254.35
[INFO 2017-11-13 20:03:31,334 demo.py:78] epoch 420, train loss: 7359.33, average train loss: 7685.43, base loss: 17254.99
[INFO 2017-11-13 20:03:31,846 demo.py:78] epoch 421, train loss: 7378.55, average train loss: 7679.15, base loss: 17255.21
[INFO 2017-11-13 20:03:32,358 demo.py:78] epoch 422, train loss: 7522.64, average train loss: 7674.91, base loss: 17260.46
[INFO 2017-11-13 20:03:32,869 demo.py:78] epoch 423, train loss: 7626.18, average train loss: 7673.85, base loss: 17270.60
[INFO 2017-11-13 20:03:33,380 demo.py:78] epoch 424, train loss: 7287.87, average train loss: 7666.88, base loss: 17262.83
[INFO 2017-11-13 20:03:33,892 demo.py:78] epoch 425, train loss: 7010.98, average train loss: 7659.53, base loss: 17252.80
[INFO 2017-11-13 20:03:34,405 demo.py:78] epoch 426, train loss: 7511.53, average train loss: 7654.61, base loss: 17258.15
[INFO 2017-11-13 20:03:34,917 demo.py:78] epoch 427, train loss: 7319.59, average train loss: 7651.47, base loss: 17264.49
[INFO 2017-11-13 20:03:35,429 demo.py:78] epoch 428, train loss: 7528.08, average train loss: 7644.72, base loss: 17262.20
[INFO 2017-11-13 20:03:35,940 demo.py:78] epoch 429, train loss: 7386.50, average train loss: 7639.30, base loss: 17262.36
[INFO 2017-11-13 20:03:36,452 demo.py:78] epoch 430, train loss: 6995.53, average train loss: 7629.61, base loss: 17249.35
[INFO 2017-11-13 20:03:36,964 demo.py:78] epoch 431, train loss: 7448.61, average train loss: 7627.11, base loss: 17257.32
[INFO 2017-11-13 20:03:37,475 demo.py:78] epoch 432, train loss: 7148.73, average train loss: 7620.16, base loss: 17254.62
[INFO 2017-11-13 20:03:37,988 demo.py:78] epoch 433, train loss: 7178.74, average train loss: 7613.38, base loss: 17247.43
[INFO 2017-11-13 20:03:38,499 demo.py:78] epoch 434, train loss: 7315.48, average train loss: 7605.58, base loss: 17250.07
[INFO 2017-11-13 20:03:39,011 demo.py:78] epoch 435, train loss: 7639.35, average train loss: 7605.37, base loss: 17259.26
[INFO 2017-11-13 20:03:39,523 demo.py:78] epoch 436, train loss: 7035.77, average train loss: 7597.65, base loss: 17249.60
[INFO 2017-11-13 20:03:40,035 demo.py:78] epoch 437, train loss: 7540.82, average train loss: 7598.46, base loss: 17263.86
[INFO 2017-11-13 20:03:40,546 demo.py:78] epoch 438, train loss: 7512.06, average train loss: 7596.43, base loss: 17265.05
[INFO 2017-11-13 20:03:41,058 demo.py:78] epoch 439, train loss: 7309.57, average train loss: 7588.44, base loss: 17260.29
[INFO 2017-11-13 20:03:41,570 demo.py:78] epoch 440, train loss: 7316.36, average train loss: 7581.85, base loss: 17262.54
[INFO 2017-11-13 20:03:42,082 demo.py:78] epoch 441, train loss: 7516.49, average train loss: 7581.13, base loss: 17274.07
[INFO 2017-11-13 20:03:42,593 demo.py:78] epoch 442, train loss: 7494.38, average train loss: 7575.75, base loss: 17277.66
[INFO 2017-11-13 20:03:43,106 demo.py:78] epoch 443, train loss: 7551.42, average train loss: 7572.59, base loss: 17273.65
[INFO 2017-11-13 20:03:43,618 demo.py:78] epoch 444, train loss: 7635.46, average train loss: 7567.29, base loss: 17272.22
[INFO 2017-11-13 20:03:44,130 demo.py:78] epoch 445, train loss: 7373.45, average train loss: 7564.64, base loss: 17274.44
[INFO 2017-11-13 20:03:44,641 demo.py:78] epoch 446, train loss: 7281.84, average train loss: 7560.59, base loss: 17270.02
[INFO 2017-11-13 20:03:45,154 demo.py:78] epoch 447, train loss: 7589.96, average train loss: 7557.19, base loss: 17276.54
[INFO 2017-11-13 20:03:45,665 demo.py:78] epoch 448, train loss: 7411.19, average train loss: 7553.18, base loss: 17276.93
[INFO 2017-11-13 20:03:46,177 demo.py:78] epoch 449, train loss: 7451.32, average train loss: 7553.36, base loss: 17284.51
[INFO 2017-11-13 20:03:46,688 demo.py:78] epoch 450, train loss: 7174.47, average train loss: 7546.93, base loss: 17275.67
[INFO 2017-11-13 20:03:47,200 demo.py:78] epoch 451, train loss: 7141.84, average train loss: 7535.45, base loss: 17262.70
[INFO 2017-11-13 20:03:47,712 demo.py:78] epoch 452, train loss: 7465.54, average train loss: 7531.52, base loss: 17266.66
[INFO 2017-11-13 20:03:48,223 demo.py:78] epoch 453, train loss: 7501.64, average train loss: 7528.92, base loss: 17270.61
[INFO 2017-11-13 20:03:48,736 demo.py:78] epoch 454, train loss: 7169.45, average train loss: 7522.28, base loss: 17265.24
[INFO 2017-11-13 20:03:49,248 demo.py:78] epoch 455, train loss: 7335.33, average train loss: 7518.35, base loss: 17264.16
[INFO 2017-11-13 20:03:49,760 demo.py:78] epoch 456, train loss: 7146.44, average train loss: 7507.45, base loss: 17248.59
[INFO 2017-11-13 20:03:50,272 demo.py:78] epoch 457, train loss: 7377.23, average train loss: 7499.97, base loss: 17247.27
[INFO 2017-11-13 20:03:50,783 demo.py:78] epoch 458, train loss: 7090.66, average train loss: 7494.34, base loss: 17240.42
[INFO 2017-11-13 20:03:51,295 demo.py:78] epoch 459, train loss: 7095.06, average train loss: 7490.21, base loss: 17242.52
[INFO 2017-11-13 20:03:51,807 demo.py:78] epoch 460, train loss: 7474.04, average train loss: 7486.72, base loss: 17244.76
[INFO 2017-11-13 20:03:52,318 demo.py:78] epoch 461, train loss: 7786.64, average train loss: 7489.86, base loss: 17258.11
[INFO 2017-11-13 20:03:52,830 demo.py:78] epoch 462, train loss: 7641.36, average train loss: 7489.11, base loss: 17263.57
[INFO 2017-11-13 20:03:53,342 demo.py:78] epoch 463, train loss: 7473.14, average train loss: 7486.50, base loss: 17256.49
[INFO 2017-11-13 20:03:53,853 demo.py:78] epoch 464, train loss: 7482.17, average train loss: 7480.04, base loss: 17256.61
[INFO 2017-11-13 20:03:54,365 demo.py:78] epoch 465, train loss: 7264.74, average train loss: 7477.50, base loss: 17254.52
[INFO 2017-11-13 20:03:54,877 demo.py:78] epoch 466, train loss: 7606.12, average train loss: 7479.20, base loss: 17266.13
[INFO 2017-11-13 20:03:55,389 demo.py:78] epoch 467, train loss: 7431.12, average train loss: 7474.83, base loss: 17258.04
[INFO 2017-11-13 20:03:55,900 demo.py:78] epoch 468, train loss: 7545.21, average train loss: 7473.92, base loss: 17259.44
[INFO 2017-11-13 20:03:56,413 demo.py:78] epoch 469, train loss: 7466.91, average train loss: 7472.09, base loss: 17260.60
[INFO 2017-11-13 20:03:56,925 demo.py:78] epoch 470, train loss: 7301.86, average train loss: 7471.43, base loss: 17262.91
[INFO 2017-11-13 20:03:57,438 demo.py:78] epoch 471, train loss: 7488.71, average train loss: 7469.38, base loss: 17264.71
[INFO 2017-11-13 20:03:57,950 demo.py:78] epoch 472, train loss: 7324.25, average train loss: 7464.28, base loss: 17254.13
[INFO 2017-11-13 20:03:58,461 demo.py:78] epoch 473, train loss: 7202.45, average train loss: 7461.83, base loss: 17253.16
[INFO 2017-11-13 20:03:58,973 demo.py:78] epoch 474, train loss: 7435.43, average train loss: 7459.11, base loss: 17260.53
[INFO 2017-11-13 20:03:59,486 demo.py:78] epoch 475, train loss: 7520.52, average train loss: 7457.32, base loss: 17261.14
[INFO 2017-11-13 20:03:59,998 demo.py:78] epoch 476, train loss: 7461.31, average train loss: 7457.54, base loss: 17263.59
[INFO 2017-11-13 20:04:00,511 demo.py:78] epoch 477, train loss: 7433.32, average train loss: 7457.58, base loss: 17275.69
[INFO 2017-11-13 20:04:01,022 demo.py:78] epoch 478, train loss: 7420.97, average train loss: 7453.84, base loss: 17265.60
[INFO 2017-11-13 20:04:01,534 demo.py:78] epoch 479, train loss: 7396.01, average train loss: 7447.93, base loss: 17256.98
[INFO 2017-11-13 20:04:02,046 demo.py:78] epoch 480, train loss: 7230.55, average train loss: 7444.31, base loss: 17252.64
[INFO 2017-11-13 20:04:02,558 demo.py:78] epoch 481, train loss: 7121.89, average train loss: 7438.92, base loss: 17248.90
[INFO 2017-11-13 20:04:03,071 demo.py:78] epoch 482, train loss: 7418.53, average train loss: 7439.23, base loss: 17256.12
[INFO 2017-11-13 20:04:03,582 demo.py:78] epoch 483, train loss: 7314.35, average train loss: 7437.39, base loss: 17251.99
[INFO 2017-11-13 20:04:04,095 demo.py:78] epoch 484, train loss: 7542.30, average train loss: 7436.77, base loss: 17256.34
[INFO 2017-11-13 20:04:04,606 demo.py:78] epoch 485, train loss: 7649.72, average train loss: 7434.97, base loss: 17254.61
[INFO 2017-11-13 20:04:05,119 demo.py:78] epoch 486, train loss: 7149.43, average train loss: 7431.29, base loss: 17252.47
[INFO 2017-11-13 20:04:05,631 demo.py:78] epoch 487, train loss: 7432.38, average train loss: 7431.84, base loss: 17252.80
[INFO 2017-11-13 20:04:06,144 demo.py:78] epoch 488, train loss: 7550.20, average train loss: 7428.83, base loss: 17251.10
[INFO 2017-11-13 20:04:06,656 demo.py:78] epoch 489, train loss: 7249.30, average train loss: 7421.06, base loss: 17245.92
[INFO 2017-11-13 20:04:07,169 demo.py:78] epoch 490, train loss: 7465.62, average train loss: 7420.17, base loss: 17252.38
[INFO 2017-11-13 20:04:07,681 demo.py:78] epoch 491, train loss: 7311.35, average train loss: 7417.23, base loss: 17255.64
[INFO 2017-11-13 20:04:08,193 demo.py:78] epoch 492, train loss: 7297.71, average train loss: 7414.52, base loss: 17257.24
[INFO 2017-11-13 20:04:08,705 demo.py:78] epoch 493, train loss: 7782.35, average train loss: 7414.07, base loss: 17256.37
[INFO 2017-11-13 20:04:09,217 demo.py:78] epoch 494, train loss: 7590.58, average train loss: 7414.17, base loss: 17260.35
[INFO 2017-11-13 20:04:09,730 demo.py:78] epoch 495, train loss: 7229.54, average train loss: 7409.70, base loss: 17257.98
[INFO 2017-11-13 20:04:10,242 demo.py:78] epoch 496, train loss: 7075.01, average train loss: 7405.76, base loss: 17259.55
[INFO 2017-11-13 20:04:10,755 demo.py:78] epoch 497, train loss: 7457.73, average train loss: 7404.38, base loss: 17263.07
[INFO 2017-11-13 20:04:11,267 demo.py:78] epoch 498, train loss: 7341.88, average train loss: 7404.41, base loss: 17264.07
[INFO 2017-11-13 20:04:11,778 demo.py:78] epoch 499, train loss: 7167.94, average train loss: 7397.60, base loss: 17256.12
[INFO 2017-11-13 20:04:12,291 demo.py:78] epoch 500, train loss: 7283.45, average train loss: 7395.19, base loss: 17263.78
[INFO 2017-11-13 20:04:12,803 demo.py:78] epoch 501, train loss: 7047.01, average train loss: 7388.23, base loss: 17262.30
[INFO 2017-11-13 20:04:13,315 demo.py:78] epoch 502, train loss: 7084.69, average train loss: 7383.32, base loss: 17258.87
[INFO 2017-11-13 20:04:13,826 demo.py:78] epoch 503, train loss: 7306.60, average train loss: 7384.25, base loss: 17267.10
[INFO 2017-11-13 20:04:14,338 demo.py:78] epoch 504, train loss: 7294.10, average train loss: 7383.42, base loss: 17268.80
[INFO 2017-11-13 20:04:14,849 demo.py:78] epoch 505, train loss: 7286.12, average train loss: 7378.80, base loss: 17265.67
[INFO 2017-11-13 20:04:15,366 demo.py:78] epoch 506, train loss: 7276.24, average train loss: 7379.46, base loss: 17271.49
[INFO 2017-11-13 20:04:15,883 demo.py:78] epoch 507, train loss: 7276.53, average train loss: 7377.09, base loss: 17273.12
[INFO 2017-11-13 20:04:16,399 demo.py:78] epoch 508, train loss: 7210.33, average train loss: 7375.97, base loss: 17281.37
[INFO 2017-11-13 20:04:16,916 demo.py:78] epoch 509, train loss: 7115.42, average train loss: 7373.31, base loss: 17277.95
[INFO 2017-11-13 20:04:17,432 demo.py:78] epoch 510, train loss: 7114.30, average train loss: 7368.06, base loss: 17274.65
[INFO 2017-11-13 20:04:17,948 demo.py:78] epoch 511, train loss: 7031.85, average train loss: 7365.15, base loss: 17276.89
[INFO 2017-11-13 20:04:18,464 demo.py:78] epoch 512, train loss: 7132.03, average train loss: 7359.83, base loss: 17268.82
[INFO 2017-11-13 20:04:18,977 demo.py:78] epoch 513, train loss: 6819.87, average train loss: 7353.43, base loss: 17258.81
[INFO 2017-11-13 20:04:19,488 demo.py:78] epoch 514, train loss: 6962.22, average train loss: 7347.83, base loss: 17252.22
[INFO 2017-11-13 20:04:20,000 demo.py:78] epoch 515, train loss: 7260.62, average train loss: 7347.62, base loss: 17259.49
[INFO 2017-11-13 20:04:20,513 demo.py:78] epoch 516, train loss: 7290.75, average train loss: 7348.55, base loss: 17271.71
[INFO 2017-11-13 20:04:21,026 demo.py:78] epoch 517, train loss: 6874.58, average train loss: 7340.97, base loss: 17265.39
[INFO 2017-11-13 20:04:21,537 demo.py:78] epoch 518, train loss: 7015.74, average train loss: 7339.41, base loss: 17264.24
[INFO 2017-11-13 20:04:22,049 demo.py:78] epoch 519, train loss: 7226.84, average train loss: 7336.19, base loss: 17261.80
[INFO 2017-11-13 20:04:22,562 demo.py:78] epoch 520, train loss: 7115.74, average train loss: 7333.76, base loss: 17265.71
[INFO 2017-11-13 20:04:23,074 demo.py:78] epoch 521, train loss: 7270.38, average train loss: 7332.68, base loss: 17265.71
[INFO 2017-11-13 20:04:23,587 demo.py:78] epoch 522, train loss: 7309.05, average train loss: 7330.54, base loss: 17262.33
[INFO 2017-11-13 20:04:24,099 demo.py:78] epoch 523, train loss: 6802.55, average train loss: 7322.30, base loss: 17254.04
[INFO 2017-11-13 20:04:24,611 demo.py:78] epoch 524, train loss: 6917.46, average train loss: 7318.60, base loss: 17252.64
[INFO 2017-11-13 20:04:25,123 demo.py:78] epoch 525, train loss: 7058.45, average train loss: 7319.07, base loss: 17268.47
[INFO 2017-11-13 20:04:25,635 demo.py:78] epoch 526, train loss: 7301.76, average train loss: 7316.98, base loss: 17263.37
[INFO 2017-11-13 20:04:26,146 demo.py:78] epoch 527, train loss: 7300.07, average train loss: 7316.78, base loss: 17267.50
[INFO 2017-11-13 20:04:26,658 demo.py:78] epoch 528, train loss: 7206.09, average train loss: 7313.56, base loss: 17266.65
[INFO 2017-11-13 20:04:27,170 demo.py:78] epoch 529, train loss: 6989.63, average train loss: 7309.59, base loss: 17258.65
[INFO 2017-11-13 20:04:27,683 demo.py:78] epoch 530, train loss: 7102.91, average train loss: 7310.67, base loss: 17265.29
[INFO 2017-11-13 20:04:28,195 demo.py:78] epoch 531, train loss: 7050.98, average train loss: 7306.69, base loss: 17264.37
[INFO 2017-11-13 20:04:28,708 demo.py:78] epoch 532, train loss: 7123.66, average train loss: 7306.44, base loss: 17270.84
[INFO 2017-11-13 20:04:29,219 demo.py:78] epoch 533, train loss: 7067.69, average train loss: 7305.33, base loss: 17281.48
[INFO 2017-11-13 20:04:29,731 demo.py:78] epoch 534, train loss: 6946.68, average train loss: 7301.64, base loss: 17275.16
[INFO 2017-11-13 20:04:30,244 demo.py:78] epoch 535, train loss: 6903.65, average train loss: 7294.28, base loss: 17265.42
[INFO 2017-11-13 20:04:30,757 demo.py:78] epoch 536, train loss: 6910.44, average train loss: 7293.03, base loss: 17260.91
[INFO 2017-11-13 20:04:31,269 demo.py:78] epoch 537, train loss: 7169.26, average train loss: 7289.32, base loss: 17257.93
[INFO 2017-11-13 20:04:31,781 demo.py:78] epoch 538, train loss: 7172.73, average train loss: 7285.92, base loss: 17261.37
[INFO 2017-11-13 20:04:32,293 demo.py:78] epoch 539, train loss: 6918.70, average train loss: 7282.01, base loss: 17263.71
[INFO 2017-11-13 20:04:32,806 demo.py:78] epoch 540, train loss: 7280.99, average train loss: 7281.66, base loss: 17266.28
[INFO 2017-11-13 20:04:33,317 demo.py:78] epoch 541, train loss: 6843.63, average train loss: 7274.93, base loss: 17258.44
[INFO 2017-11-13 20:04:33,829 demo.py:78] epoch 542, train loss: 7066.98, average train loss: 7270.66, base loss: 17252.97
[INFO 2017-11-13 20:04:34,341 demo.py:78] epoch 543, train loss: 6899.01, average train loss: 7264.13, base loss: 17249.00
[INFO 2017-11-13 20:04:34,854 demo.py:78] epoch 544, train loss: 7036.62, average train loss: 7258.14, base loss: 17243.81
[INFO 2017-11-13 20:04:35,367 demo.py:78] epoch 545, train loss: 7047.56, average train loss: 7254.89, base loss: 17245.71
[INFO 2017-11-13 20:04:35,877 demo.py:78] epoch 546, train loss: 6899.43, average train loss: 7251.06, base loss: 17248.01
[INFO 2017-11-13 20:04:36,387 demo.py:78] epoch 547, train loss: 7091.37, average train loss: 7246.08, base loss: 17246.04
[INFO 2017-11-13 20:04:36,898 demo.py:78] epoch 548, train loss: 7111.62, average train loss: 7243.08, base loss: 17248.10
[INFO 2017-11-13 20:04:37,409 demo.py:78] epoch 549, train loss: 7084.44, average train loss: 7239.41, base loss: 17252.97
[INFO 2017-11-13 20:04:37,920 demo.py:78] epoch 550, train loss: 7033.08, average train loss: 7238.00, base loss: 17259.96
[INFO 2017-11-13 20:04:38,429 demo.py:78] epoch 551, train loss: 6942.96, average train loss: 7236.01, base loss: 17266.41
[INFO 2017-11-13 20:04:38,942 demo.py:78] epoch 552, train loss: 6803.20, average train loss: 7229.39, base loss: 17257.82
[INFO 2017-11-13 20:04:39,452 demo.py:78] epoch 553, train loss: 6991.29, average train loss: 7224.28, base loss: 17252.31
[INFO 2017-11-13 20:04:39,962 demo.py:78] epoch 554, train loss: 6891.37, average train loss: 7221.50, base loss: 17256.56
[INFO 2017-11-13 20:04:40,473 demo.py:78] epoch 555, train loss: 7036.34, average train loss: 7218.51, base loss: 17261.96
[INFO 2017-11-13 20:04:40,986 demo.py:78] epoch 556, train loss: 7095.61, average train loss: 7218.00, base loss: 17271.08
[INFO 2017-11-13 20:04:41,500 demo.py:78] epoch 557, train loss: 7342.95, average train loss: 7217.66, base loss: 17276.44
[INFO 2017-11-13 20:04:42,013 demo.py:78] epoch 558, train loss: 7094.07, average train loss: 7217.69, base loss: 17282.89
[INFO 2017-11-13 20:04:42,526 demo.py:78] epoch 559, train loss: 6785.80, average train loss: 7214.60, base loss: 17284.67
[INFO 2017-11-13 20:04:43,038 demo.py:78] epoch 560, train loss: 6911.01, average train loss: 7208.97, base loss: 17275.69
[INFO 2017-11-13 20:04:43,552 demo.py:78] epoch 561, train loss: 6760.35, average train loss: 7198.71, base loss: 17266.79
[INFO 2017-11-13 20:04:44,065 demo.py:78] epoch 562, train loss: 7071.40, average train loss: 7193.01, base loss: 17259.21
[INFO 2017-11-13 20:04:44,579 demo.py:78] epoch 563, train loss: 7474.31, average train loss: 7193.02, base loss: 17261.54
[INFO 2017-11-13 20:04:45,093 demo.py:78] epoch 564, train loss: 7034.30, average train loss: 7188.54, base loss: 17259.86
[INFO 2017-11-13 20:04:45,605 demo.py:78] epoch 565, train loss: 6978.68, average train loss: 7185.68, base loss: 17261.65
[INFO 2017-11-13 20:04:46,119 demo.py:78] epoch 566, train loss: 6967.80, average train loss: 7179.30, base loss: 17249.55
[INFO 2017-11-13 20:04:46,633 demo.py:78] epoch 567, train loss: 6993.26, average train loss: 7174.92, base loss: 17256.09
[INFO 2017-11-13 20:04:47,145 demo.py:78] epoch 568, train loss: 6868.13, average train loss: 7168.15, base loss: 17255.53
[INFO 2017-11-13 20:04:47,658 demo.py:78] epoch 569, train loss: 6894.70, average train loss: 7162.43, base loss: 17248.98
[INFO 2017-11-13 20:04:48,172 demo.py:78] epoch 570, train loss: 7255.79, average train loss: 7161.97, base loss: 17253.61
[INFO 2017-11-13 20:04:48,685 demo.py:78] epoch 571, train loss: 6614.30, average train loss: 7153.22, base loss: 17242.94
[INFO 2017-11-13 20:04:49,198 demo.py:78] epoch 572, train loss: 7094.58, average train loss: 7150.92, base loss: 17249.92
[INFO 2017-11-13 20:04:49,710 demo.py:78] epoch 573, train loss: 6987.23, average train loss: 7148.77, base loss: 17256.73
[INFO 2017-11-13 20:04:50,223 demo.py:78] epoch 574, train loss: 7050.92, average train loss: 7144.93, base loss: 17255.70
[INFO 2017-11-13 20:04:50,736 demo.py:78] epoch 575, train loss: 6920.43, average train loss: 7138.93, base loss: 17256.40
[INFO 2017-11-13 20:04:51,249 demo.py:78] epoch 576, train loss: 6669.10, average train loss: 7131.00, base loss: 17253.85
[INFO 2017-11-13 20:04:51,762 demo.py:78] epoch 577, train loss: 6636.04, average train loss: 7123.03, base loss: 17244.73
[INFO 2017-11-13 20:04:52,276 demo.py:78] epoch 578, train loss: 7108.56, average train loss: 7119.91, base loss: 17253.02
[INFO 2017-11-13 20:04:52,789 demo.py:78] epoch 579, train loss: 6948.75, average train loss: 7115.43, base loss: 17255.23
[INFO 2017-11-13 20:04:53,302 demo.py:78] epoch 580, train loss: 6725.87, average train loss: 7110.39, base loss: 17256.66
[INFO 2017-11-13 20:04:53,814 demo.py:78] epoch 581, train loss: 6733.99, average train loss: 7106.51, base loss: 17263.91
[INFO 2017-11-13 20:04:54,328 demo.py:78] epoch 582, train loss: 6958.13, average train loss: 7101.91, base loss: 17262.30
[INFO 2017-11-13 20:04:54,841 demo.py:78] epoch 583, train loss: 7283.23, average train loss: 7101.59, base loss: 17273.70
[INFO 2017-11-13 20:04:55,354 demo.py:78] epoch 584, train loss: 7433.44, average train loss: 7100.51, base loss: 17276.97
[INFO 2017-11-13 20:04:55,866 demo.py:78] epoch 585, train loss: 6740.29, average train loss: 7091.41, base loss: 17264.22
[INFO 2017-11-13 20:04:56,379 demo.py:78] epoch 586, train loss: 6839.08, average train loss: 7088.31, base loss: 17266.05
[INFO 2017-11-13 20:04:56,891 demo.py:78] epoch 587, train loss: 7164.59, average train loss: 7085.63, base loss: 17266.98
[INFO 2017-11-13 20:04:57,404 demo.py:78] epoch 588, train loss: 6996.99, average train loss: 7080.10, base loss: 17260.43
[INFO 2017-11-13 20:04:57,917 demo.py:78] epoch 589, train loss: 6595.29, average train loss: 7073.56, base loss: 17256.68
[INFO 2017-11-13 20:04:58,430 demo.py:78] epoch 590, train loss: 6986.60, average train loss: 7068.77, base loss: 17250.04
[INFO 2017-11-13 20:04:58,945 demo.py:78] epoch 591, train loss: 7350.48, average train loss: 7069.16, base loss: 17259.24
[INFO 2017-11-13 20:04:59,459 demo.py:78] epoch 592, train loss: 7224.76, average train loss: 7068.43, base loss: 17261.93
[INFO 2017-11-13 20:04:59,972 demo.py:78] epoch 593, train loss: 6906.94, average train loss: 7059.67, base loss: 17263.49
[INFO 2017-11-13 20:05:00,486 demo.py:78] epoch 594, train loss: 6894.44, average train loss: 7052.71, base loss: 17257.93
[INFO 2017-11-13 20:05:01,000 demo.py:78] epoch 595, train loss: 6897.32, average train loss: 7049.39, base loss: 17257.32
[INFO 2017-11-13 20:05:01,513 demo.py:78] epoch 596, train loss: 6818.51, average train loss: 7046.83, base loss: 17253.11
[INFO 2017-11-13 20:05:02,026 demo.py:78] epoch 597, train loss: 7043.11, average train loss: 7042.68, base loss: 17246.80
[INFO 2017-11-13 20:05:02,539 demo.py:78] epoch 598, train loss: 7097.41, average train loss: 7040.24, base loss: 17249.25
[INFO 2017-11-13 20:05:03,053 demo.py:78] epoch 599, train loss: 6949.70, average train loss: 7038.05, base loss: 17252.94
[INFO 2017-11-13 20:05:03,054 demo.py:80] epoch 599, testing
[INFO 2017-11-13 20:05:07,700 demo.py:137] average test loss: 14246.34, base loss: 31472.30
[INFO 2017-11-13 20:05:07,700 demo.py:138] improve_loss: 17225.96, improve_percent: 0.55
[INFO 2017-11-13 20:05:07,700 demo.py:141] average test endpoint error: 0.81
[INFO 2017-11-13 20:05:07,701 base_demo.py:149] current best improved percent: 0.55
[INFO 2017-11-13 20:05:08,214 demo.py:78] epoch 600, train loss: 6911.31, average train loss: 7034.33, base loss: 17254.34
[INFO 2017-11-13 20:05:08,727 demo.py:78] epoch 601, train loss: 6875.69, average train loss: 7032.62, base loss: 17241.33
[INFO 2017-11-13 20:05:09,239 demo.py:78] epoch 602, train loss: 6853.58, average train loss: 7030.31, base loss: 17241.02
[INFO 2017-11-13 20:05:09,754 demo.py:78] epoch 603, train loss: 6749.28, average train loss: 7024.73, base loss: 17232.64
[INFO 2017-11-13 20:05:10,269 demo.py:78] epoch 604, train loss: 7049.31, average train loss: 7022.29, base loss: 17235.92
[INFO 2017-11-13 20:05:10,782 demo.py:78] epoch 605, train loss: 6815.43, average train loss: 7017.58, base loss: 17229.49
[INFO 2017-11-13 20:05:11,297 demo.py:78] epoch 606, train loss: 7308.92, average train loss: 7017.91, base loss: 17232.64
[INFO 2017-11-13 20:05:11,806 demo.py:78] epoch 607, train loss: 6911.11, average train loss: 7014.25, base loss: 17226.25
[INFO 2017-11-13 20:05:12,313 demo.py:78] epoch 608, train loss: 6691.37, average train loss: 7009.06, base loss: 17217.48
[INFO 2017-11-13 20:05:12,821 demo.py:78] epoch 609, train loss: 7095.96, average train loss: 7008.87, base loss: 17222.65
[INFO 2017-11-13 20:05:13,330 demo.py:78] epoch 610, train loss: 6843.32, average train loss: 7006.16, base loss: 17222.75
[INFO 2017-11-13 20:05:13,839 demo.py:78] epoch 611, train loss: 6903.32, average train loss: 7004.87, base loss: 17229.58
[INFO 2017-11-13 20:05:14,348 demo.py:78] epoch 612, train loss: 6924.99, average train loss: 7002.80, base loss: 17230.35
[INFO 2017-11-13 20:05:14,857 demo.py:78] epoch 613, train loss: 6943.30, average train loss: 7004.04, base loss: 17236.44
[INFO 2017-11-13 20:05:15,365 demo.py:78] epoch 614, train loss: 6922.24, average train loss: 7003.64, base loss: 17244.11
[INFO 2017-11-13 20:05:15,873 demo.py:78] epoch 615, train loss: 6642.86, average train loss: 6997.46, base loss: 17234.98
[INFO 2017-11-13 20:05:16,381 demo.py:78] epoch 616, train loss: 6738.73, average train loss: 6991.94, base loss: 17231.29
[INFO 2017-11-13 20:05:16,890 demo.py:78] epoch 617, train loss: 6824.98, average train loss: 6991.44, base loss: 17235.62
[INFO 2017-11-13 20:05:17,398 demo.py:78] epoch 618, train loss: 6706.83, average train loss: 6988.35, base loss: 17231.93
[INFO 2017-11-13 20:05:17,906 demo.py:78] epoch 619, train loss: 6923.12, average train loss: 6985.32, base loss: 17230.52
[INFO 2017-11-13 20:05:18,416 demo.py:78] epoch 620, train loss: 7041.87, average train loss: 6984.58, base loss: 17228.99
[INFO 2017-11-13 20:05:18,927 demo.py:78] epoch 621, train loss: 6855.96, average train loss: 6980.43, base loss: 17229.50
[INFO 2017-11-13 20:05:19,436 demo.py:78] epoch 622, train loss: 7042.42, average train loss: 6977.77, base loss: 17232.70
[INFO 2017-11-13 20:05:19,988 demo.py:78] epoch 623, train loss: 6992.07, average train loss: 6979.66, base loss: 17236.64
[INFO 2017-11-13 20:05:20,535 demo.py:78] epoch 624, train loss: 6729.65, average train loss: 6977.78, base loss: 17230.84
[INFO 2017-11-13 20:05:21,045 demo.py:78] epoch 625, train loss: 6916.60, average train loss: 6976.37, base loss: 17224.03
[INFO 2017-11-13 20:05:21,556 demo.py:78] epoch 626, train loss: 6993.98, average train loss: 6973.29, base loss: 17226.22
[INFO 2017-11-13 20:05:22,067 demo.py:78] epoch 627, train loss: 6831.29, average train loss: 6968.60, base loss: 17218.25
[INFO 2017-11-13 20:05:22,576 demo.py:78] epoch 628, train loss: 6826.48, average train loss: 6964.80, base loss: 17220.21
[INFO 2017-11-13 20:05:23,086 demo.py:78] epoch 629, train loss: 6826.60, average train loss: 6963.17, base loss: 17223.36
[INFO 2017-11-13 20:05:23,596 demo.py:78] epoch 630, train loss: 6957.47, average train loss: 6961.72, base loss: 17226.09
[INFO 2017-11-13 20:05:24,105 demo.py:78] epoch 631, train loss: 6967.50, average train loss: 6960.88, base loss: 17225.63
[INFO 2017-11-13 20:05:24,616 demo.py:78] epoch 632, train loss: 6769.08, average train loss: 6957.34, base loss: 17220.37
[INFO 2017-11-13 20:05:25,127 demo.py:78] epoch 633, train loss: 6649.12, average train loss: 6953.15, base loss: 17212.16
[INFO 2017-11-13 20:05:25,637 demo.py:78] epoch 634, train loss: 7148.77, average train loss: 6955.17, base loss: 17215.22
[INFO 2017-11-13 20:05:26,147 demo.py:78] epoch 635, train loss: 6824.66, average train loss: 6954.38, base loss: 17220.55
