[INFO 2017-11-15 18:54:25,822 demo.py:192] Namespace(augment_reverse=False, batch_size=64, bg_move=False, bg_noise=0.5, data='robot64', diff_div_thresh=1.25, display=False, display_all=False, fg_noise=0.1, fixed_data=False, hist_equal=False, image_channel=3, image_size=64, init_model_path='', learning_rate=0.001, max_diff_thresh=0.1, min_diff_thresh=0.01, motion_range=2, motion_type='affine', net_depth=6, num_frame=2, num_objects=1, rand_noise=0, save_dir='./', save_display=False, save_display_dir='./', save_interval=100, seed=111, test=False, test_all=False, test_epoch=20, test_gt=False, test_interval=200, train=True, train_epoch=2000)
[INFO 2017-11-15 18:54:33,637 demo.py:73] epoch 0, train loss: 25022.29, average train loss: 25022.29, base loss: 13747.09
[INFO 2017-11-15 18:54:34,703 demo.py:73] epoch 1, train loss: 33904.51, average train loss: 29463.40, base loss: 13092.36
[INFO 2017-11-15 18:54:35,728 demo.py:73] epoch 2, train loss: 24070.38, average train loss: 27665.72, base loss: 13362.97
[INFO 2017-11-15 18:54:36,725 demo.py:73] epoch 3, train loss: 17316.26, average train loss: 25078.36, base loss: 13463.88
[INFO 2017-11-15 18:54:37,729 demo.py:73] epoch 4, train loss: 15591.52, average train loss: 23180.99, base loss: 13398.53
[INFO 2017-11-15 18:54:38,696 demo.py:73] epoch 5, train loss: 14173.32, average train loss: 21679.71, base loss: 13254.71
[INFO 2017-11-15 18:54:39,669 demo.py:73] epoch 6, train loss: 15294.56, average train loss: 20767.55, base loss: 13419.80
[INFO 2017-11-15 18:54:40,636 demo.py:73] epoch 7, train loss: 14100.45, average train loss: 19934.16, base loss: 13414.73
[INFO 2017-11-15 18:54:41,591 demo.py:73] epoch 8, train loss: 14737.63, average train loss: 19356.77, base loss: 13488.08
[INFO 2017-11-15 18:54:42,565 demo.py:73] epoch 9, train loss: 13075.75, average train loss: 18728.67, base loss: 13397.24
[INFO 2017-11-15 18:54:43,534 demo.py:73] epoch 10, train loss: 12868.97, average train loss: 18195.97, base loss: 13316.53
[INFO 2017-11-15 18:54:44,467 demo.py:73] epoch 11, train loss: 13875.03, average train loss: 17835.89, base loss: 13334.96
[INFO 2017-11-15 18:54:45,382 demo.py:73] epoch 12, train loss: 12809.64, average train loss: 17449.25, base loss: 13274.68
[INFO 2017-11-15 18:54:46,326 demo.py:73] epoch 13, train loss: 12914.89, average train loss: 17125.37, base loss: 13233.92
[INFO 2017-11-15 18:54:47,276 demo.py:73] epoch 14, train loss: 15505.90, average train loss: 17017.41, base loss: 13376.84
[INFO 2017-11-15 18:54:48,238 demo.py:73] epoch 15, train loss: 13874.06, average train loss: 16820.95, base loss: 13395.58
[INFO 2017-11-15 18:54:49,171 demo.py:73] epoch 16, train loss: 14481.27, average train loss: 16683.32, base loss: 13452.69
[INFO 2017-11-15 18:54:50,107 demo.py:73] epoch 17, train loss: 13572.20, average train loss: 16510.48, base loss: 13453.81
[INFO 2017-11-15 18:54:51,043 demo.py:73] epoch 18, train loss: 14687.56, average train loss: 16414.54, base loss: 13514.75
[INFO 2017-11-15 18:54:51,968 demo.py:73] epoch 19, train loss: 14034.76, average train loss: 16295.55, base loss: 13537.24
[INFO 2017-11-15 18:54:52,957 demo.py:73] epoch 20, train loss: 13696.68, average train loss: 16171.79, base loss: 13542.44
[INFO 2017-11-15 18:54:53,927 demo.py:73] epoch 21, train loss: 14389.21, average train loss: 16090.76, base loss: 13580.71
[INFO 2017-11-15 18:54:54,869 demo.py:73] epoch 22, train loss: 13365.30, average train loss: 15972.27, base loss: 13569.83
[INFO 2017-11-15 18:54:55,803 demo.py:73] epoch 23, train loss: 13846.10, average train loss: 15883.68, base loss: 13579.48
[INFO 2017-11-15 18:54:56,767 demo.py:73] epoch 24, train loss: 13912.80, average train loss: 15804.84, base loss: 13593.90
[INFO 2017-11-15 18:54:57,697 demo.py:73] epoch 25, train loss: 13561.05, average train loss: 15718.54, base loss: 13592.91
[INFO 2017-11-15 18:54:58,652 demo.py:73] epoch 26, train loss: 12729.32, average train loss: 15607.83, base loss: 13561.76
[INFO 2017-11-15 18:54:59,604 demo.py:73] epoch 27, train loss: 13891.93, average train loss: 15546.55, base loss: 13574.23
[INFO 2017-11-15 18:55:00,542 demo.py:73] epoch 28, train loss: 12935.96, average train loss: 15456.53, base loss: 13553.74
[INFO 2017-11-15 18:55:01,500 demo.py:73] epoch 29, train loss: 13506.08, average train loss: 15391.51, base loss: 13554.22
[INFO 2017-11-15 18:55:02,490 demo.py:73] epoch 30, train loss: 14091.62, average train loss: 15349.58, base loss: 13573.79
[INFO 2017-11-15 18:55:03,561 demo.py:73] epoch 31, train loss: 12921.42, average train loss: 15273.70, base loss: 13554.91
[INFO 2017-11-15 18:55:04,635 demo.py:73] epoch 32, train loss: 14242.93, average train loss: 15242.46, base loss: 13578.74
[INFO 2017-11-15 18:55:05,700 demo.py:73] epoch 33, train loss: 12872.54, average train loss: 15172.76, base loss: 13559.93
[INFO 2017-11-15 18:55:06,762 demo.py:73] epoch 34, train loss: 12954.33, average train loss: 15109.38, base loss: 13543.91
[INFO 2017-11-15 18:55:07,897 demo.py:73] epoch 35, train loss: 12929.48, average train loss: 15048.82, base loss: 13528.64
[INFO 2017-11-15 18:55:09,022 demo.py:73] epoch 36, train loss: 13799.76, average train loss: 15015.07, base loss: 13539.22
[INFO 2017-11-15 18:55:10,113 demo.py:73] epoch 37, train loss: 12982.84, average train loss: 14961.59, base loss: 13526.45
[INFO 2017-11-15 18:55:11,210 demo.py:73] epoch 38, train loss: 15496.83, average train loss: 14975.31, base loss: 13580.59
[INFO 2017-11-15 18:55:12,291 demo.py:73] epoch 39, train loss: 13398.22, average train loss: 14935.88, base loss: 13578.84
[INFO 2017-11-15 18:55:13,364 demo.py:73] epoch 40, train loss: 12577.61, average train loss: 14878.36, base loss: 13557.48
[INFO 2017-11-15 18:55:14,439 demo.py:73] epoch 41, train loss: 14319.48, average train loss: 14865.06, base loss: 13578.93
[INFO 2017-11-15 18:55:15,517 demo.py:73] epoch 42, train loss: 14120.44, average train loss: 14847.74, base loss: 13595.60
[INFO 2017-11-15 18:55:16,592 demo.py:73] epoch 43, train loss: 13066.43, average train loss: 14807.26, base loss: 13587.03
[INFO 2017-11-15 18:55:17,698 demo.py:73] epoch 44, train loss: 13050.89, average train loss: 14768.23, base loss: 13577.93
[INFO 2017-11-15 18:55:18,790 demo.py:73] epoch 45, train loss: 12948.58, average train loss: 14728.67, base loss: 13567.84
[INFO 2017-11-15 18:55:19,859 demo.py:73] epoch 46, train loss: 12553.61, average train loss: 14682.39, base loss: 13549.47
[INFO 2017-11-15 18:55:20,942 demo.py:73] epoch 47, train loss: 12582.14, average train loss: 14638.64, base loss: 13531.91
[INFO 2017-11-15 18:55:22,028 demo.py:73] epoch 48, train loss: 13425.01, average train loss: 14613.87, base loss: 13534.40
[INFO 2017-11-15 18:55:23,098 demo.py:73] epoch 49, train loss: 13337.08, average train loss: 14588.33, base loss: 13534.39
[INFO 2017-11-15 18:55:24,183 demo.py:73] epoch 50, train loss: 13422.27, average train loss: 14565.47, base loss: 13536.29
[INFO 2017-11-15 18:55:25,241 demo.py:73] epoch 51, train loss: 13279.69, average train loss: 14540.74, base loss: 13534.03
[INFO 2017-11-15 18:55:26,342 demo.py:73] epoch 52, train loss: 12269.75, average train loss: 14497.89, base loss: 13513.70
[INFO 2017-11-15 18:55:27,416 demo.py:73] epoch 53, train loss: 13980.55, average train loss: 14488.31, base loss: 13527.91
[INFO 2017-11-15 18:55:28,513 demo.py:73] epoch 54, train loss: 13852.97, average train loss: 14476.76, base loss: 13539.42
[INFO 2017-11-15 18:55:29,623 demo.py:73] epoch 55, train loss: 12830.09, average train loss: 14447.36, base loss: 13532.31
[INFO 2017-11-15 18:55:30,721 demo.py:73] epoch 56, train loss: 14785.12, average train loss: 14453.28, base loss: 13559.52
[INFO 2017-11-15 18:55:31,789 demo.py:73] epoch 57, train loss: 12819.66, average train loss: 14425.12, base loss: 13550.40
[INFO 2017-11-15 18:55:32,854 demo.py:73] epoch 58, train loss: 13727.08, average train loss: 14413.28, base loss: 13559.00
[INFO 2017-11-15 18:55:33,958 demo.py:73] epoch 59, train loss: 13263.23, average train loss: 14394.12, base loss: 13559.54
[INFO 2017-11-15 18:55:35,047 demo.py:73] epoch 60, train loss: 14104.88, average train loss: 14389.38, base loss: 13575.35
[INFO 2017-11-15 18:55:36,119 demo.py:73] epoch 61, train loss: 13777.33, average train loss: 14379.50, base loss: 13585.98
[INFO 2017-11-15 18:55:37,218 demo.py:73] epoch 62, train loss: 12478.66, average train loss: 14349.33, base loss: 13575.56
[INFO 2017-11-15 18:55:38,288 demo.py:73] epoch 63, train loss: 13653.85, average train loss: 14338.46, base loss: 13583.70
[INFO 2017-11-15 18:55:39,366 demo.py:73] epoch 64, train loss: 13688.95, average train loss: 14328.47, base loss: 13593.02
[INFO 2017-11-15 18:55:40,439 demo.py:73] epoch 65, train loss: 13913.18, average train loss: 14322.18, base loss: 13605.82
[INFO 2017-11-15 18:55:41,524 demo.py:73] epoch 66, train loss: 12702.84, average train loss: 14298.01, base loss: 13600.87
[INFO 2017-11-15 18:55:42,582 demo.py:73] epoch 67, train loss: 12002.84, average train loss: 14264.26, base loss: 13587.10
[INFO 2017-11-15 18:55:43,685 demo.py:73] epoch 68, train loss: 13897.51, average train loss: 14258.94, base loss: 13606.13
[INFO 2017-11-15 18:55:44,769 demo.py:73] epoch 69, train loss: 12719.54, average train loss: 14236.95, base loss: 13605.62
[INFO 2017-11-15 18:55:45,837 demo.py:73] epoch 70, train loss: 11939.07, average train loss: 14204.59, base loss: 13593.69
[INFO 2017-11-15 18:55:46,948 demo.py:73] epoch 71, train loss: 12625.12, average train loss: 14182.65, base loss: 13597.22
[INFO 2017-11-15 18:55:48,080 demo.py:73] epoch 72, train loss: 13297.54, average train loss: 14170.52, base loss: 13612.78
[INFO 2017-11-15 18:55:49,165 demo.py:73] epoch 73, train loss: 12039.35, average train loss: 14141.72, base loss: 13603.27
[INFO 2017-11-15 18:55:50,247 demo.py:73] epoch 74, train loss: 11037.33, average train loss: 14100.33, base loss: 13587.07
[INFO 2017-11-15 18:55:51,343 demo.py:73] epoch 75, train loss: 12072.63, average train loss: 14073.65, base loss: 13590.86
[INFO 2017-11-15 18:55:52,440 demo.py:73] epoch 76, train loss: 11839.29, average train loss: 14044.64, base loss: 13591.51
[INFO 2017-11-15 18:55:53,519 demo.py:73] epoch 77, train loss: 11332.50, average train loss: 14009.86, base loss: 13586.09
[INFO 2017-11-15 18:55:54,605 demo.py:73] epoch 78, train loss: 11261.37, average train loss: 13975.07, base loss: 13582.49
[INFO 2017-11-15 18:55:55,692 demo.py:73] epoch 79, train loss: 11337.23, average train loss: 13942.10, base loss: 13580.13
[INFO 2017-11-15 18:55:56,768 demo.py:73] epoch 80, train loss: 11631.98, average train loss: 13913.58, base loss: 13583.51
[INFO 2017-11-15 18:55:57,873 demo.py:73] epoch 81, train loss: 10480.55, average train loss: 13871.71, base loss: 13568.05
[INFO 2017-11-15 18:55:58,935 demo.py:73] epoch 82, train loss: 10871.87, average train loss: 13835.57, base loss: 13556.41
[INFO 2017-11-15 18:56:00,003 demo.py:73] epoch 83, train loss: 12386.89, average train loss: 13818.32, base loss: 13572.68
[INFO 2017-11-15 18:56:01,072 demo.py:73] epoch 84, train loss: 11484.90, average train loss: 13790.87, base loss: 13576.13
[INFO 2017-11-15 18:56:02,154 demo.py:73] epoch 85, train loss: 11044.15, average train loss: 13758.93, base loss: 13574.95
[INFO 2017-11-15 18:56:03,218 demo.py:73] epoch 86, train loss: 11672.25, average train loss: 13734.95, base loss: 13585.81
[INFO 2017-11-15 18:56:04,333 demo.py:73] epoch 87, train loss: 11677.29, average train loss: 13711.57, base loss: 13593.91
[INFO 2017-11-15 18:56:05,425 demo.py:73] epoch 88, train loss: 11270.23, average train loss: 13684.14, base loss: 13592.77
[INFO 2017-11-15 18:56:06,500 demo.py:73] epoch 89, train loss: 11398.28, average train loss: 13658.74, base loss: 13600.36
[INFO 2017-11-15 18:56:07,606 demo.py:73] epoch 90, train loss: 11182.45, average train loss: 13631.53, base loss: 13600.15
[INFO 2017-11-15 18:56:08,715 demo.py:73] epoch 91, train loss: 10268.51, average train loss: 13594.97, base loss: 13586.00
[INFO 2017-11-15 18:56:09,861 demo.py:73] epoch 92, train loss: 11047.54, average train loss: 13567.58, base loss: 13589.12
[INFO 2017-11-15 18:56:10,950 demo.py:73] epoch 93, train loss: 10427.84, average train loss: 13534.18, base loss: 13583.24
[INFO 2017-11-15 18:56:12,074 demo.py:73] epoch 94, train loss: 10992.13, average train loss: 13507.42, base loss: 13582.33
[INFO 2017-11-15 18:56:13,200 demo.py:73] epoch 95, train loss: 11061.26, average train loss: 13481.94, base loss: 13591.66
[INFO 2017-11-15 18:56:14,283 demo.py:73] epoch 96, train loss: 10542.41, average train loss: 13451.63, base loss: 13589.05
[INFO 2017-11-15 18:56:15,409 demo.py:73] epoch 97, train loss: 10546.27, average train loss: 13421.99, base loss: 13583.94
[INFO 2017-11-15 18:56:16,483 demo.py:73] epoch 98, train loss: 11437.48, average train loss: 13401.94, base loss: 13595.13
[INFO 2017-11-15 18:56:17,559 demo.py:73] epoch 99, train loss: 10542.97, average train loss: 13373.35, base loss: 13594.39
[INFO 2017-11-15 18:56:18,690 demo.py:73] epoch 100, train loss: 10144.48, average train loss: 13224.57, base loss: 13587.94
[INFO 2017-11-15 18:56:19,836 demo.py:73] epoch 101, train loss: 10957.86, average train loss: 12995.11, base loss: 13606.19
[INFO 2017-11-15 18:56:20,925 demo.py:73] epoch 102, train loss: 10353.93, average train loss: 12857.94, base loss: 13602.45
[INFO 2017-11-15 18:56:21,996 demo.py:73] epoch 103, train loss: 10123.58, average train loss: 12786.02, base loss: 13595.85
[INFO 2017-11-15 18:56:23,067 demo.py:73] epoch 104, train loss: 10767.15, average train loss: 12737.77, base loss: 13603.62
[INFO 2017-11-15 18:56:24,167 demo.py:73] epoch 105, train loss: 10189.58, average train loss: 12697.94, base loss: 13607.35
[INFO 2017-11-15 18:56:25,271 demo.py:73] epoch 106, train loss: 10101.01, average train loss: 12646.00, base loss: 13596.38
[INFO 2017-11-15 18:56:26,348 demo.py:73] epoch 107, train loss: 9589.37, average train loss: 12600.89, base loss: 13583.83
[INFO 2017-11-15 18:56:27,426 demo.py:73] epoch 108, train loss: 10352.16, average train loss: 12557.03, base loss: 13580.42
[INFO 2017-11-15 18:56:28,501 demo.py:73] epoch 109, train loss: 10242.73, average train loss: 12528.70, base loss: 13590.51
[INFO 2017-11-15 18:56:29,571 demo.py:73] epoch 110, train loss: 9940.97, average train loss: 12499.42, base loss: 13599.16
[INFO 2017-11-15 18:56:30,648 demo.py:73] epoch 111, train loss: 10646.52, average train loss: 12467.14, base loss: 13608.23
[INFO 2017-11-15 18:56:31,702 demo.py:73] epoch 112, train loss: 10227.42, average train loss: 12441.32, base loss: 13619.40
[INFO 2017-11-15 18:56:32,766 demo.py:73] epoch 113, train loss: 10375.72, average train loss: 12415.93, base loss: 13633.27
[INFO 2017-11-15 18:56:33,833 demo.py:73] epoch 114, train loss: 10613.54, average train loss: 12367.00, base loss: 13626.24
[INFO 2017-11-15 18:56:34,912 demo.py:73] epoch 115, train loss: 10162.11, average train loss: 12329.88, base loss: 13627.68
[INFO 2017-11-15 18:56:35,976 demo.py:73] epoch 116, train loss: 9362.25, average train loss: 12278.69, base loss: 13603.48
[INFO 2017-11-15 18:56:37,045 demo.py:73] epoch 117, train loss: 11317.14, average train loss: 12256.14, base loss: 13627.14
[INFO 2017-11-15 18:56:38,109 demo.py:73] epoch 118, train loss: 9600.04, average train loss: 12205.27, base loss: 13611.72
[INFO 2017-11-15 18:56:39,183 demo.py:73] epoch 119, train loss: 10058.52, average train loss: 12165.50, base loss: 13612.48
[INFO 2017-11-15 18:56:40,325 demo.py:73] epoch 120, train loss: 10682.62, average train loss: 12135.36, base loss: 13627.04
[INFO 2017-11-15 18:56:41,422 demo.py:73] epoch 121, train loss: 9862.19, average train loss: 12090.09, base loss: 13612.90
[INFO 2017-11-15 18:56:42,498 demo.py:73] epoch 122, train loss: 9643.71, average train loss: 12052.88, base loss: 13610.36
[INFO 2017-11-15 18:56:43,580 demo.py:73] epoch 123, train loss: 10292.89, average train loss: 12017.35, base loss: 13613.60
[INFO 2017-11-15 18:56:44,666 demo.py:73] epoch 124, train loss: 10619.78, average train loss: 11984.42, base loss: 13619.16
[INFO 2017-11-15 18:56:45,754 demo.py:73] epoch 125, train loss: 9451.64, average train loss: 11943.32, base loss: 13610.36
[INFO 2017-11-15 18:56:46,825 demo.py:73] epoch 126, train loss: 10194.53, average train loss: 11917.97, base loss: 13629.08
[INFO 2017-11-15 18:56:47,932 demo.py:73] epoch 127, train loss: 9904.96, average train loss: 11878.10, base loss: 13626.47
[INFO 2017-11-15 18:56:49,021 demo.py:73] epoch 128, train loss: 9702.52, average train loss: 11845.77, base loss: 13626.67
[INFO 2017-11-15 18:56:50,108 demo.py:73] epoch 129, train loss: 9303.78, average train loss: 11803.75, base loss: 13621.51
[INFO 2017-11-15 18:56:51,212 demo.py:73] epoch 130, train loss: 9726.03, average train loss: 11760.09, base loss: 13610.58
[INFO 2017-11-15 18:56:52,285 demo.py:73] epoch 131, train loss: 9597.33, average train loss: 11726.85, base loss: 13613.28
[INFO 2017-11-15 18:56:53,374 demo.py:73] epoch 132, train loss: 9119.53, average train loss: 11675.62, base loss: 13594.24
[INFO 2017-11-15 18:56:54,442 demo.py:73] epoch 133, train loss: 9779.53, average train loss: 11644.69, base loss: 13599.63
[INFO 2017-11-15 18:56:55,521 demo.py:73] epoch 134, train loss: 9956.87, average train loss: 11614.71, base loss: 13614.93
[INFO 2017-11-15 18:56:56,615 demo.py:73] epoch 135, train loss: 9501.75, average train loss: 11580.43, base loss: 13619.30
[INFO 2017-11-15 18:56:57,710 demo.py:73] epoch 136, train loss: 9453.66, average train loss: 11536.97, base loss: 13612.02
[INFO 2017-11-15 18:56:58,783 demo.py:73] epoch 137, train loss: 9991.12, average train loss: 11507.06, base loss: 13617.39
[INFO 2017-11-15 18:56:59,850 demo.py:73] epoch 138, train loss: 9611.63, average train loss: 11448.20, base loss: 13599.97
[INFO 2017-11-15 18:57:00,922 demo.py:73] epoch 139, train loss: 9178.81, average train loss: 11406.01, base loss: 13594.37
[INFO 2017-11-15 18:57:02,025 demo.py:73] epoch 140, train loss: 9198.50, average train loss: 11372.22, base loss: 13591.32
[INFO 2017-11-15 18:57:03,106 demo.py:73] epoch 141, train loss: 9545.87, average train loss: 11324.48, base loss: 13587.47
[INFO 2017-11-15 18:57:04,178 demo.py:73] epoch 142, train loss: 9550.56, average train loss: 11278.78, base loss: 13576.26
[INFO 2017-11-15 18:57:05,239 demo.py:73] epoch 143, train loss: 9245.94, average train loss: 11240.58, base loss: 13573.09
[INFO 2017-11-15 18:57:06,300 demo.py:73] epoch 144, train loss: 9848.07, average train loss: 11208.55, base loss: 13577.32
[INFO 2017-11-15 18:57:07,380 demo.py:73] epoch 145, train loss: 10134.49, average train loss: 11180.41, base loss: 13593.14
[INFO 2017-11-15 18:57:08,437 demo.py:73] epoch 146, train loss: 9696.26, average train loss: 11151.84, base loss: 13607.24
[INFO 2017-11-15 18:57:09,508 demo.py:73] epoch 147, train loss: 9522.06, average train loss: 11121.23, base loss: 13614.44
[INFO 2017-11-15 18:57:10,605 demo.py:73] epoch 148, train loss: 9416.35, average train loss: 11081.15, base loss: 13614.99
[INFO 2017-11-15 18:57:11,675 demo.py:73] epoch 149, train loss: 9636.32, average train loss: 11044.14, base loss: 13616.36
[INFO 2017-11-15 18:57:12,757 demo.py:73] epoch 150, train loss: 10065.84, average train loss: 11010.58, base loss: 13630.18
[INFO 2017-11-15 18:57:13,851 demo.py:73] epoch 151, train loss: 9689.26, average train loss: 10974.67, base loss: 13635.48
[INFO 2017-11-15 18:57:14,950 demo.py:73] epoch 152, train loss: 9347.11, average train loss: 10945.45, base loss: 13640.06
[INFO 2017-11-15 18:57:16,022 demo.py:73] epoch 153, train loss: 9514.26, average train loss: 10900.78, base loss: 13630.34
[INFO 2017-11-15 18:57:17,106 demo.py:73] epoch 154, train loss: 9104.10, average train loss: 10853.29, base loss: 13624.48
[INFO 2017-11-15 18:57:18,199 demo.py:73] epoch 155, train loss: 9128.00, average train loss: 10816.27, base loss: 13623.81
[INFO 2017-11-15 18:57:19,287 demo.py:73] epoch 156, train loss: 9085.15, average train loss: 10759.27, base loss: 13601.21
[INFO 2017-11-15 18:57:20,359 demo.py:73] epoch 157, train loss: 9372.89, average train loss: 10724.81, base loss: 13608.66
[INFO 2017-11-15 18:57:21,428 demo.py:73] epoch 158, train loss: 9336.17, average train loss: 10680.90, base loss: 13602.42
[INFO 2017-11-15 18:57:22,480 demo.py:73] epoch 159, train loss: 9628.98, average train loss: 10644.55, base loss: 13612.22
[INFO 2017-11-15 18:57:23,565 demo.py:73] epoch 160, train loss: 8984.07, average train loss: 10593.35, base loss: 13597.86
[INFO 2017-11-15 18:57:24,649 demo.py:73] epoch 161, train loss: 9494.82, average train loss: 10550.52, base loss: 13592.68
[INFO 2017-11-15 18:57:25,724 demo.py:73] epoch 162, train loss: 9018.92, average train loss: 10515.92, base loss: 13594.34
[INFO 2017-11-15 18:57:26,797 demo.py:73] epoch 163, train loss: 9200.51, average train loss: 10471.39, base loss: 13586.28
[INFO 2017-11-15 18:57:27,857 demo.py:73] epoch 164, train loss: 8980.31, average train loss: 10424.30, base loss: 13574.72
[INFO 2017-11-15 18:57:29,007 demo.py:73] epoch 165, train loss: 8885.13, average train loss: 10374.02, base loss: 13557.99
[INFO 2017-11-15 18:57:30,108 demo.py:73] epoch 166, train loss: 9435.70, average train loss: 10341.35, base loss: 13567.20
[INFO 2017-11-15 18:57:31,187 demo.py:73] epoch 167, train loss: 9510.80, average train loss: 10316.43, base loss: 13580.11
[INFO 2017-11-15 18:57:32,252 demo.py:73] epoch 168, train loss: 8273.98, average train loss: 10260.20, base loss: 13548.39
[INFO 2017-11-15 18:57:33,335 demo.py:73] epoch 169, train loss: 8440.83, average train loss: 10217.41, base loss: 13534.30
[INFO 2017-11-15 18:57:34,475 demo.py:73] epoch 170, train loss: 10242.28, average train loss: 10200.44, base loss: 13555.05
[INFO 2017-11-15 18:57:35,583 demo.py:73] epoch 171, train loss: 8600.65, average train loss: 10160.20, base loss: 13543.48
[INFO 2017-11-15 18:57:36,706 demo.py:73] epoch 172, train loss: 9055.14, average train loss: 10117.77, base loss: 13529.11
[INFO 2017-11-15 18:57:37,803 demo.py:73] epoch 173, train loss: 8982.65, average train loss: 10087.21, base loss: 13532.98
[INFO 2017-11-15 18:57:38,900 demo.py:73] epoch 174, train loss: 9500.63, average train loss: 10071.84, base loss: 13556.59
[INFO 2017-11-15 18:57:39,976 demo.py:73] epoch 175, train loss: 8803.47, average train loss: 10039.15, base loss: 13542.69
[INFO 2017-11-15 18:57:41,066 demo.py:73] epoch 176, train loss: 8922.63, average train loss: 10009.98, base loss: 13539.71
[INFO 2017-11-15 18:57:42,159 demo.py:73] epoch 177, train loss: 8949.97, average train loss: 9986.15, base loss: 13545.10
[INFO 2017-11-15 18:57:43,224 demo.py:73] epoch 178, train loss: 8636.70, average train loss: 9959.91, base loss: 13541.89
[INFO 2017-11-15 18:57:44,296 demo.py:73] epoch 179, train loss: 8666.61, average train loss: 9933.20, base loss: 13538.34
[INFO 2017-11-15 18:57:45,376 demo.py:73] epoch 180, train loss: 9136.00, average train loss: 9908.24, base loss: 13545.87
[INFO 2017-11-15 18:57:46,461 demo.py:73] epoch 181, train loss: 8907.26, average train loss: 9892.51, base loss: 13552.34
[INFO 2017-11-15 18:57:47,523 demo.py:73] epoch 182, train loss: 8859.38, average train loss: 9872.38, base loss: 13561.59
[INFO 2017-11-15 18:57:48,587 demo.py:73] epoch 183, train loss: 8705.23, average train loss: 9835.57, base loss: 13543.33
[INFO 2017-11-15 18:57:49,651 demo.py:73] epoch 184, train loss: 8524.65, average train loss: 9805.97, base loss: 13533.87
[INFO 2017-11-15 18:57:50,750 demo.py:73] epoch 185, train loss: 8562.51, average train loss: 9781.15, base loss: 13526.33
[INFO 2017-11-15 18:57:51,842 demo.py:73] epoch 186, train loss: 8525.52, average train loss: 9749.68, base loss: 13512.17
[INFO 2017-11-15 18:57:52,919 demo.py:73] epoch 187, train loss: 8660.45, average train loss: 9719.51, base loss: 13502.75
[INFO 2017-11-15 18:57:53,982 demo.py:73] epoch 188, train loss: 8494.09, average train loss: 9691.75, base loss: 13496.44
[INFO 2017-11-15 18:57:55,042 demo.py:73] epoch 189, train loss: 8732.50, average train loss: 9665.09, base loss: 13485.88
[INFO 2017-11-15 18:57:56,116 demo.py:73] epoch 190, train loss: 8849.25, average train loss: 9641.76, base loss: 13485.41
[INFO 2017-11-15 18:57:57,180 demo.py:73] epoch 191, train loss: 9241.99, average train loss: 9631.50, base loss: 13507.38
[INFO 2017-11-15 18:57:58,254 demo.py:73] epoch 192, train loss: 8665.54, average train loss: 9607.68, base loss: 13501.97
[INFO 2017-11-15 18:57:59,326 demo.py:73] epoch 193, train loss: 8725.86, average train loss: 9590.66, base loss: 13509.58
[INFO 2017-11-15 18:58:00,392 demo.py:73] epoch 194, train loss: 8714.87, average train loss: 9567.88, base loss: 13508.19
[INFO 2017-11-15 18:58:01,479 demo.py:73] epoch 195, train loss: 8592.87, average train loss: 9543.20, base loss: 13493.43
[INFO 2017-11-15 18:58:02,538 demo.py:73] epoch 196, train loss: 9103.95, average train loss: 9528.82, base loss: 13504.34
[INFO 2017-11-15 18:58:03,666 demo.py:73] epoch 197, train loss: 8485.78, average train loss: 9508.21, base loss: 13505.08
[INFO 2017-11-15 18:58:04,753 demo.py:73] epoch 198, train loss: 8499.53, average train loss: 9478.83, base loss: 13491.07
[INFO 2017-11-15 18:58:05,831 demo.py:73] epoch 199, train loss: 8383.19, average train loss: 9457.23, base loss: 13486.63
[INFO 2017-11-15 18:58:05,831 demo.py:75] epoch 199, testing
[INFO 2017-11-15 18:58:14,703 demo.py:131] average test loss: 8477.81, base loss: 13125.81
[INFO 2017-11-15 18:58:14,703 demo.py:132] improve_loss: 4648.00, improve_percent: 0.35
[INFO 2017-11-15 18:58:14,703 base_demo.py:149] model save to ./model.pth
[INFO 2017-11-15 18:58:14,714 base_demo.py:153] current best improved percent: 0.35
[INFO 2017-11-15 18:58:15,789 demo.py:73] epoch 200, train loss: 8488.55, average train loss: 9440.67, base loss: 13489.39
[INFO 2017-11-15 18:58:16,893 demo.py:73] epoch 201, train loss: 8455.72, average train loss: 9415.65, base loss: 13480.19
[INFO 2017-11-15 18:58:17,984 demo.py:73] epoch 202, train loss: 9239.71, average train loss: 9404.51, base loss: 13486.89
[INFO 2017-11-15 18:58:19,076 demo.py:73] epoch 203, train loss: 8562.31, average train loss: 9388.90, base loss: 13495.29
[INFO 2017-11-15 18:58:20,154 demo.py:73] epoch 204, train loss: 8749.97, average train loss: 9368.73, base loss: 13499.89
[INFO 2017-11-15 18:58:21,227 demo.py:73] epoch 205, train loss: 8732.48, average train loss: 9354.16, base loss: 13505.89
[INFO 2017-11-15 18:58:22,316 demo.py:73] epoch 206, train loss: 8438.35, average train loss: 9337.53, base loss: 13505.90
[INFO 2017-11-15 18:58:23,433 demo.py:73] epoch 207, train loss: 8709.70, average train loss: 9328.73, base loss: 13523.41
[INFO 2017-11-15 18:58:24,513 demo.py:73] epoch 208, train loss: 8327.00, average train loss: 9308.48, base loss: 13513.99
[INFO 2017-11-15 18:58:25,592 demo.py:73] epoch 209, train loss: 8525.81, average train loss: 9291.31, base loss: 13509.43
[INFO 2017-11-15 18:58:26,666 demo.py:73] epoch 210, train loss: 8565.59, average train loss: 9277.56, base loss: 13510.30
[INFO 2017-11-15 18:58:27,744 demo.py:73] epoch 211, train loss: 8982.53, average train loss: 9260.92, base loss: 13510.83
[INFO 2017-11-15 18:58:28,821 demo.py:73] epoch 212, train loss: 8495.57, average train loss: 9243.60, base loss: 13504.41
[INFO 2017-11-15 18:58:29,907 demo.py:73] epoch 213, train loss: 8682.09, average train loss: 9226.66, base loss: 13504.31
[INFO 2017-11-15 18:58:31,003 demo.py:73] epoch 214, train loss: 8380.21, average train loss: 9204.33, base loss: 13487.58
[INFO 2017-11-15 18:58:32,083 demo.py:73] epoch 215, train loss: 8852.14, average train loss: 9191.23, base loss: 13485.30
[INFO 2017-11-15 18:58:33,171 demo.py:73] epoch 216, train loss: 8425.89, average train loss: 9181.87, base loss: 13497.04
[INFO 2017-11-15 18:58:34,262 demo.py:73] epoch 217, train loss: 8268.14, average train loss: 9151.38, base loss: 13470.50
[INFO 2017-11-15 18:58:35,342 demo.py:73] epoch 218, train loss: 8238.60, average train loss: 9137.76, base loss: 13468.47
[INFO 2017-11-15 18:58:36,400 demo.py:73] epoch 219, train loss: 8374.27, average train loss: 9120.92, base loss: 13458.13
[INFO 2017-11-15 18:58:37,480 demo.py:73] epoch 220, train loss: 8696.43, average train loss: 9101.06, base loss: 13445.19
[INFO 2017-11-15 18:58:38,686 demo.py:73] epoch 221, train loss: 8033.12, average train loss: 9082.77, base loss: 13440.28
[INFO 2017-11-15 18:58:39,837 demo.py:73] epoch 222, train loss: 8349.49, average train loss: 9069.82, base loss: 13446.11
[INFO 2017-11-15 18:58:40,950 demo.py:73] epoch 223, train loss: 8433.26, average train loss: 9051.23, base loss: 13441.01
[INFO 2017-11-15 18:58:42,044 demo.py:73] epoch 224, train loss: 8449.26, average train loss: 9029.52, base loss: 13431.73
[INFO 2017-11-15 18:58:43,098 demo.py:73] epoch 225, train loss: 8611.95, average train loss: 9021.13, base loss: 13443.40
[INFO 2017-11-15 18:58:44,170 demo.py:73] epoch 226, train loss: 8545.69, average train loss: 9004.64, base loss: 13427.07
[INFO 2017-11-15 18:58:45,230 demo.py:73] epoch 227, train loss: 8586.41, average train loss: 8991.45, base loss: 13433.07
[INFO 2017-11-15 18:58:46,299 demo.py:73] epoch 228, train loss: 8657.64, average train loss: 8981.00, base loss: 13442.41
[INFO 2017-11-15 18:58:47,367 demo.py:73] epoch 229, train loss: 8722.12, average train loss: 8975.19, base loss: 13456.00
[INFO 2017-11-15 18:58:48,454 demo.py:73] epoch 230, train loss: 8216.79, average train loss: 8960.09, base loss: 13456.90
[INFO 2017-11-15 18:58:49,561 demo.py:73] epoch 231, train loss: 8402.16, average train loss: 8948.14, base loss: 13462.88
[INFO 2017-11-15 18:58:50,638 demo.py:73] epoch 232, train loss: 8957.74, average train loss: 8946.52, base loss: 13485.31
[INFO 2017-11-15 18:58:51,713 demo.py:73] epoch 233, train loss: 8253.64, average train loss: 8931.27, base loss: 13483.50
[INFO 2017-11-15 18:58:52,810 demo.py:73] epoch 234, train loss: 8609.41, average train loss: 8917.79, base loss: 13481.43
[INFO 2017-11-15 18:58:53,926 demo.py:73] epoch 235, train loss: 8714.17, average train loss: 8909.92, base loss: 13488.79
[INFO 2017-11-15 18:58:55,012 demo.py:73] epoch 236, train loss: 8160.47, average train loss: 8896.98, base loss: 13488.04
[INFO 2017-11-15 18:58:56,088 demo.py:73] epoch 237, train loss: 7976.68, average train loss: 8876.84, base loss: 13472.95
[INFO 2017-11-15 18:58:57,171 demo.py:73] epoch 238, train loss: 7942.29, average train loss: 8860.15, base loss: 13456.97
[INFO 2017-11-15 18:58:58,252 demo.py:73] epoch 239, train loss: 7876.60, average train loss: 8847.12, base loss: 13448.47
[INFO 2017-11-15 18:58:59,326 demo.py:73] epoch 240, train loss: 8204.13, average train loss: 8837.18, base loss: 13449.06
[INFO 2017-11-15 18:59:00,402 demo.py:73] epoch 241, train loss: 8982.37, average train loss: 8831.54, base loss: 13447.99
[INFO 2017-11-15 18:59:01,497 demo.py:73] epoch 242, train loss: 8098.67, average train loss: 8817.03, base loss: 13444.81
[INFO 2017-11-15 18:59:02,593 demo.py:73] epoch 243, train loss: 8770.50, average train loss: 8812.27, base loss: 13452.87
[INFO 2017-11-15 18:59:03,714 demo.py:73] epoch 244, train loss: 8394.94, average train loss: 8797.74, base loss: 13447.36
[INFO 2017-11-15 18:59:04,802 demo.py:73] epoch 245, train loss: 8934.46, average train loss: 8785.74, base loss: 13448.59
[INFO 2017-11-15 18:59:05,897 demo.py:73] epoch 246, train loss: 8546.13, average train loss: 8774.24, base loss: 13442.31
[INFO 2017-11-15 18:59:06,974 demo.py:73] epoch 247, train loss: 8718.84, average train loss: 8766.21, base loss: 13447.65
[INFO 2017-11-15 18:59:08,053 demo.py:73] epoch 248, train loss: 8490.98, average train loss: 8756.95, base loss: 13447.99
[INFO 2017-11-15 18:59:09,143 demo.py:73] epoch 249, train loss: 8674.88, average train loss: 8747.34, base loss: 13453.72
[INFO 2017-11-15 18:59:10,242 demo.py:73] epoch 250, train loss: 8619.24, average train loss: 8732.87, base loss: 13439.98
[INFO 2017-11-15 18:59:11,326 demo.py:73] epoch 251, train loss: 8147.26, average train loss: 8717.45, base loss: 13432.40
[INFO 2017-11-15 18:59:12,404 demo.py:73] epoch 252, train loss: 8598.42, average train loss: 8709.97, base loss: 13446.54
[INFO 2017-11-15 18:59:13,486 demo.py:73] epoch 253, train loss: 8249.83, average train loss: 8697.32, base loss: 13443.71
[INFO 2017-11-15 18:59:14,588 demo.py:73] epoch 254, train loss: 8352.00, average train loss: 8689.80, base loss: 13441.31
[INFO 2017-11-15 18:59:15,682 demo.py:73] epoch 255, train loss: 8848.21, average train loss: 8687.00, base loss: 13459.10
[INFO 2017-11-15 18:59:16,760 demo.py:73] epoch 256, train loss: 8199.81, average train loss: 8678.15, base loss: 13457.58
[INFO 2017-11-15 18:59:17,844 demo.py:73] epoch 257, train loss: 8846.73, average train loss: 8672.89, base loss: 13466.30
[INFO 2017-11-15 18:59:18,927 demo.py:73] epoch 258, train loss: 8444.45, average train loss: 8663.97, base loss: 13466.87
[INFO 2017-11-15 18:59:20,005 demo.py:73] epoch 259, train loss: 8355.49, average train loss: 8651.24, base loss: 13448.48
[INFO 2017-11-15 18:59:21,076 demo.py:73] epoch 260, train loss: 8787.00, average train loss: 8649.26, base loss: 13461.63
[INFO 2017-11-15 18:59:22,165 demo.py:73] epoch 261, train loss: 8463.09, average train loss: 8638.95, base loss: 13457.62
[INFO 2017-11-15 18:59:23,249 demo.py:73] epoch 262, train loss: 8741.75, average train loss: 8636.18, base loss: 13463.60
[INFO 2017-11-15 18:59:24,332 demo.py:73] epoch 263, train loss: 8133.42, average train loss: 8625.50, base loss: 13461.75
[INFO 2017-11-15 18:59:25,420 demo.py:73] epoch 264, train loss: 8274.10, average train loss: 8618.44, base loss: 13465.46
[INFO 2017-11-15 18:59:26,491 demo.py:73] epoch 265, train loss: 8322.40, average train loss: 8612.81, base loss: 13476.08
[INFO 2017-11-15 18:59:27,556 demo.py:73] epoch 266, train loss: 8430.59, average train loss: 8602.76, base loss: 13468.82
[INFO 2017-11-15 18:59:28,615 demo.py:73] epoch 267, train loss: 8223.38, average train loss: 8589.89, base loss: 13458.78
[INFO 2017-11-15 18:59:29,732 demo.py:73] epoch 268, train loss: 8367.46, average train loss: 8590.82, base loss: 13480.41
[INFO 2017-11-15 18:59:30,828 demo.py:73] epoch 269, train loss: 7903.16, average train loss: 8585.45, base loss: 13484.49
[INFO 2017-11-15 18:59:31,895 demo.py:73] epoch 270, train loss: 8265.62, average train loss: 8565.68, base loss: 13473.24
[INFO 2017-11-15 18:59:32,954 demo.py:73] epoch 271, train loss: 7921.31, average train loss: 8558.89, base loss: 13473.28
[INFO 2017-11-15 18:59:34,023 demo.py:73] epoch 272, train loss: 8064.11, average train loss: 8548.98, base loss: 13472.66
[INFO 2017-11-15 18:59:35,103 demo.py:73] epoch 273, train loss: 8137.75, average train loss: 8540.53, base loss: 13473.82
[INFO 2017-11-15 18:59:36,167 demo.py:73] epoch 274, train loss: 8956.40, average train loss: 8535.09, base loss: 13471.15
[INFO 2017-11-15 18:59:37,248 demo.py:73] epoch 275, train loss: 8232.30, average train loss: 8529.37, base loss: 13486.24
[INFO 2017-11-15 18:59:38,307 demo.py:73] epoch 276, train loss: 8287.15, average train loss: 8523.02, base loss: 13483.36
[INFO 2017-11-15 18:59:39,383 demo.py:73] epoch 277, train loss: 8372.01, average train loss: 8517.24, base loss: 13487.42
[INFO 2017-11-15 18:59:40,488 demo.py:73] epoch 278, train loss: 7776.92, average train loss: 8508.64, base loss: 13473.15
[INFO 2017-11-15 18:59:41,573 demo.py:73] epoch 279, train loss: 8273.80, average train loss: 8504.71, base loss: 13472.77
[INFO 2017-11-15 18:59:42,659 demo.py:73] epoch 280, train loss: 8016.01, average train loss: 8493.51, base loss: 13451.11
[INFO 2017-11-15 18:59:43,813 demo.py:73] epoch 281, train loss: 8824.24, average train loss: 8492.68, base loss: 13462.87
[INFO 2017-11-15 18:59:44,961 demo.py:73] epoch 282, train loss: 8545.72, average train loss: 8489.55, base loss: 13467.69
[INFO 2017-11-15 18:59:46,057 demo.py:73] epoch 283, train loss: 8913.28, average train loss: 8491.63, base loss: 13480.61
[INFO 2017-11-15 18:59:47,148 demo.py:73] epoch 284, train loss: 8420.66, average train loss: 8490.59, base loss: 13490.43
[INFO 2017-11-15 18:59:48,251 demo.py:73] epoch 285, train loss: 8484.98, average train loss: 8489.81, base loss: 13502.46
[INFO 2017-11-15 18:59:49,359 demo.py:73] epoch 286, train loss: 8404.79, average train loss: 8488.61, base loss: 13508.92
[INFO 2017-11-15 18:59:50,479 demo.py:73] epoch 287, train loss: 8693.01, average train loss: 8488.93, base loss: 13515.11
[INFO 2017-11-15 18:59:51,593 demo.py:73] epoch 288, train loss: 8230.55, average train loss: 8486.30, base loss: 13517.87
[INFO 2017-11-15 18:59:52,691 demo.py:73] epoch 289, train loss: 8005.50, average train loss: 8479.03, base loss: 13513.84
[INFO 2017-11-15 18:59:53,769 demo.py:73] epoch 290, train loss: 7929.20, average train loss: 8469.83, base loss: 13501.60
[INFO 2017-11-15 18:59:54,864 demo.py:73] epoch 291, train loss: 7920.94, average train loss: 8456.61, base loss: 13481.35
[INFO 2017-11-15 18:59:55,935 demo.py:73] epoch 292, train loss: 8801.02, average train loss: 8457.97, base loss: 13487.72
[INFO 2017-11-15 18:59:57,000 demo.py:73] epoch 293, train loss: 7838.11, average train loss: 8449.09, base loss: 13471.91
[INFO 2017-11-15 18:59:58,070 demo.py:73] epoch 294, train loss: 8486.66, average train loss: 8446.81, base loss: 13479.07
[INFO 2017-11-15 18:59:59,154 demo.py:73] epoch 295, train loss: 8342.90, average train loss: 8444.31, base loss: 13484.83
[INFO 2017-11-15 19:00:00,233 demo.py:73] epoch 296, train loss: 8023.80, average train loss: 8433.51, base loss: 13467.94
[INFO 2017-11-15 19:00:01,328 demo.py:73] epoch 297, train loss: 8161.88, average train loss: 8430.27, base loss: 13471.28
[INFO 2017-11-15 19:00:02,401 demo.py:73] epoch 298, train loss: 8365.64, average train loss: 8428.93, base loss: 13473.11
[INFO 2017-11-15 19:00:03,474 demo.py:73] epoch 299, train loss: 8550.86, average train loss: 8430.61, base loss: 13482.21
[INFO 2017-11-15 19:00:04,558 demo.py:73] epoch 300, train loss: 8595.93, average train loss: 8431.68, base loss: 13494.53
[INFO 2017-11-15 19:00:05,652 demo.py:73] epoch 301, train loss: 8136.01, average train loss: 8428.48, base loss: 13498.84
[INFO 2017-11-15 19:00:06,734 demo.py:73] epoch 302, train loss: 8300.65, average train loss: 8419.09, base loss: 13496.96
[INFO 2017-11-15 19:00:07,812 demo.py:73] epoch 303, train loss: 7958.56, average train loss: 8413.06, base loss: 13491.88
[INFO 2017-11-15 19:00:08,892 demo.py:73] epoch 304, train loss: 7909.88, average train loss: 8404.66, base loss: 13485.44
[INFO 2017-11-15 19:00:09,960 demo.py:73] epoch 305, train loss: 8068.93, average train loss: 8398.02, base loss: 13481.08
[INFO 2017-11-15 19:00:11,055 demo.py:73] epoch 306, train loss: 7850.25, average train loss: 8392.14, base loss: 13475.16
[INFO 2017-11-15 19:00:12,147 demo.py:73] epoch 307, train loss: 7684.57, average train loss: 8381.89, base loss: 13460.09
[INFO 2017-11-15 19:00:13,231 demo.py:73] epoch 308, train loss: 8056.09, average train loss: 8379.18, base loss: 13466.01
[INFO 2017-11-15 19:00:14,305 demo.py:73] epoch 309, train loss: 8614.61, average train loss: 8380.07, base loss: 13478.80
[INFO 2017-11-15 19:00:15,380 demo.py:73] epoch 310, train loss: 7961.77, average train loss: 8374.03, base loss: 13469.60
[INFO 2017-11-15 19:00:16,446 demo.py:73] epoch 311, train loss: 8563.32, average train loss: 8369.84, base loss: 13469.52
[INFO 2017-11-15 19:00:17,535 demo.py:73] epoch 312, train loss: 8184.95, average train loss: 8366.73, base loss: 13475.10
[INFO 2017-11-15 19:00:18,652 demo.py:73] epoch 313, train loss: 7941.46, average train loss: 8359.32, base loss: 13465.08
[INFO 2017-11-15 19:00:19,738 demo.py:73] epoch 314, train loss: 8459.12, average train loss: 8360.11, base loss: 13478.58
[INFO 2017-11-15 19:00:20,846 demo.py:73] epoch 315, train loss: 7900.29, average train loss: 8350.59, base loss: 13468.11
[INFO 2017-11-15 19:00:21,919 demo.py:73] epoch 316, train loss: 8229.49, average train loss: 8348.63, base loss: 13474.92
[INFO 2017-11-15 19:00:23,009 demo.py:73] epoch 317, train loss: 7739.72, average train loss: 8343.35, base loss: 13470.60
[INFO 2017-11-15 19:00:24,095 demo.py:73] epoch 318, train loss: 8365.93, average train loss: 8344.62, base loss: 13485.13
[INFO 2017-11-15 19:00:25,160 demo.py:73] epoch 319, train loss: 8264.90, average train loss: 8343.53, base loss: 13490.17
[INFO 2017-11-15 19:00:26,243 demo.py:73] epoch 320, train loss: 8045.94, average train loss: 8337.02, base loss: 13487.87
[INFO 2017-11-15 19:00:27,318 demo.py:73] epoch 321, train loss: 7764.22, average train loss: 8334.33, base loss: 13490.36
[INFO 2017-11-15 19:00:28,404 demo.py:73] epoch 322, train loss: 7799.40, average train loss: 8328.83, base loss: 13480.19
[INFO 2017-11-15 19:00:29,466 demo.py:73] epoch 323, train loss: 8291.33, average train loss: 8327.41, base loss: 13481.15
[INFO 2017-11-15 19:00:30,524 demo.py:73] epoch 324, train loss: 7768.78, average train loss: 8320.61, base loss: 13471.04
[INFO 2017-11-15 19:00:31,580 demo.py:73] epoch 325, train loss: 7865.51, average train loss: 8313.14, base loss: 13467.06
[INFO 2017-11-15 19:00:32,663 demo.py:73] epoch 326, train loss: 8037.17, average train loss: 8308.06, base loss: 13474.52
[INFO 2017-11-15 19:00:33,731 demo.py:73] epoch 327, train loss: 7997.41, average train loss: 8302.17, base loss: 13471.48
[INFO 2017-11-15 19:00:34,825 demo.py:73] epoch 328, train loss: 8220.67, average train loss: 8297.80, base loss: 13471.35
[INFO 2017-11-15 19:00:35,928 demo.py:73] epoch 329, train loss: 8275.06, average train loss: 8293.33, base loss: 13466.28
[INFO 2017-11-15 19:00:37,017 demo.py:73] epoch 330, train loss: 8209.49, average train loss: 8293.25, base loss: 13472.66
[INFO 2017-11-15 19:00:38,113 demo.py:73] epoch 331, train loss: 7919.94, average train loss: 8288.43, base loss: 13466.95
[INFO 2017-11-15 19:00:39,209 demo.py:73] epoch 332, train loss: 7942.03, average train loss: 8278.27, base loss: 13452.65
[INFO 2017-11-15 19:00:40,314 demo.py:73] epoch 333, train loss: 8928.81, average train loss: 8285.03, base loss: 13466.92
[INFO 2017-11-15 19:00:41,412 demo.py:73] epoch 334, train loss: 8340.04, average train loss: 8282.33, base loss: 13462.42
[INFO 2017-11-15 19:00:42,502 demo.py:73] epoch 335, train loss: 7799.07, average train loss: 8273.18, base loss: 13448.24
[INFO 2017-11-15 19:00:43,588 demo.py:73] epoch 336, train loss: 7686.02, average train loss: 8268.44, base loss: 13439.79
[INFO 2017-11-15 19:00:44,664 demo.py:73] epoch 337, train loss: 8084.95, average train loss: 8269.52, base loss: 13454.68
[INFO 2017-11-15 19:00:45,745 demo.py:73] epoch 338, train loss: 8027.27, average train loss: 8270.37, base loss: 13462.90
[INFO 2017-11-15 19:00:46,810 demo.py:73] epoch 339, train loss: 8075.52, average train loss: 8272.36, base loss: 13475.35
[INFO 2017-11-15 19:00:47,872 demo.py:73] epoch 340, train loss: 7647.09, average train loss: 8266.79, base loss: 13481.24
[INFO 2017-11-15 19:00:48,990 demo.py:73] epoch 341, train loss: 8049.30, average train loss: 8257.46, base loss: 13476.73
[INFO 2017-11-15 19:00:50,093 demo.py:73] epoch 342, train loss: 8117.33, average train loss: 8257.64, base loss: 13489.95
[INFO 2017-11-15 19:00:51,172 demo.py:73] epoch 343, train loss: 8411.67, average train loss: 8254.06, base loss: 13500.26
[INFO 2017-11-15 19:00:52,235 demo.py:73] epoch 344, train loss: 8201.50, average train loss: 8252.12, base loss: 13509.01
[INFO 2017-11-15 19:00:53,317 demo.py:73] epoch 345, train loss: 8074.36, average train loss: 8243.52, base loss: 13490.95
[INFO 2017-11-15 19:00:54,396 demo.py:73] epoch 346, train loss: 7931.13, average train loss: 8237.37, base loss: 13493.21
[INFO 2017-11-15 19:00:55,451 demo.py:73] epoch 347, train loss: 8023.59, average train loss: 8230.42, base loss: 13481.98
[INFO 2017-11-15 19:00:56,523 demo.py:73] epoch 348, train loss: 7524.20, average train loss: 8220.75, base loss: 13467.30
[INFO 2017-11-15 19:00:57,570 demo.py:73] epoch 349, train loss: 8148.98, average train loss: 8215.49, base loss: 13459.22
[INFO 2017-11-15 19:00:58,636 demo.py:73] epoch 350, train loss: 8259.57, average train loss: 8211.89, base loss: 13459.78
[INFO 2017-11-15 19:00:59,743 demo.py:73] epoch 351, train loss: 7757.95, average train loss: 8208.00, base loss: 13461.48
[INFO 2017-11-15 19:01:00,861 demo.py:73] epoch 352, train loss: 8023.84, average train loss: 8202.26, base loss: 13451.81
[INFO 2017-11-15 19:01:01,936 demo.py:73] epoch 353, train loss: 8006.47, average train loss: 8199.82, base loss: 13450.52
[INFO 2017-11-15 19:01:03,011 demo.py:73] epoch 354, train loss: 7744.06, average train loss: 8193.74, base loss: 13448.07
[INFO 2017-11-15 19:01:04,094 demo.py:73] epoch 355, train loss: 7806.25, average train loss: 8183.32, base loss: 13427.03
[INFO 2017-11-15 19:01:05,157 demo.py:73] epoch 356, train loss: 8419.62, average train loss: 8185.52, base loss: 13442.57
[INFO 2017-11-15 19:01:06,229 demo.py:73] epoch 357, train loss: 7919.25, average train loss: 8176.25, base loss: 13429.41
[INFO 2017-11-15 19:01:07,298 demo.py:73] epoch 358, train loss: 7709.96, average train loss: 8168.90, base loss: 13423.53
[INFO 2017-11-15 19:01:08,428 demo.py:73] epoch 359, train loss: 7995.63, average train loss: 8165.30, base loss: 13437.20
[INFO 2017-11-15 19:01:09,528 demo.py:73] epoch 360, train loss: 7697.82, average train loss: 8154.41, base loss: 13417.81
[INFO 2017-11-15 19:01:10,592 demo.py:73] epoch 361, train loss: 8037.91, average train loss: 8150.16, base loss: 13421.00
[INFO 2017-11-15 19:01:11,661 demo.py:73] epoch 362, train loss: 7800.59, average train loss: 8140.75, base loss: 13415.99
[INFO 2017-11-15 19:01:12,746 demo.py:73] epoch 363, train loss: 7773.73, average train loss: 8137.15, base loss: 13411.57
[INFO 2017-11-15 19:01:13,809 demo.py:73] epoch 364, train loss: 8000.92, average train loss: 8134.42, base loss: 13411.44
[INFO 2017-11-15 19:01:14,929 demo.py:73] epoch 365, train loss: 7860.21, average train loss: 8129.80, base loss: 13404.74
[INFO 2017-11-15 19:01:16,094 demo.py:73] epoch 366, train loss: 7882.29, average train loss: 8124.31, base loss: 13402.06
[INFO 2017-11-15 19:01:17,172 demo.py:73] epoch 367, train loss: 7803.68, average train loss: 8120.12, base loss: 13405.03
[INFO 2017-11-15 19:01:18,253 demo.py:73] epoch 368, train loss: 8191.46, average train loss: 8118.36, base loss: 13409.53
[INFO 2017-11-15 19:01:19,356 demo.py:73] epoch 369, train loss: 7975.77, average train loss: 8119.08, base loss: 13422.24
[INFO 2017-11-15 19:01:20,446 demo.py:73] epoch 370, train loss: 7910.68, average train loss: 8115.53, base loss: 13421.47
[INFO 2017-11-15 19:01:21,509 demo.py:73] epoch 371, train loss: 8185.61, average train loss: 8118.18, base loss: 13435.37
[INFO 2017-11-15 19:01:22,580 demo.py:73] epoch 372, train loss: 8044.88, average train loss: 8117.98, base loss: 13438.56
[INFO 2017-11-15 19:01:23,647 demo.py:73] epoch 373, train loss: 7750.66, average train loss: 8114.11, base loss: 13434.03
[INFO 2017-11-15 19:01:24,729 demo.py:73] epoch 374, train loss: 7921.70, average train loss: 8103.77, base loss: 13423.34
[INFO 2017-11-15 19:01:25,827 demo.py:73] epoch 375, train loss: 7585.94, average train loss: 8097.30, base loss: 13415.54
[INFO 2017-11-15 19:01:26,897 demo.py:73] epoch 376, train loss: 7829.42, average train loss: 8092.73, base loss: 13414.83
[INFO 2017-11-15 19:01:27,972 demo.py:73] epoch 377, train loss: 8483.42, average train loss: 8093.84, base loss: 13423.15
[INFO 2017-11-15 19:01:29,029 demo.py:73] epoch 378, train loss: 7590.99, average train loss: 8091.98, base loss: 13430.35
[INFO 2017-11-15 19:01:30,094 demo.py:73] epoch 379, train loss: 8222.70, average train loss: 8091.47, base loss: 13444.25
[INFO 2017-11-15 19:01:31,199 demo.py:73] epoch 380, train loss: 7566.51, average train loss: 8086.97, base loss: 13445.16
[INFO 2017-11-15 19:01:32,288 demo.py:73] epoch 381, train loss: 8015.77, average train loss: 8078.89, base loss: 13440.90
[INFO 2017-11-15 19:01:33,359 demo.py:73] epoch 382, train loss: 8066.66, average train loss: 8074.10, base loss: 13438.61
[INFO 2017-11-15 19:01:34,436 demo.py:73] epoch 383, train loss: 7948.85, average train loss: 8064.45, base loss: 13430.89
[INFO 2017-11-15 19:01:35,510 demo.py:73] epoch 384, train loss: 7879.93, average train loss: 8059.05, base loss: 13427.33
[INFO 2017-11-15 19:01:36,609 demo.py:73] epoch 385, train loss: 8424.44, average train loss: 8058.44, base loss: 13436.82
[INFO 2017-11-15 19:01:37,705 demo.py:73] epoch 386, train loss: 8175.06, average train loss: 8056.14, base loss: 13444.58
[INFO 2017-11-15 19:01:38,776 demo.py:73] epoch 387, train loss: 7738.71, average train loss: 8046.60, base loss: 13423.87
[INFO 2017-11-15 19:01:39,839 demo.py:73] epoch 388, train loss: 7951.42, average train loss: 8043.81, base loss: 13428.73
[INFO 2017-11-15 19:01:40,902 demo.py:73] epoch 389, train loss: 7604.61, average train loss: 8039.80, base loss: 13426.01
[INFO 2017-11-15 19:01:41,972 demo.py:73] epoch 390, train loss: 7856.12, average train loss: 8039.07, base loss: 13435.37
[INFO 2017-11-15 19:01:43,036 demo.py:73] epoch 391, train loss: 8281.21, average train loss: 8042.67, base loss: 13452.89
[INFO 2017-11-15 19:01:44,115 demo.py:73] epoch 392, train loss: 7905.56, average train loss: 8033.72, base loss: 13451.19
[INFO 2017-11-15 19:01:45,183 demo.py:73] epoch 393, train loss: 8123.69, average train loss: 8036.57, base loss: 13460.74
[INFO 2017-11-15 19:01:46,246 demo.py:73] epoch 394, train loss: 7942.84, average train loss: 8031.14, base loss: 13453.76
[INFO 2017-11-15 19:01:47,333 demo.py:73] epoch 395, train loss: 8010.99, average train loss: 8027.82, base loss: 13451.91
[INFO 2017-11-15 19:01:48,402 demo.py:73] epoch 396, train loss: 7853.70, average train loss: 8026.12, base loss: 13454.08
[INFO 2017-11-15 19:01:49,467 demo.py:73] epoch 397, train loss: 8095.91, average train loss: 8025.46, base loss: 13457.32
[INFO 2017-11-15 19:01:50,532 demo.py:73] epoch 398, train loss: 7862.25, average train loss: 8020.42, base loss: 13455.60
[INFO 2017-11-15 19:01:51,589 demo.py:73] epoch 399, train loss: 8295.61, average train loss: 8017.87, base loss: 13458.97
[INFO 2017-11-15 19:01:51,589 demo.py:75] epoch 399, testing
[INFO 2017-11-15 19:02:00,264 demo.py:131] average test loss: 7919.67, base loss: 13155.51
[INFO 2017-11-15 19:02:00,264 demo.py:132] improve_loss: 5235.84, improve_percent: 0.40
[INFO 2017-11-15 19:02:00,264 base_demo.py:149] model save to ./model.pth
[INFO 2017-11-15 19:02:00,276 base_demo.py:153] current best improved percent: 0.40
[INFO 2017-11-15 19:02:01,362 demo.py:73] epoch 400, train loss: 7770.51, average train loss: 8009.62, base loss: 13446.87
[INFO 2017-11-15 19:02:02,461 demo.py:73] epoch 401, train loss: 7982.55, average train loss: 8008.08, base loss: 13445.76
[INFO 2017-11-15 19:02:03,534 demo.py:73] epoch 402, train loss: 7835.19, average train loss: 8003.43, base loss: 13434.98
[INFO 2017-11-15 19:02:04,644 demo.py:73] epoch 403, train loss: 7950.68, average train loss: 8003.35, base loss: 13437.50
[INFO 2017-11-15 19:02:05,745 demo.py:73] epoch 404, train loss: 7890.20, average train loss: 8003.15, base loss: 13435.85
[INFO 2017-11-15 19:02:06,821 demo.py:73] epoch 405, train loss: 7747.53, average train loss: 7999.94, base loss: 13434.96
[INFO 2017-11-15 19:02:07,919 demo.py:73] epoch 406, train loss: 8336.48, average train loss: 8004.80, base loss: 13453.99
[INFO 2017-11-15 19:02:09,009 demo.py:73] epoch 407, train loss: 8235.45, average train loss: 8010.31, base loss: 13472.08
[INFO 2017-11-15 19:02:10,113 demo.py:73] epoch 408, train loss: 7935.92, average train loss: 8009.11, base loss: 13476.66
[INFO 2017-11-15 19:02:11,202 demo.py:73] epoch 409, train loss: 7833.73, average train loss: 8001.30, base loss: 13463.19
[INFO 2017-11-15 19:02:12,264 demo.py:73] epoch 410, train loss: 7709.02, average train loss: 7998.77, base loss: 13467.48
[INFO 2017-11-15 19:02:13,331 demo.py:73] epoch 411, train loss: 8129.53, average train loss: 7994.43, base loss: 13467.02
[INFO 2017-11-15 19:02:14,395 demo.py:73] epoch 412, train loss: 7923.04, average train loss: 7991.81, base loss: 13470.12
[INFO 2017-11-15 19:02:15,467 demo.py:73] epoch 413, train loss: 8164.84, average train loss: 7994.05, base loss: 13483.43
[INFO 2017-11-15 19:02:16,554 demo.py:73] epoch 414, train loss: 7580.99, average train loss: 7985.27, base loss: 13473.05
[INFO 2017-11-15 19:02:17,638 demo.py:73] epoch 415, train loss: 7954.64, average train loss: 7985.81, base loss: 13481.63
[INFO 2017-11-15 19:02:18,720 demo.py:73] epoch 416, train loss: 7783.83, average train loss: 7981.35, base loss: 13477.54
[INFO 2017-11-15 19:02:19,795 demo.py:73] epoch 417, train loss: 7893.68, average train loss: 7982.89, base loss: 13488.49
[INFO 2017-11-15 19:02:20,871 demo.py:73] epoch 418, train loss: 7857.61, average train loss: 7977.81, base loss: 13478.56
[INFO 2017-11-15 19:02:21,943 demo.py:73] epoch 419, train loss: 7769.07, average train loss: 7972.85, base loss: 13476.04
[INFO 2017-11-15 19:02:23,029 demo.py:73] epoch 420, train loss: 7939.02, average train loss: 7971.78, base loss: 13481.20
[INFO 2017-11-15 19:02:24,124 demo.py:73] epoch 421, train loss: 7804.36, average train loss: 7972.18, base loss: 13493.16
[INFO 2017-11-15 19:02:25,197 demo.py:73] epoch 422, train loss: 7865.63, average train loss: 7972.85, base loss: 13503.39
[INFO 2017-11-15 19:02:26,280 demo.py:73] epoch 423, train loss: 7861.67, average train loss: 7968.55, base loss: 13504.37
[INFO 2017-11-15 19:02:27,347 demo.py:73] epoch 424, train loss: 7710.72, average train loss: 7967.97, base loss: 13511.74
[INFO 2017-11-15 19:02:28,427 demo.py:73] epoch 425, train loss: 7849.10, average train loss: 7967.80, base loss: 13516.26
[INFO 2017-11-15 19:02:29,527 demo.py:73] epoch 426, train loss: 7434.69, average train loss: 7961.78, base loss: 13510.66
[INFO 2017-11-15 19:02:30,613 demo.py:73] epoch 427, train loss: 7658.52, average train loss: 7958.39, base loss: 13505.22
[INFO 2017-11-15 19:02:31,719 demo.py:73] epoch 428, train loss: 7760.85, average train loss: 7953.79, base loss: 13502.38
[INFO 2017-11-15 19:02:32,807 demo.py:73] epoch 429, train loss: 7870.54, average train loss: 7949.75, base loss: 13504.53
[INFO 2017-11-15 19:02:33,887 demo.py:73] epoch 430, train loss: 7803.86, average train loss: 7945.69, base loss: 13497.04
[INFO 2017-11-15 19:02:34,959 demo.py:73] epoch 431, train loss: 7612.79, average train loss: 7942.62, base loss: 13496.72
[INFO 2017-11-15 19:02:36,045 demo.py:73] epoch 432, train loss: 8155.63, average train loss: 7944.76, base loss: 13513.54
[INFO 2017-11-15 19:02:37,135 demo.py:73] epoch 433, train loss: 7903.05, average train loss: 7934.50, base loss: 13509.60
[INFO 2017-11-15 19:02:38,237 demo.py:73] epoch 434, train loss: 7618.20, average train loss: 7927.28, base loss: 13500.31
[INFO 2017-11-15 19:02:39,303 demo.py:73] epoch 435, train loss: 7538.33, average train loss: 7924.67, base loss: 13500.99
[INFO 2017-11-15 19:02:40,378 demo.py:73] epoch 436, train loss: 7502.47, average train loss: 7922.84, base loss: 13509.38
[INFO 2017-11-15 19:02:41,440 demo.py:73] epoch 437, train loss: 7877.14, average train loss: 7920.76, base loss: 13511.38
[INFO 2017-11-15 19:02:42,514 demo.py:73] epoch 438, train loss: 7786.31, average train loss: 7918.35, base loss: 13510.78
[INFO 2017-11-15 19:02:43,571 demo.py:73] epoch 439, train loss: 7641.38, average train loss: 7914.01, base loss: 13512.31
[INFO 2017-11-15 19:02:44,635 demo.py:73] epoch 440, train loss: 7912.55, average train loss: 7916.66, base loss: 13513.43
[INFO 2017-11-15 19:02:45,712 demo.py:73] epoch 441, train loss: 7957.53, average train loss: 7915.74, base loss: 13515.41
[INFO 2017-11-15 19:02:46,780 demo.py:73] epoch 442, train loss: 7967.78, average train loss: 7914.25, base loss: 13519.08
[INFO 2017-11-15 19:02:47,867 demo.py:73] epoch 443, train loss: 7569.66, average train loss: 7905.83, base loss: 13498.45
[INFO 2017-11-15 19:02:48,957 demo.py:73] epoch 444, train loss: 7474.07, average train loss: 7898.55, base loss: 13489.85
[INFO 2017-11-15 19:02:50,024 demo.py:73] epoch 445, train loss: 8152.56, average train loss: 7899.34, base loss: 13495.07
[INFO 2017-11-15 19:02:51,092 demo.py:73] epoch 446, train loss: 7568.54, average train loss: 7895.71, base loss: 13487.46
[INFO 2017-11-15 19:02:52,162 demo.py:73] epoch 447, train loss: 8134.09, average train loss: 7896.82, base loss: 13504.95
[INFO 2017-11-15 19:02:53,221 demo.py:73] epoch 448, train loss: 7765.81, average train loss: 7899.23, base loss: 13519.57
[INFO 2017-11-15 19:02:54,292 demo.py:73] epoch 449, train loss: 7679.58, average train loss: 7894.54, base loss: 13510.73
[INFO 2017-11-15 19:02:55,369 demo.py:73] epoch 450, train loss: 7794.34, average train loss: 7889.89, base loss: 13510.11
[INFO 2017-11-15 19:02:56,435 demo.py:73] epoch 451, train loss: 8245.91, average train loss: 7894.76, base loss: 13523.82
[INFO 2017-11-15 19:02:57,491 demo.py:73] epoch 452, train loss: 8032.10, average train loss: 7894.85, base loss: 13534.89
[INFO 2017-11-15 19:02:58,569 demo.py:73] epoch 453, train loss: 7608.67, average train loss: 7890.87, base loss: 13535.91
[INFO 2017-11-15 19:02:59,627 demo.py:73] epoch 454, train loss: 7516.52, average train loss: 7888.59, base loss: 13531.96
[INFO 2017-11-15 19:03:00,704 demo.py:73] epoch 455, train loss: 7649.98, average train loss: 7887.03, base loss: 13538.60
[INFO 2017-11-15 19:03:01,778 demo.py:73] epoch 456, train loss: 8375.61, average train loss: 7886.59, base loss: 13545.54
[INFO 2017-11-15 19:03:02,869 demo.py:73] epoch 457, train loss: 7818.77, average train loss: 7885.59, base loss: 13548.53
[INFO 2017-11-15 19:03:03,966 demo.py:73] epoch 458, train loss: 7754.79, average train loss: 7886.03, base loss: 13544.28
[INFO 2017-11-15 19:03:05,132 demo.py:73] epoch 459, train loss: 7859.03, average train loss: 7884.67, base loss: 13543.44
[INFO 2017-11-15 19:03:06,286 demo.py:73] epoch 460, train loss: 7925.17, average train loss: 7886.94, base loss: 13559.27
[INFO 2017-11-15 19:03:07,434 demo.py:73] epoch 461, train loss: 7354.57, average train loss: 7880.11, base loss: 13546.50
[INFO 2017-11-15 19:03:08,563 demo.py:73] epoch 462, train loss: 8404.36, average train loss: 7886.15, base loss: 13560.83
[INFO 2017-11-15 19:03:09,712 demo.py:73] epoch 463, train loss: 7474.59, average train loss: 7883.16, base loss: 13561.87
[INFO 2017-11-15 19:03:10,837 demo.py:73] epoch 464, train loss: 7274.19, average train loss: 7875.89, base loss: 13552.10
[INFO 2017-11-15 19:03:11,968 demo.py:73] epoch 465, train loss: 8023.85, average train loss: 7877.52, base loss: 13559.53
[INFO 2017-11-15 19:03:13,037 demo.py:73] epoch 466, train loss: 8001.53, average train loss: 7878.72, base loss: 13567.64
[INFO 2017-11-15 19:03:14,105 demo.py:73] epoch 467, train loss: 7556.10, average train loss: 7876.24, base loss: 13567.60
[INFO 2017-11-15 19:03:15,209 demo.py:73] epoch 468, train loss: 7622.31, average train loss: 7870.55, base loss: 13557.59
[INFO 2017-11-15 19:03:16,284 demo.py:73] epoch 469, train loss: 7830.11, average train loss: 7869.09, base loss: 13560.08
[INFO 2017-11-15 19:03:17,350 demo.py:73] epoch 470, train loss: 7876.97, average train loss: 7868.76, base loss: 13564.86
[INFO 2017-11-15 19:03:18,457 demo.py:73] epoch 471, train loss: 7649.96, average train loss: 7863.40, base loss: 13558.85
[INFO 2017-11-15 19:03:19,529 demo.py:73] epoch 472, train loss: 7639.52, average train loss: 7859.35, base loss: 13560.65
[INFO 2017-11-15 19:03:20,682 demo.py:73] epoch 473, train loss: 7507.16, average train loss: 7856.91, base loss: 13560.81
[INFO 2017-11-15 19:03:21,793 demo.py:73] epoch 474, train loss: 8079.95, average train loss: 7858.49, base loss: 13571.17
[INFO 2017-11-15 19:03:22,907 demo.py:73] epoch 475, train loss: 7813.42, average train loss: 7860.77, base loss: 13580.08
[INFO 2017-11-15 19:03:24,042 demo.py:73] epoch 476, train loss: 7455.76, average train loss: 7857.03, base loss: 13581.10
[INFO 2017-11-15 19:03:25,112 demo.py:73] epoch 477, train loss: 7904.74, average train loss: 7851.24, base loss: 13576.06
[INFO 2017-11-15 19:03:26,215 demo.py:73] epoch 478, train loss: 7405.94, average train loss: 7849.39, base loss: 13582.82
[INFO 2017-11-15 19:03:27,289 demo.py:73] epoch 479, train loss: 7602.96, average train loss: 7843.20, base loss: 13569.89
[INFO 2017-11-15 19:03:28,356 demo.py:73] epoch 480, train loss: 7679.60, average train loss: 7844.33, base loss: 13580.31
[INFO 2017-11-15 19:03:29,465 demo.py:73] epoch 481, train loss: 7569.60, average train loss: 7839.87, base loss: 13578.61
[INFO 2017-11-15 19:03:30,540 demo.py:73] epoch 482, train loss: 7894.34, average train loss: 7838.14, base loss: 13585.06
[INFO 2017-11-15 19:03:31,699 demo.py:73] epoch 483, train loss: 7511.29, average train loss: 7833.77, base loss: 13583.80
[INFO 2017-11-15 19:03:32,761 demo.py:73] epoch 484, train loss: 7629.55, average train loss: 7831.26, base loss: 13583.48
[INFO 2017-11-15 19:03:33,832 demo.py:73] epoch 485, train loss: 7449.18, average train loss: 7821.51, base loss: 13562.86
[INFO 2017-11-15 19:03:34,933 demo.py:73] epoch 486, train loss: 7323.54, average train loss: 7813.00, base loss: 13543.98
[INFO 2017-11-15 19:03:36,022 demo.py:73] epoch 487, train loss: 7709.61, average train loss: 7812.70, base loss: 13558.46
[INFO 2017-11-15 19:03:37,160 demo.py:73] epoch 488, train loss: 7663.97, average train loss: 7809.83, base loss: 13556.49
[INFO 2017-11-15 19:03:38,250 demo.py:73] epoch 489, train loss: 7233.98, average train loss: 7806.12, base loss: 13553.55
[INFO 2017-11-15 19:03:39,348 demo.py:73] epoch 490, train loss: 7986.11, average train loss: 7807.42, base loss: 13563.65
[INFO 2017-11-15 19:03:40,475 demo.py:73] epoch 491, train loss: 7602.62, average train loss: 7800.64, base loss: 13555.73
[INFO 2017-11-15 19:03:41,562 demo.py:73] epoch 492, train loss: 7753.90, average train loss: 7799.12, base loss: 13557.15
[INFO 2017-11-15 19:03:42,701 demo.py:73] epoch 493, train loss: 7657.36, average train loss: 7794.46, base loss: 13561.22
[INFO 2017-11-15 19:03:43,785 demo.py:73] epoch 494, train loss: 8009.83, average train loss: 7795.13, base loss: 13576.33
[INFO 2017-11-15 19:03:44,905 demo.py:73] epoch 495, train loss: 7945.37, average train loss: 7794.47, base loss: 13586.25
[INFO 2017-11-15 19:03:45,997 demo.py:73] epoch 496, train loss: 7643.71, average train loss: 7792.37, base loss: 13586.26
[INFO 2017-11-15 19:03:47,079 demo.py:73] epoch 497, train loss: 7729.54, average train loss: 7788.71, base loss: 13584.87
[INFO 2017-11-15 19:03:48,186 demo.py:73] epoch 498, train loss: 7639.91, average train loss: 7786.48, base loss: 13589.48
[INFO 2017-11-15 19:03:49,278 demo.py:73] epoch 499, train loss: 8491.88, average train loss: 7788.45, base loss: 13597.79
[INFO 2017-11-15 19:03:50,403 demo.py:73] epoch 500, train loss: 7683.92, average train loss: 7787.58, base loss: 13601.43
[INFO 2017-11-15 19:03:51,474 demo.py:73] epoch 501, train loss: 7470.87, average train loss: 7782.46, base loss: 13591.81
[INFO 2017-11-15 19:03:52,599 demo.py:73] epoch 502, train loss: 7919.81, average train loss: 7783.31, base loss: 13606.56
[INFO 2017-11-15 19:03:53,665 demo.py:73] epoch 503, train loss: 7771.18, average train loss: 7781.52, base loss: 13607.54
[INFO 2017-11-15 19:03:54,730 demo.py:73] epoch 504, train loss: 7233.44, average train loss: 7774.95, base loss: 13598.01
[INFO 2017-11-15 19:03:55,852 demo.py:73] epoch 505, train loss: 7463.58, average train loss: 7772.11, base loss: 13599.21
[INFO 2017-11-15 19:03:56,924 demo.py:73] epoch 506, train loss: 7901.07, average train loss: 7767.75, base loss: 13587.10
[INFO 2017-11-15 19:03:58,039 demo.py:73] epoch 507, train loss: 7931.07, average train loss: 7764.71, base loss: 13589.79
[INFO 2017-11-15 19:03:59,118 demo.py:73] epoch 508, train loss: 7454.17, average train loss: 7759.89, base loss: 13580.53
[INFO 2017-11-15 19:04:00,202 demo.py:73] epoch 509, train loss: 7442.08, average train loss: 7755.98, base loss: 13570.55
[INFO 2017-11-15 19:04:01,271 demo.py:73] epoch 510, train loss: 7468.50, average train loss: 7753.57, base loss: 13567.64
[INFO 2017-11-15 19:04:02,327 demo.py:73] epoch 511, train loss: 7805.67, average train loss: 7750.33, base loss: 13560.18
[INFO 2017-11-15 19:04:03,486 demo.py:73] epoch 512, train loss: 7682.77, average train loss: 7747.93, base loss: 13554.92
[INFO 2017-11-15 19:04:04,576 demo.py:73] epoch 513, train loss: 7818.84, average train loss: 7744.47, base loss: 13553.76
[INFO 2017-11-15 19:04:05,656 demo.py:73] epoch 514, train loss: 7659.26, average train loss: 7745.25, base loss: 13557.92
[INFO 2017-11-15 19:04:06,726 demo.py:73] epoch 515, train loss: 7653.17, average train loss: 7742.24, base loss: 13550.61
[INFO 2017-11-15 19:04:07,814 demo.py:73] epoch 516, train loss: 7854.81, average train loss: 7742.95, base loss: 13562.12
[INFO 2017-11-15 19:04:08,918 demo.py:73] epoch 517, train loss: 8092.69, average train loss: 7744.94, base loss: 13571.11
[INFO 2017-11-15 19:04:10,002 demo.py:73] epoch 518, train loss: 7530.55, average train loss: 7741.67, base loss: 13570.87
[INFO 2017-11-15 19:04:11,095 demo.py:73] epoch 519, train loss: 7645.72, average train loss: 7740.43, base loss: 13573.29
[INFO 2017-11-15 19:04:12,173 demo.py:73] epoch 520, train loss: 7279.13, average train loss: 7733.84, base loss: 13561.79
[INFO 2017-11-15 19:04:13,254 demo.py:73] epoch 521, train loss: 7593.83, average train loss: 7731.73, base loss: 13555.66
[INFO 2017-11-15 19:04:14,355 demo.py:73] epoch 522, train loss: 8106.42, average train loss: 7734.14, base loss: 13561.00
[INFO 2017-11-15 19:04:15,481 demo.py:73] epoch 523, train loss: 7331.86, average train loss: 7728.84, base loss: 13550.74
[INFO 2017-11-15 19:04:16,586 demo.py:73] epoch 524, train loss: 7888.03, average train loss: 7730.61, base loss: 13561.83
[INFO 2017-11-15 19:04:17,675 demo.py:73] epoch 525, train loss: 7134.50, average train loss: 7723.47, base loss: 13545.80
[INFO 2017-11-15 19:04:18,755 demo.py:73] epoch 526, train loss: 7432.01, average train loss: 7723.44, base loss: 13542.11
[INFO 2017-11-15 19:04:19,837 demo.py:73] epoch 527, train loss: 7512.67, average train loss: 7721.98, base loss: 13539.78
[INFO 2017-11-15 19:04:20,916 demo.py:73] epoch 528, train loss: 7280.81, average train loss: 7717.18, base loss: 13531.59
[INFO 2017-11-15 19:04:22,045 demo.py:73] epoch 529, train loss: 7378.19, average train loss: 7712.26, base loss: 13518.48
[INFO 2017-11-15 19:04:23,139 demo.py:73] epoch 530, train loss: 7352.04, average train loss: 7707.74, base loss: 13517.13
[INFO 2017-11-15 19:04:24,219 demo.py:73] epoch 531, train loss: 7786.59, average train loss: 7709.48, base loss: 13525.96
[INFO 2017-11-15 19:04:25,320 demo.py:73] epoch 532, train loss: 7666.07, average train loss: 7704.58, base loss: 13514.87
[INFO 2017-11-15 19:04:26,405 demo.py:73] epoch 533, train loss: 7616.36, average train loss: 7701.71, base loss: 13498.63
[INFO 2017-11-15 19:04:27,480 demo.py:73] epoch 534, train loss: 7446.89, average train loss: 7700.00, base loss: 13503.07
[INFO 2017-11-15 19:04:28,572 demo.py:73] epoch 535, train loss: 7311.44, average train loss: 7697.73, base loss: 13497.12
[INFO 2017-11-15 19:04:29,655 demo.py:73] epoch 536, train loss: 7286.38, average train loss: 7695.57, base loss: 13490.29
[INFO 2017-11-15 19:04:30,740 demo.py:73] epoch 537, train loss: 8185.26, average train loss: 7698.65, base loss: 13490.19
[INFO 2017-11-15 19:04:31,826 demo.py:73] epoch 538, train loss: 7351.78, average train loss: 7694.31, base loss: 13483.50
[INFO 2017-11-15 19:04:32,909 demo.py:73] epoch 539, train loss: 7591.35, average train loss: 7693.81, base loss: 13484.28
[INFO 2017-11-15 19:04:34,007 demo.py:73] epoch 540, train loss: 7652.54, average train loss: 7691.21, base loss: 13491.23
[INFO 2017-11-15 19:04:35,083 demo.py:73] epoch 541, train loss: 7803.21, average train loss: 7689.66, base loss: 13496.14
[INFO 2017-11-15 19:04:36,164 demo.py:73] epoch 542, train loss: 7604.54, average train loss: 7686.03, base loss: 13485.99
[INFO 2017-11-15 19:04:37,242 demo.py:73] epoch 543, train loss: 7411.67, average train loss: 7684.45, base loss: 13487.08
[INFO 2017-11-15 19:04:38,319 demo.py:73] epoch 544, train loss: 7589.31, average train loss: 7685.60, base loss: 13483.57
[INFO 2017-11-15 19:04:39,379 demo.py:73] epoch 545, train loss: 7287.38, average train loss: 7676.95, base loss: 13475.46
[INFO 2017-11-15 19:04:40,491 demo.py:73] epoch 546, train loss: 7411.41, average train loss: 7675.38, base loss: 13469.00
[INFO 2017-11-15 19:04:41,600 demo.py:73] epoch 547, train loss: 7654.71, average train loss: 7670.59, base loss: 13458.36
[INFO 2017-11-15 19:04:42,698 demo.py:73] epoch 548, train loss: 7570.03, average train loss: 7668.63, base loss: 13458.38
[INFO 2017-11-15 19:04:43,770 demo.py:73] epoch 549, train loss: 7581.54, average train loss: 7667.65, base loss: 13467.51
[INFO 2017-11-15 19:04:44,871 demo.py:73] epoch 550, train loss: 7582.45, average train loss: 7665.53, base loss: 13466.33
[INFO 2017-11-15 19:04:45,929 demo.py:73] epoch 551, train loss: 7453.66, average train loss: 7657.61, base loss: 13451.99
[INFO 2017-11-15 19:04:47,000 demo.py:73] epoch 552, train loss: 7556.12, average train loss: 7652.85, base loss: 13443.94
[INFO 2017-11-15 19:04:48,058 demo.py:73] epoch 553, train loss: 7546.18, average train loss: 7652.22, base loss: 13447.32
[INFO 2017-11-15 19:04:49,132 demo.py:73] epoch 554, train loss: 7438.36, average train loss: 7651.44, base loss: 13453.61
[INFO 2017-11-15 19:04:50,216 demo.py:73] epoch 555, train loss: 7673.97, average train loss: 7651.68, base loss: 13458.26
[INFO 2017-11-15 19:04:51,290 demo.py:73] epoch 556, train loss: 7921.60, average train loss: 7647.14, base loss: 13446.43
[INFO 2017-11-15 19:04:52,362 demo.py:73] epoch 557, train loss: 7583.66, average train loss: 7644.79, base loss: 13441.07
[INFO 2017-11-15 19:04:53,438 demo.py:73] epoch 558, train loss: 7283.92, average train loss: 7640.08, base loss: 13443.50
[INFO 2017-11-15 19:04:54,508 demo.py:73] epoch 559, train loss: 7392.18, average train loss: 7635.41, base loss: 13431.80
[INFO 2017-11-15 19:04:55,600 demo.py:73] epoch 560, train loss: 8122.35, average train loss: 7637.38, base loss: 13427.03
[INFO 2017-11-15 19:04:56,667 demo.py:73] epoch 561, train loss: 7355.33, average train loss: 7637.39, base loss: 13432.65
[INFO 2017-11-15 19:04:57,738 demo.py:73] epoch 562, train loss: 7551.99, average train loss: 7628.87, base loss: 13421.06
[INFO 2017-11-15 19:04:58,806 demo.py:73] epoch 563, train loss: 7656.83, average train loss: 7630.69, base loss: 13430.31
[INFO 2017-11-15 19:04:59,880 demo.py:73] epoch 564, train loss: 7605.84, average train loss: 7634.01, base loss: 13441.85
[INFO 2017-11-15 19:05:00,967 demo.py:73] epoch 565, train loss: 7291.96, average train loss: 7626.69, base loss: 13427.46
