[INFO 2017-11-14 13:59:32,161 demo.py:215] Namespace(augment_reverse=False, batch_size=32, bg_move=False, bg_noise=0.5, data='robot128c', diff_div_thresh=1.1, display=False, display_all=False, fg_noise=0.1, fixed_data=False, hist_equal=False, image_channel=3, image_size=128, init_model_path='', learning_rate=0.001, max_diff_thresh=0.2, min_diff_thresh=0.02, motion_range=2, motion_type='affine', num_frame=4, num_objects=1, rand_noise=0, save_dir='./', save_display=False, save_display_dir='./', save_interval=100, seed=111, test=False, test_all=False, test_epoch=20, test_gt=False, test_interval=200, train=True, train_epoch=2000)
[INFO 2017-11-14 13:59:44,508 demo.py:73] epoch 0, train loss: 108614.54, average train loss: 108614.54, base loss: 46428.16
[INFO 2017-11-14 13:59:51,123 demo.py:73] epoch 1, train loss: 98264.71, average train loss: 103439.62, base loss: 47456.70
[INFO 2017-11-14 13:59:56,438 demo.py:73] epoch 2, train loss: 86923.94, average train loss: 97934.40, base loss: 46992.70
[INFO 2017-11-14 14:00:01,229 demo.py:73] epoch 3, train loss: 80706.28, average train loss: 93627.37, base loss: 46692.39
[INFO 2017-11-14 14:00:10,631 demo.py:73] epoch 4, train loss: 76404.31, average train loss: 90182.76, base loss: 47038.14
[INFO 2017-11-14 14:00:17,108 demo.py:73] epoch 5, train loss: 74197.05, average train loss: 87518.47, base loss: 47325.71
[INFO 2017-11-14 14:00:23,313 demo.py:73] epoch 6, train loss: 72023.75, average train loss: 85304.94, base loss: 48010.40
[INFO 2017-11-14 14:00:30,165 demo.py:73] epoch 7, train loss: 64659.83, average train loss: 82724.30, base loss: 47660.63
[INFO 2017-11-14 14:00:40,524 demo.py:73] epoch 8, train loss: 66338.63, average train loss: 80903.67, base loss: 48096.64
[INFO 2017-11-14 14:00:47,139 demo.py:73] epoch 9, train loss: 58073.23, average train loss: 78620.63, base loss: 47640.82
[INFO 2017-11-14 14:00:54,116 demo.py:73] epoch 10, train loss: 56997.73, average train loss: 76654.91, base loss: 47488.20
[INFO 2017-11-14 14:01:01,930 demo.py:73] epoch 11, train loss: 56697.11, average train loss: 74991.76, base loss: 47507.99
[INFO 2017-11-14 14:01:09,798 demo.py:73] epoch 12, train loss: 52715.79, average train loss: 73278.22, base loss: 47236.22
[INFO 2017-11-14 14:01:16,759 demo.py:73] epoch 13, train loss: 56623.54, average train loss: 72088.60, base loss: 47489.48
[INFO 2017-11-14 14:01:21,774 demo.py:73] epoch 14, train loss: 50093.64, average train loss: 70622.27, base loss: 47336.88
[INFO 2017-11-14 14:01:27,117 demo.py:73] epoch 15, train loss: 52413.73, average train loss: 69484.24, base loss: 47446.47
[INFO 2017-11-14 14:01:33,796 demo.py:73] epoch 16, train loss: 49299.90, average train loss: 68296.92, base loss: 47426.31
[INFO 2017-11-14 14:01:39,587 demo.py:73] epoch 17, train loss: 48572.02, average train loss: 67201.10, base loss: 47397.36
[INFO 2017-11-14 14:01:45,194 demo.py:73] epoch 18, train loss: 47976.89, average train loss: 66189.30, base loss: 47431.54
[INFO 2017-11-14 14:01:54,240 demo.py:73] epoch 19, train loss: 43732.16, average train loss: 65066.44, base loss: 47269.17
[INFO 2017-11-14 14:02:01,058 demo.py:73] epoch 20, train loss: 43565.95, average train loss: 64042.61, base loss: 47138.39
[INFO 2017-11-14 14:02:07,751 demo.py:73] epoch 21, train loss: 44702.19, average train loss: 63163.50, base loss: 47136.58
[INFO 2017-11-14 14:02:14,322 demo.py:73] epoch 22, train loss: 43325.16, average train loss: 62300.96, base loss: 47075.15
[INFO 2017-11-14 14:02:24,370 demo.py:73] epoch 23, train loss: 40510.83, average train loss: 61393.04, base loss: 46930.30
[INFO 2017-11-14 14:02:31,301 demo.py:73] epoch 24, train loss: 45539.63, average train loss: 60758.90, base loss: 47038.15
[INFO 2017-11-14 14:02:38,160 demo.py:73] epoch 25, train loss: 43913.09, average train loss: 60110.99, base loss: 47112.88
[INFO 2017-11-14 14:02:43,878 demo.py:73] epoch 26, train loss: 42069.57, average train loss: 59442.78, base loss: 47101.85
[INFO 2017-11-14 14:02:49,823 demo.py:73] epoch 27, train loss: 40655.50, average train loss: 58771.81, base loss: 47041.98
[INFO 2017-11-14 14:02:57,287 demo.py:73] epoch 28, train loss: 42132.87, average train loss: 58198.05, base loss: 47071.36
[INFO 2017-11-14 14:03:03,620 demo.py:73] epoch 29, train loss: 42207.70, average train loss: 57665.04, base loss: 47097.28
[INFO 2017-11-14 14:03:10,760 demo.py:73] epoch 30, train loss: 39279.34, average train loss: 57071.95, base loss: 47020.84
[INFO 2017-11-14 14:03:18,744 demo.py:73] epoch 31, train loss: 37214.18, average train loss: 56451.40, base loss: 46903.63
[INFO 2017-11-14 14:03:24,905 demo.py:73] epoch 32, train loss: 41193.90, average train loss: 55989.05, base loss: 46941.74
[INFO 2017-11-14 14:03:33,238 demo.py:73] epoch 33, train loss: 41354.61, average train loss: 55558.63, base loss: 46972.44
[INFO 2017-11-14 14:03:39,916 demo.py:73] epoch 34, train loss: 39265.20, average train loss: 55093.10, base loss: 46936.56
[INFO 2017-11-14 14:03:46,548 demo.py:73] epoch 35, train loss: 40752.16, average train loss: 54694.74, base loss: 46968.99
[INFO 2017-11-14 14:03:55,172 demo.py:73] epoch 36, train loss: 37739.55, average train loss: 54236.49, base loss: 46928.24
[INFO 2017-11-14 14:04:01,339 demo.py:73] epoch 37, train loss: 36742.45, average train loss: 53776.12, base loss: 46853.55
[INFO 2017-11-14 14:04:10,386 demo.py:73] epoch 38, train loss: 41578.74, average train loss: 53463.37, base loss: 46933.91
[INFO 2017-11-14 14:04:17,881 demo.py:73] epoch 39, train loss: 39468.11, average train loss: 53113.49, base loss: 46944.12
[INFO 2017-11-14 14:04:25,353 demo.py:73] epoch 40, train loss: 41018.86, average train loss: 52818.50, base loss: 47001.28
[INFO 2017-11-14 14:04:33,278 demo.py:73] epoch 41, train loss: 39779.41, average train loss: 52508.04, base loss: 47027.77
[INFO 2017-11-14 14:04:41,985 demo.py:73] epoch 42, train loss: 39814.77, average train loss: 52212.85, base loss: 47043.12
[INFO 2017-11-14 14:04:47,814 demo.py:73] epoch 43, train loss: 43926.96, average train loss: 52024.53, base loss: 47168.02
[INFO 2017-11-14 14:04:52,828 demo.py:73] epoch 44, train loss: 37598.99, average train loss: 51703.97, base loss: 47138.32
[INFO 2017-11-14 14:04:59,259 demo.py:73] epoch 45, train loss: 35605.39, average train loss: 51354.00, base loss: 47053.30
[INFO 2017-11-14 14:05:06,202 demo.py:73] epoch 46, train loss: 37356.22, average train loss: 51056.17, base loss: 47045.11
[INFO 2017-11-14 14:05:13,462 demo.py:73] epoch 47, train loss: 37446.46, average train loss: 50772.64, base loss: 47024.07
[INFO 2017-11-14 14:05:20,081 demo.py:73] epoch 48, train loss: 36554.60, average train loss: 50482.47, base loss: 46975.18
[INFO 2017-11-14 14:05:25,653 demo.py:73] epoch 49, train loss: 37137.37, average train loss: 50215.57, base loss: 46948.69
[INFO 2017-11-14 14:05:32,404 demo.py:73] epoch 50, train loss: 40108.45, average train loss: 50017.39, base loss: 47026.70
[INFO 2017-11-14 14:05:38,360 demo.py:73] epoch 51, train loss: 39074.03, average train loss: 49806.94, base loss: 47002.64
[INFO 2017-11-14 14:05:44,845 demo.py:73] epoch 52, train loss: 39014.43, average train loss: 49603.31, base loss: 47007.78
[INFO 2017-11-14 14:05:50,477 demo.py:73] epoch 53, train loss: 39468.26, average train loss: 49415.62, base loss: 47036.57
[INFO 2017-11-14 14:05:57,386 demo.py:73] epoch 54, train loss: 38345.67, average train loss: 49214.35, base loss: 47022.68
[INFO 2017-11-14 14:06:05,338 demo.py:73] epoch 55, train loss: 37671.70, average train loss: 49008.23, base loss: 47020.96
[INFO 2017-11-14 14:06:11,736 demo.py:73] epoch 56, train loss: 39057.34, average train loss: 48833.66, base loss: 47046.56
[INFO 2017-11-14 14:06:18,406 demo.py:73] epoch 57, train loss: 38443.50, average train loss: 48654.52, base loss: 47049.46
[INFO 2017-11-14 14:06:25,635 demo.py:73] epoch 58, train loss: 40518.11, average train loss: 48516.61, base loss: 47108.30
[INFO 2017-11-14 14:06:33,031 demo.py:73] epoch 59, train loss: 37827.07, average train loss: 48338.45, base loss: 47113.99
[INFO 2017-11-14 14:06:39,643 demo.py:73] epoch 60, train loss: 38321.36, average train loss: 48174.24, base loss: 47115.63
[INFO 2017-11-14 14:06:46,817 demo.py:73] epoch 61, train loss: 40586.84, average train loss: 48051.86, base loss: 47166.45
[INFO 2017-11-14 14:06:52,990 demo.py:73] epoch 62, train loss: 38407.91, average train loss: 47898.78, base loss: 47162.11
[INFO 2017-11-14 14:06:59,695 demo.py:73] epoch 63, train loss: 37803.46, average train loss: 47741.04, base loss: 47159.64
[INFO 2017-11-14 14:07:05,434 demo.py:73] epoch 64, train loss: 36423.38, average train loss: 47566.92, base loss: 47142.05
[INFO 2017-11-14 14:07:12,642 demo.py:73] epoch 65, train loss: 37165.27, average train loss: 47409.32, base loss: 47146.29
[INFO 2017-11-14 14:07:20,236 demo.py:73] epoch 66, train loss: 38305.14, average train loss: 47273.44, base loss: 47157.94
[INFO 2017-11-14 14:07:28,479 demo.py:73] epoch 67, train loss: 37047.90, average train loss: 47123.06, base loss: 47146.32
[INFO 2017-11-14 14:07:36,913 demo.py:73] epoch 68, train loss: 36622.06, average train loss: 46970.88, base loss: 47153.20
[INFO 2017-11-14 14:07:43,018 demo.py:73] epoch 69, train loss: 34948.72, average train loss: 46799.13, base loss: 47117.01
[INFO 2017-11-14 14:07:51,560 demo.py:73] epoch 70, train loss: 41119.71, average train loss: 46719.14, base loss: 47174.42
[INFO 2017-11-14 14:07:59,652 demo.py:73] epoch 71, train loss: 36910.38, average train loss: 46582.91, base loss: 47198.59
[INFO 2017-11-14 14:08:07,261 demo.py:73] epoch 72, train loss: 37105.27, average train loss: 46453.08, base loss: 47201.32
[INFO 2017-11-14 14:08:14,130 demo.py:73] epoch 73, train loss: 37127.66, average train loss: 46327.06, base loss: 47225.16
[INFO 2017-11-14 14:08:20,514 demo.py:73] epoch 74, train loss: 38499.18, average train loss: 46222.68, base loss: 47244.04
[INFO 2017-11-14 14:08:26,614 demo.py:73] epoch 75, train loss: 37824.70, average train loss: 46112.18, base loss: 47264.57
[INFO 2017-11-14 14:08:32,469 demo.py:73] epoch 76, train loss: 40146.06, average train loss: 46034.70, base loss: 47323.63
[INFO 2017-11-14 14:08:39,835 demo.py:73] epoch 77, train loss: 42055.79, average train loss: 45983.69, base loss: 47418.11
[INFO 2017-11-14 14:08:46,131 demo.py:73] epoch 78, train loss: 35971.41, average train loss: 45856.95, base loss: 47405.72
[INFO 2017-11-14 14:08:53,207 demo.py:73] epoch 79, train loss: 35894.70, average train loss: 45732.42, base loss: 47401.47
[INFO 2017-11-14 14:08:59,386 demo.py:73] epoch 80, train loss: 35166.04, average train loss: 45601.98, base loss: 47377.98
[INFO 2017-11-14 14:09:06,649 demo.py:73] epoch 81, train loss: 37338.06, average train loss: 45501.20, base loss: 47370.87
[INFO 2017-11-14 14:09:14,826 demo.py:73] epoch 82, train loss: 36634.99, average train loss: 45394.37, base loss: 47382.92
[INFO 2017-11-14 14:09:20,833 demo.py:73] epoch 83, train loss: 39351.84, average train loss: 45322.44, base loss: 47416.21
[INFO 2017-11-14 14:09:30,725 demo.py:73] epoch 84, train loss: 36709.32, average train loss: 45221.11, base loss: 47423.40
[INFO 2017-11-14 14:09:39,652 demo.py:73] epoch 85, train loss: 37630.24, average train loss: 45132.84, base loss: 47446.96
[INFO 2017-11-14 14:09:45,662 demo.py:73] epoch 86, train loss: 38454.11, average train loss: 45056.08, base loss: 47486.20
[INFO 2017-11-14 14:09:52,288 demo.py:73] epoch 87, train loss: 37988.01, average train loss: 44975.76, base loss: 47503.13
[INFO 2017-11-14 14:09:59,874 demo.py:73] epoch 88, train loss: 35753.45, average train loss: 44872.14, base loss: 47475.11
[INFO 2017-11-14 14:10:08,150 demo.py:73] epoch 89, train loss: 37927.13, average train loss: 44794.97, base loss: 47495.51
[INFO 2017-11-14 14:10:14,507 demo.py:73] epoch 90, train loss: 36876.93, average train loss: 44707.96, base loss: 47497.60
[INFO 2017-11-14 14:10:21,139 demo.py:73] epoch 91, train loss: 38248.20, average train loss: 44637.74, base loss: 47510.61
[INFO 2017-11-14 14:10:28,030 demo.py:73] epoch 92, train loss: 36952.13, average train loss: 44555.10, base loss: 47508.67
[INFO 2017-11-14 14:10:35,305 demo.py:73] epoch 93, train loss: 32992.59, average train loss: 44432.10, base loss: 47461.53
[INFO 2017-11-14 14:10:43,948 demo.py:73] epoch 94, train loss: 36180.59, average train loss: 44345.24, base loss: 47454.55
[INFO 2017-11-14 14:10:50,394 demo.py:73] epoch 95, train loss: 36417.71, average train loss: 44262.66, base loss: 47451.57
[INFO 2017-11-14 14:10:58,069 demo.py:73] epoch 96, train loss: 37475.81, average train loss: 44192.69, base loss: 47458.77
[INFO 2017-11-14 14:11:03,927 demo.py:73] epoch 97, train loss: 38198.55, average train loss: 44131.53, base loss: 47483.32
[INFO 2017-11-14 14:11:10,769 demo.py:73] epoch 98, train loss: 34933.34, average train loss: 44038.62, base loss: 47461.56
[INFO 2017-11-14 14:11:17,324 demo.py:73] epoch 99, train loss: 34832.90, average train loss: 43946.56, base loss: 47457.64
[INFO 2017-11-14 14:11:24,416 demo.py:73] epoch 100, train loss: 33461.39, average train loss: 43195.03, base loss: 47426.42
[INFO 2017-11-14 14:11:31,581 demo.py:73] epoch 101, train loss: 39206.25, average train loss: 42604.44, base loss: 47457.09
[INFO 2017-11-14 14:11:37,728 demo.py:73] epoch 102, train loss: 34216.96, average train loss: 42077.37, base loss: 47463.51
[INFO 2017-11-14 14:11:44,947 demo.py:73] epoch 103, train loss: 36256.19, average train loss: 41632.87, base loss: 47481.97
[INFO 2017-11-14 14:11:51,019 demo.py:73] epoch 104, train loss: 37037.22, average train loss: 41239.20, base loss: 47494.27
[INFO 2017-11-14 14:11:59,141 demo.py:73] epoch 105, train loss: 34041.08, average train loss: 40837.64, base loss: 47450.32
[INFO 2017-11-14 14:12:04,496 demo.py:73] epoch 106, train loss: 38812.64, average train loss: 40505.53, base loss: 47427.82
[INFO 2017-11-14 14:12:10,911 demo.py:73] epoch 107, train loss: 36563.41, average train loss: 40224.57, base loss: 47451.94
[INFO 2017-11-14 14:12:17,342 demo.py:73] epoch 108, train loss: 37182.31, average train loss: 39933.00, base loss: 47440.03
[INFO 2017-11-14 14:12:23,429 demo.py:73] epoch 109, train loss: 35495.62, average train loss: 39707.23, base loss: 47468.58
[INFO 2017-11-14 14:12:29,394 demo.py:73] epoch 110, train loss: 35239.36, average train loss: 39489.64, base loss: 47481.60
[INFO 2017-11-14 14:12:36,300 demo.py:73] epoch 111, train loss: 41385.71, average train loss: 39336.53, base loss: 47557.75
[INFO 2017-11-14 14:12:43,466 demo.py:73] epoch 112, train loss: 35085.39, average train loss: 39160.23, base loss: 47591.91
[INFO 2017-11-14 14:12:50,186 demo.py:73] epoch 113, train loss: 37920.44, average train loss: 38973.19, base loss: 47596.53
[INFO 2017-11-14 14:12:56,729 demo.py:73] epoch 114, train loss: 33499.26, average train loss: 38807.25, base loss: 47577.97
[INFO 2017-11-14 14:13:03,171 demo.py:73] epoch 115, train loss: 36649.79, average train loss: 38649.61, base loss: 47581.95
[INFO 2017-11-14 14:13:08,809 demo.py:73] epoch 116, train loss: 33734.68, average train loss: 38493.96, base loss: 47550.90
[INFO 2017-11-14 14:13:15,650 demo.py:73] epoch 117, train loss: 32853.41, average train loss: 38336.77, base loss: 47526.91
[INFO 2017-11-14 14:13:22,314 demo.py:73] epoch 118, train loss: 37971.99, average train loss: 38236.72, base loss: 47548.31
[INFO 2017-11-14 14:13:29,623 demo.py:73] epoch 119, train loss: 36965.99, average train loss: 38169.06, base loss: 47607.20
[INFO 2017-11-14 14:13:36,776 demo.py:73] epoch 120, train loss: 34790.86, average train loss: 38081.31, base loss: 47632.78
[INFO 2017-11-14 14:13:43,434 demo.py:73] epoch 121, train loss: 37715.54, average train loss: 38011.44, base loss: 47664.94
[INFO 2017-11-14 14:13:50,299 demo.py:73] epoch 122, train loss: 34421.48, average train loss: 37922.41, base loss: 47655.33
[INFO 2017-11-14 14:13:57,544 demo.py:73] epoch 123, train loss: 34155.77, average train loss: 37858.86, base loss: 47671.78
[INFO 2017-11-14 14:14:04,080 demo.py:73] epoch 124, train loss: 39232.22, average train loss: 37795.78, base loss: 47700.23
[INFO 2017-11-14 14:14:10,510 demo.py:73] epoch 125, train loss: 34944.69, average train loss: 37706.10, base loss: 47683.17
[INFO 2017-11-14 14:14:17,760 demo.py:73] epoch 126, train loss: 34019.30, average train loss: 37625.60, base loss: 47667.32
[INFO 2017-11-14 14:14:25,284 demo.py:73] epoch 127, train loss: 35166.91, average train loss: 37570.71, base loss: 47697.87
[INFO 2017-11-14 14:14:33,395 demo.py:73] epoch 128, train loss: 35015.85, average train loss: 37499.54, base loss: 47697.20
[INFO 2017-11-14 14:14:40,727 demo.py:73] epoch 129, train loss: 35802.86, average train loss: 37435.49, base loss: 47686.63
[INFO 2017-11-14 14:14:49,088 demo.py:73] epoch 130, train loss: 31591.21, average train loss: 37358.61, base loss: 47675.46
[INFO 2017-11-14 14:14:56,817 demo.py:73] epoch 131, train loss: 34853.79, average train loss: 37335.01, base loss: 47696.81
[INFO 2017-11-14 14:15:04,628 demo.py:73] epoch 132, train loss: 32400.11, average train loss: 37247.07, base loss: 47654.30
[INFO 2017-11-14 14:15:11,723 demo.py:73] epoch 133, train loss: 31907.62, average train loss: 37152.60, base loss: 47608.98
[INFO 2017-11-14 14:15:20,344 demo.py:73] epoch 134, train loss: 33872.81, average train loss: 37098.68, base loss: 47615.73
[INFO 2017-11-14 14:15:29,743 demo.py:73] epoch 135, train loss: 34870.73, average train loss: 37039.86, base loss: 47593.65
[INFO 2017-11-14 14:15:37,314 demo.py:73] epoch 136, train loss: 32810.45, average train loss: 36990.57, base loss: 47587.44
[INFO 2017-11-14 14:15:46,087 demo.py:73] epoch 137, train loss: 33471.92, average train loss: 36957.86, base loss: 47615.59
[INFO 2017-11-14 14:15:53,758 demo.py:73] epoch 138, train loss: 34110.33, average train loss: 36883.18, base loss: 47573.47
[INFO 2017-11-14 14:16:01,403 demo.py:73] epoch 139, train loss: 36955.12, average train loss: 36858.05, base loss: 47601.28
[INFO 2017-11-14 14:16:09,180 demo.py:73] epoch 140, train loss: 37254.07, average train loss: 36820.40, base loss: 47591.27
[INFO 2017-11-14 14:16:18,728 demo.py:73] epoch 141, train loss: 34925.53, average train loss: 36771.86, base loss: 47598.35
[INFO 2017-11-14 14:16:27,566 demo.py:73] epoch 142, train loss: 35377.48, average train loss: 36727.49, base loss: 47606.23
[INFO 2017-11-14 14:16:37,180 demo.py:73] epoch 143, train loss: 39665.89, average train loss: 36684.88, base loss: 47631.26
[INFO 2017-11-14 14:16:45,932 demo.py:73] epoch 144, train loss: 35972.39, average train loss: 36668.61, base loss: 47665.78
[INFO 2017-11-14 14:16:53,640 demo.py:73] epoch 145, train loss: 33089.51, average train loss: 36643.46, base loss: 47679.57
[INFO 2017-11-14 14:17:00,831 demo.py:73] epoch 146, train loss: 37975.99, average train loss: 36649.65, base loss: 47726.32
[INFO 2017-11-14 14:17:10,199 demo.py:73] epoch 147, train loss: 35474.24, average train loss: 36629.93, base loss: 47767.25
[INFO 2017-11-14 14:17:19,934 demo.py:73] epoch 148, train loss: 34099.87, average train loss: 36605.38, base loss: 47791.35
[INFO 2017-11-14 14:17:28,248 demo.py:73] epoch 149, train loss: 33360.52, average train loss: 36567.62, base loss: 47790.76
[INFO 2017-11-14 14:17:37,257 demo.py:73] epoch 150, train loss: 33574.43, average train loss: 36502.28, base loss: 47735.14
[INFO 2017-11-14 14:17:44,485 demo.py:73] epoch 151, train loss: 37795.43, average train loss: 36489.49, base loss: 47785.88
[INFO 2017-11-14 14:17:53,660 demo.py:73] epoch 152, train loss: 37992.09, average train loss: 36479.27, base loss: 47828.36
[INFO 2017-11-14 14:17:59,882 demo.py:73] epoch 153, train loss: 34741.69, average train loss: 36432.00, base loss: 47824.31
[INFO 2017-11-14 14:18:06,443 demo.py:73] epoch 154, train loss: 35614.41, average train loss: 36404.69, base loss: 47858.17
[INFO 2017-11-14 14:18:14,182 demo.py:73] epoch 155, train loss: 32833.24, average train loss: 36356.30, base loss: 47834.79
[INFO 2017-11-14 14:18:21,652 demo.py:73] epoch 156, train loss: 33300.07, average train loss: 36298.73, base loss: 47790.40
[INFO 2017-11-14 14:18:29,007 demo.py:73] epoch 157, train loss: 33591.79, average train loss: 36250.21, base loss: 47775.27
[INFO 2017-11-14 14:18:35,094 demo.py:73] epoch 158, train loss: 38568.07, average train loss: 36230.71, base loss: 47773.57
[INFO 2017-11-14 14:18:41,081 demo.py:73] epoch 159, train loss: 33430.09, average train loss: 36186.74, base loss: 47758.43
[INFO 2017-11-14 14:18:47,388 demo.py:73] epoch 160, train loss: 36903.07, average train loss: 36172.56, base loss: 47784.74
[INFO 2017-11-14 14:18:54,720 demo.py:73] epoch 161, train loss: 35942.81, average train loss: 36126.12, base loss: 47765.43
[INFO 2017-11-14 14:19:01,696 demo.py:73] epoch 162, train loss: 34823.53, average train loss: 36090.28, base loss: 47789.70
[INFO 2017-11-14 14:19:09,219 demo.py:73] epoch 163, train loss: 34992.90, average train loss: 36062.17, base loss: 47825.77
[INFO 2017-11-14 14:19:16,812 demo.py:73] epoch 164, train loss: 34259.83, average train loss: 36040.53, base loss: 47822.83
[INFO 2017-11-14 14:19:24,625 demo.py:73] epoch 165, train loss: 34487.00, average train loss: 36013.75, base loss: 47814.61
[INFO 2017-11-14 14:19:32,133 demo.py:73] epoch 166, train loss: 32713.40, average train loss: 35957.83, base loss: 47778.83
[INFO 2017-11-14 14:19:39,419 demo.py:73] epoch 167, train loss: 33093.70, average train loss: 35918.29, base loss: 47778.08
[INFO 2017-11-14 14:19:46,170 demo.py:73] epoch 168, train loss: 34619.80, average train loss: 35898.27, base loss: 47766.64
[INFO 2017-11-14 14:19:53,127 demo.py:73] epoch 169, train loss: 35225.42, average train loss: 35901.04, base loss: 47821.90
[INFO 2017-11-14 14:20:01,884 demo.py:73] epoch 170, train loss: 36856.35, average train loss: 35858.40, base loss: 47817.76
[INFO 2017-11-14 14:20:07,988 demo.py:73] epoch 171, train loss: 37465.89, average train loss: 35863.96, base loss: 47845.27
[INFO 2017-11-14 14:20:13,743 demo.py:73] epoch 172, train loss: 33650.75, average train loss: 35829.41, base loss: 47836.29
[INFO 2017-11-14 14:20:21,600 demo.py:73] epoch 173, train loss: 34586.98, average train loss: 35804.01, base loss: 47827.36
[INFO 2017-11-14 14:20:27,777 demo.py:73] epoch 174, train loss: 33466.45, average train loss: 35753.68, base loss: 47792.35
[INFO 2017-11-14 14:20:35,202 demo.py:73] epoch 175, train loss: 33668.76, average train loss: 35712.12, base loss: 47765.60
[INFO 2017-11-14 14:20:40,921 demo.py:73] epoch 176, train loss: 34684.97, average train loss: 35657.51, base loss: 47740.72
[INFO 2017-11-14 14:20:48,451 demo.py:73] epoch 177, train loss: 31426.36, average train loss: 35551.22, base loss: 47629.64
[INFO 2017-11-14 14:20:54,390 demo.py:73] epoch 178, train loss: 36204.37, average train loss: 35553.54, base loss: 47638.97
[INFO 2017-11-14 14:20:59,991 demo.py:73] epoch 179, train loss: 36512.52, average train loss: 35559.72, base loss: 47663.24
[INFO 2017-11-14 14:21:06,356 demo.py:73] epoch 180, train loss: 32145.48, average train loss: 35529.52, base loss: 47647.51
[INFO 2017-11-14 14:21:11,818 demo.py:73] epoch 181, train loss: 35060.36, average train loss: 35506.74, base loss: 47643.59
[INFO 2017-11-14 14:21:18,046 demo.py:73] epoch 182, train loss: 30543.33, average train loss: 35445.82, base loss: 47588.03
[INFO 2017-11-14 14:21:24,950 demo.py:73] epoch 183, train loss: 31594.36, average train loss: 35368.25, base loss: 47532.90
[INFO 2017-11-14 14:21:31,287 demo.py:73] epoch 184, train loss: 33459.37, average train loss: 35335.75, base loss: 47499.03
[INFO 2017-11-14 14:21:37,948 demo.py:73] epoch 185, train loss: 33814.86, average train loss: 35297.60, base loss: 47472.90
[INFO 2017-11-14 14:21:44,949 demo.py:73] epoch 186, train loss: 33998.54, average train loss: 35253.04, base loss: 47440.90
[INFO 2017-11-14 14:21:51,475 demo.py:73] epoch 187, train loss: 36147.96, average train loss: 35234.64, base loss: 47450.02
[INFO 2017-11-14 14:21:58,301 demo.py:73] epoch 188, train loss: 33532.60, average train loss: 35212.43, base loss: 47462.44
[INFO 2017-11-14 14:22:05,671 demo.py:73] epoch 189, train loss: 33413.19, average train loss: 35167.29, base loss: 47428.07
[INFO 2017-11-14 14:22:12,733 demo.py:73] epoch 190, train loss: 31617.19, average train loss: 35114.69, base loss: 47384.42
[INFO 2017-11-14 14:22:19,390 demo.py:73] epoch 191, train loss: 33910.39, average train loss: 35071.32, base loss: 47357.73
[INFO 2017-11-14 14:22:25,911 demo.py:73] epoch 192, train loss: 34966.60, average train loss: 35051.46, base loss: 47383.13
[INFO 2017-11-14 14:22:32,339 demo.py:73] epoch 193, train loss: 32403.17, average train loss: 35045.57, base loss: 47399.21
[INFO 2017-11-14 14:22:38,047 demo.py:73] epoch 194, train loss: 36169.53, average train loss: 35045.46, base loss: 47433.26
[INFO 2017-11-14 14:22:43,327 demo.py:73] epoch 195, train loss: 32827.70, average train loss: 35009.56, base loss: 47415.55
[INFO 2017-11-14 14:22:49,591 demo.py:73] epoch 196, train loss: 35405.96, average train loss: 34988.86, base loss: 47433.71
[INFO 2017-11-14 14:22:56,224 demo.py:73] epoch 197, train loss: 35689.06, average train loss: 34963.76, base loss: 47415.40
[INFO 2017-11-14 14:23:03,039 demo.py:73] epoch 198, train loss: 33655.98, average train loss: 34950.99, base loss: 47435.43
[INFO 2017-11-14 14:23:10,510 demo.py:73] epoch 199, train loss: 35044.34, average train loss: 34953.10, base loss: 47448.90
[INFO 2017-11-14 14:23:10,510 demo.py:75] epoch 199, testing
[INFO 2017-11-14 14:24:48,748 demo.py:132] average test loss: 34268.89, base loss: 47416.40
[INFO 2017-11-14 14:24:48,748 demo.py:133] improve_loss: 13147.51, improve_percent: 0.28
[INFO 2017-11-14 14:24:48,750 base_demo.py:148] model save to ./model.pth
[INFO 2017-11-14 14:24:48,763 base_demo.py:152] current best improved percent: 0.28
[INFO 2017-11-14 14:24:55,030 demo.py:73] epoch 200, train loss: 33088.08, average train loss: 34949.37, base loss: 47473.97
[INFO 2017-11-14 14:25:02,215 demo.py:73] epoch 201, train loss: 38642.15, average train loss: 34943.73, base loss: 47498.14
[INFO 2017-11-14 14:25:08,691 demo.py:73] epoch 202, train loss: 32903.35, average train loss: 34930.59, base loss: 47486.49
[INFO 2017-11-14 14:25:15,195 demo.py:73] epoch 203, train loss: 35688.39, average train loss: 34924.92, base loss: 47513.72
[INFO 2017-11-14 14:25:21,950 demo.py:73] epoch 204, train loss: 32239.14, average train loss: 34876.93, base loss: 47461.09
[INFO 2017-11-14 14:25:29,435 demo.py:73] epoch 205, train loss: 32718.16, average train loss: 34863.70, base loss: 47477.47
[INFO 2017-11-14 14:25:33,889 demo.py:73] epoch 206, train loss: 35195.23, average train loss: 34827.53, base loss: 47439.62
[INFO 2017-11-14 14:25:42,479 demo.py:73] epoch 207, train loss: 35433.82, average train loss: 34816.24, base loss: 47478.66
[INFO 2017-11-14 14:25:49,496 demo.py:73] epoch 208, train loss: 33037.80, average train loss: 34774.79, base loss: 47434.40
[INFO 2017-11-14 14:25:55,551 demo.py:73] epoch 209, train loss: 33048.79, average train loss: 34750.32, base loss: 47424.00
[INFO 2017-11-14 14:26:02,299 demo.py:73] epoch 210, train loss: 31761.71, average train loss: 34715.55, base loss: 47374.33
[INFO 2017-11-14 14:26:08,952 demo.py:73] epoch 211, train loss: 35437.81, average train loss: 34656.07, base loss: 47304.73
[INFO 2017-11-14 14:26:16,205 demo.py:73] epoch 212, train loss: 32190.58, average train loss: 34627.12, base loss: 47310.65
[INFO 2017-11-14 14:26:22,684 demo.py:73] epoch 213, train loss: 33536.05, average train loss: 34583.27, base loss: 47256.05
[INFO 2017-11-14 14:26:29,658 demo.py:73] epoch 214, train loss: 30567.35, average train loss: 34553.96, base loss: 47254.43
[INFO 2017-11-14 14:26:36,230 demo.py:73] epoch 215, train loss: 34435.84, average train loss: 34531.82, base loss: 47249.13
[INFO 2017-11-14 14:26:43,437 demo.py:73] epoch 216, train loss: 35039.24, average train loss: 34544.86, base loss: 47302.17
[INFO 2017-11-14 14:26:49,626 demo.py:73] epoch 217, train loss: 32277.51, average train loss: 34539.10, base loss: 47309.60
[INFO 2017-11-14 14:26:56,250 demo.py:73] epoch 218, train loss: 37178.71, average train loss: 34531.17, base loss: 47330.31
[INFO 2017-11-14 14:27:03,189 demo.py:73] epoch 219, train loss: 35713.00, average train loss: 34518.64, base loss: 47312.35
[INFO 2017-11-14 14:27:10,453 demo.py:73] epoch 220, train loss: 36360.91, average train loss: 34534.34, base loss: 47330.98
[INFO 2017-11-14 14:27:18,715 demo.py:73] epoch 221, train loss: 34263.97, average train loss: 34499.82, base loss: 47301.86
[INFO 2017-11-14 14:27:23,996 demo.py:73] epoch 222, train loss: 37418.86, average train loss: 34529.80, base loss: 47382.06
[INFO 2017-11-14 14:27:32,772 demo.py:73] epoch 223, train loss: 32307.35, average train loss: 34511.31, base loss: 47374.29
[INFO 2017-11-14 14:27:39,828 demo.py:73] epoch 224, train loss: 32243.32, average train loss: 34441.42, base loss: 47320.55
[INFO 2017-11-14 14:27:48,225 demo.py:73] epoch 225, train loss: 36334.18, average train loss: 34455.32, base loss: 47361.43
[INFO 2017-11-14 14:27:55,066 demo.py:73] epoch 226, train loss: 33914.50, average train loss: 34454.27, base loss: 47391.72
[INFO 2017-11-14 14:28:02,767 demo.py:73] epoch 227, train loss: 31802.33, average train loss: 34420.63, base loss: 47345.61
[INFO 2017-11-14 14:28:09,365 demo.py:73] epoch 228, train loss: 35088.74, average train loss: 34421.35, base loss: 47370.34
[INFO 2017-11-14 14:28:18,056 demo.py:73] epoch 229, train loss: 33925.16, average train loss: 34402.58, base loss: 47369.63
[INFO 2017-11-14 14:28:26,902 demo.py:73] epoch 230, train loss: 35733.48, average train loss: 34444.00, base loss: 47425.93
[INFO 2017-11-14 14:28:34,148 demo.py:73] epoch 231, train loss: 36092.89, average train loss: 34456.39, base loss: 47452.98
[INFO 2017-11-14 14:28:39,945 demo.py:73] epoch 232, train loss: 32569.60, average train loss: 34458.09, base loss: 47452.01
[INFO 2017-11-14 14:28:46,344 demo.py:73] epoch 233, train loss: 37448.81, average train loss: 34513.50, base loss: 47546.03
[INFO 2017-11-14 14:28:51,647 demo.py:73] epoch 234, train loss: 33271.86, average train loss: 34507.49, base loss: 47553.77
[INFO 2017-11-14 14:28:58,050 demo.py:73] epoch 235, train loss: 36458.02, average train loss: 34523.36, base loss: 47585.28
[INFO 2017-11-14 14:29:04,801 demo.py:73] epoch 236, train loss: 35004.29, average train loss: 34545.30, base loss: 47614.07
[INFO 2017-11-14 14:29:11,453 demo.py:73] epoch 237, train loss: 34727.32, average train loss: 34557.85, base loss: 47626.43
[INFO 2017-11-14 14:29:18,672 demo.py:73] epoch 238, train loss: 35463.33, average train loss: 34571.38, base loss: 47669.93
[INFO 2017-11-14 14:29:24,783 demo.py:73] epoch 239, train loss: 34118.28, average train loss: 34543.02, base loss: 47667.36
[INFO 2017-11-14 14:29:31,738 demo.py:73] epoch 240, train loss: 33219.49, average train loss: 34502.67, base loss: 47651.45
[INFO 2017-11-14 14:29:38,960 demo.py:73] epoch 241, train loss: 33585.57, average train loss: 34489.27, base loss: 47649.03
[INFO 2017-11-14 14:29:46,574 demo.py:73] epoch 242, train loss: 35273.38, average train loss: 34488.23, base loss: 47679.78
[INFO 2017-11-14 14:29:53,227 demo.py:73] epoch 243, train loss: 32082.52, average train loss: 34412.40, base loss: 47584.56
[INFO 2017-11-14 14:29:59,782 demo.py:73] epoch 244, train loss: 33358.96, average train loss: 34386.26, base loss: 47555.54
[INFO 2017-11-14 14:30:04,468 demo.py:73] epoch 245, train loss: 33024.20, average train loss: 34385.61, base loss: 47576.32
[INFO 2017-11-14 14:30:11,486 demo.py:73] epoch 246, train loss: 31366.21, average train loss: 34319.51, base loss: 47496.01
[INFO 2017-11-14 14:30:17,268 demo.py:73] epoch 247, train loss: 32148.40, average train loss: 34286.25, base loss: 47439.79
[INFO 2017-11-14 14:30:23,651 demo.py:73] epoch 248, train loss: 32951.68, average train loss: 34274.77, base loss: 47427.95
[INFO 2017-11-14 14:30:29,551 demo.py:73] epoch 249, train loss: 35406.20, average train loss: 34295.23, base loss: 47464.44
[INFO 2017-11-14 14:30:36,457 demo.py:73] epoch 250, train loss: 33821.66, average train loss: 34297.70, base loss: 47492.79
[INFO 2017-11-14 14:30:42,622 demo.py:73] epoch 251, train loss: 32274.50, average train loss: 34242.49, base loss: 47423.21
[INFO 2017-11-14 14:30:49,533 demo.py:73] epoch 252, train loss: 33551.51, average train loss: 34198.08, base loss: 47359.46
[INFO 2017-11-14 14:30:55,799 demo.py:73] epoch 253, train loss: 34420.86, average train loss: 34194.88, base loss: 47360.69
[INFO 2017-11-14 14:31:03,843 demo.py:73] epoch 254, train loss: 32471.17, average train loss: 34163.44, base loss: 47333.58
[INFO 2017-11-14 14:31:10,674 demo.py:73] epoch 255, train loss: 38588.43, average train loss: 34221.00, base loss: 47427.09
[INFO 2017-11-14 14:31:17,181 demo.py:73] epoch 256, train loss: 31404.78, average train loss: 34202.04, base loss: 47436.58
[INFO 2017-11-14 14:31:23,417 demo.py:73] epoch 257, train loss: 32204.77, average train loss: 34188.17, base loss: 47420.10
[INFO 2017-11-14 14:31:29,940 demo.py:73] epoch 258, train loss: 33888.12, average train loss: 34141.37, base loss: 47389.29
[INFO 2017-11-14 14:31:37,144 demo.py:73] epoch 259, train loss: 37709.80, average train loss: 34184.17, base loss: 47455.79
[INFO 2017-11-14 14:31:43,680 demo.py:73] epoch 260, train loss: 33067.35, average train loss: 34145.81, base loss: 47432.64
[INFO 2017-11-14 14:31:50,477 demo.py:73] epoch 261, train loss: 31705.11, average train loss: 34103.44, base loss: 47397.41
[INFO 2017-11-14 14:31:57,336 demo.py:73] epoch 262, train loss: 32590.11, average train loss: 34081.10, base loss: 47363.71
[INFO 2017-11-14 14:32:02,882 demo.py:73] epoch 263, train loss: 32902.58, average train loss: 34060.20, base loss: 47323.97
[INFO 2017-11-14 14:32:08,859 demo.py:73] epoch 264, train loss: 31444.61, average train loss: 34032.05, base loss: 47301.04
[INFO 2017-11-14 14:32:16,108 demo.py:73] epoch 265, train loss: 31496.39, average train loss: 34002.14, base loss: 47286.00
[INFO 2017-11-14 14:32:22,796 demo.py:73] epoch 266, train loss: 30985.94, average train loss: 33984.87, base loss: 47278.29
[INFO 2017-11-14 14:32:29,497 demo.py:73] epoch 267, train loss: 38322.08, average train loss: 34037.15, base loss: 47350.85
[INFO 2017-11-14 14:32:36,125 demo.py:73] epoch 268, train loss: 29851.03, average train loss: 33989.46, base loss: 47315.31
[INFO 2017-11-14 14:32:43,259 demo.py:73] epoch 269, train loss: 31076.71, average train loss: 33947.97, base loss: 47242.12
[INFO 2017-11-14 14:32:50,073 demo.py:73] epoch 270, train loss: 32415.76, average train loss: 33903.57, base loss: 47198.09
[INFO 2017-11-14 14:32:56,392 demo.py:73] epoch 271, train loss: 33270.93, average train loss: 33861.62, base loss: 47153.09
[INFO 2017-11-14 14:33:02,956 demo.py:73] epoch 272, train loss: 31745.02, average train loss: 33842.56, base loss: 47136.04
[INFO 2017-11-14 14:33:09,147 demo.py:73] epoch 273, train loss: 33370.39, average train loss: 33830.40, base loss: 47137.80
[INFO 2017-11-14 14:33:15,518 demo.py:73] epoch 274, train loss: 32786.45, average train loss: 33823.60, base loss: 47144.98
[INFO 2017-11-14 14:33:22,080 demo.py:73] epoch 275, train loss: 39145.10, average train loss: 33878.36, base loss: 47238.51
[INFO 2017-11-14 14:33:28,249 demo.py:73] epoch 276, train loss: 34376.09, average train loss: 33875.27, base loss: 47217.19
[INFO 2017-11-14 14:33:36,201 demo.py:73] epoch 277, train loss: 32144.16, average train loss: 33882.45, base loss: 47248.62
[INFO 2017-11-14 14:33:43,096 demo.py:73] epoch 278, train loss: 32637.28, average train loss: 33846.78, base loss: 47238.63
[INFO 2017-11-14 14:33:49,525 demo.py:73] epoch 279, train loss: 31389.28, average train loss: 33795.54, base loss: 47193.09
[INFO 2017-11-14 14:33:56,526 demo.py:73] epoch 280, train loss: 33131.44, average train loss: 33805.40, base loss: 47231.86
[INFO 2017-11-14 14:34:03,063 demo.py:73] epoch 281, train loss: 35985.17, average train loss: 33814.65, base loss: 47281.67
[INFO 2017-11-14 14:34:10,634 demo.py:73] epoch 282, train loss: 34209.80, average train loss: 33851.32, base loss: 47342.46
[INFO 2017-11-14 14:34:17,302 demo.py:73] epoch 283, train loss: 30383.09, average train loss: 33839.20, base loss: 47336.58
[INFO 2017-11-14 14:34:24,656 demo.py:73] epoch 284, train loss: 32542.64, average train loss: 33830.04, base loss: 47376.54
[INFO 2017-11-14 14:34:30,532 demo.py:73] epoch 285, train loss: 32285.98, average train loss: 33814.75, base loss: 47354.36
[INFO 2017-11-14 14:34:37,166 demo.py:73] epoch 286, train loss: 32398.81, average train loss: 33798.75, base loss: 47337.40
[INFO 2017-11-14 14:34:43,557 demo.py:73] epoch 287, train loss: 32325.36, average train loss: 33760.53, base loss: 47305.35
[INFO 2017-11-14 14:34:49,397 demo.py:73] epoch 288, train loss: 31427.89, average train loss: 33739.48, base loss: 47276.97
[INFO 2017-11-14 14:34:55,987 demo.py:73] epoch 289, train loss: 34990.77, average train loss: 33755.25, base loss: 47314.09
[INFO 2017-11-14 14:35:02,664 demo.py:73] epoch 290, train loss: 32955.06, average train loss: 33768.63, base loss: 47356.34
[INFO 2017-11-14 14:35:08,483 demo.py:73] epoch 291, train loss: 33133.03, average train loss: 33760.86, base loss: 47374.40
[INFO 2017-11-14 14:35:14,476 demo.py:73] epoch 292, train loss: 30920.54, average train loss: 33720.40, base loss: 47321.28
[INFO 2017-11-14 14:35:20,555 demo.py:73] epoch 293, train loss: 33596.07, average train loss: 33732.33, base loss: 47341.78
[INFO 2017-11-14 14:35:28,170 demo.py:73] epoch 294, train loss: 31807.49, average train loss: 33688.71, base loss: 47299.35
[INFO 2017-11-14 14:35:35,697 demo.py:73] epoch 295, train loss: 35927.48, average train loss: 33719.70, base loss: 47361.34
[INFO 2017-11-14 14:35:41,878 demo.py:73] epoch 296, train loss: 33448.34, average train loss: 33700.13, base loss: 47323.37
[INFO 2017-11-14 14:35:48,811 demo.py:73] epoch 297, train loss: 32340.49, average train loss: 33666.64, base loss: 47300.78
[INFO 2017-11-14 14:35:54,939 demo.py:73] epoch 298, train loss: 32865.11, average train loss: 33658.73, base loss: 47290.12
[INFO 2017-11-14 14:36:03,014 demo.py:73] epoch 299, train loss: 34327.81, average train loss: 33651.57, base loss: 47285.98
[INFO 2017-11-14 14:36:08,707 demo.py:73] epoch 300, train loss: 35249.60, average train loss: 33673.18, base loss: 47329.66
[INFO 2017-11-14 14:36:15,155 demo.py:73] epoch 301, train loss: 31664.79, average train loss: 33603.41, base loss: 47240.83
[INFO 2017-11-14 14:36:24,498 demo.py:73] epoch 302, train loss: 32932.03, average train loss: 33603.70, base loss: 47267.97
[INFO 2017-11-14 14:36:30,802 demo.py:73] epoch 303, train loss: 32761.29, average train loss: 33574.43, base loss: 47228.95
[INFO 2017-11-14 14:36:37,651 demo.py:73] epoch 304, train loss: 36108.11, average train loss: 33613.12, base loss: 47313.50
[INFO 2017-11-14 14:36:44,082 demo.py:73] epoch 305, train loss: 31821.02, average train loss: 33604.14, base loss: 47325.88
[INFO 2017-11-14 14:36:50,535 demo.py:73] epoch 306, train loss: 32203.71, average train loss: 33574.23, base loss: 47331.77
[INFO 2017-11-14 14:36:57,148 demo.py:73] epoch 307, train loss: 32402.09, average train loss: 33543.91, base loss: 47271.72
[INFO 2017-11-14 14:37:03,114 demo.py:73] epoch 308, train loss: 33832.97, average train loss: 33551.86, base loss: 47309.25
[INFO 2017-11-14 14:37:09,686 demo.py:73] epoch 309, train loss: 30310.69, average train loss: 33524.48, base loss: 47294.46
[INFO 2017-11-14 14:37:16,086 demo.py:73] epoch 310, train loss: 33992.77, average train loss: 33546.79, base loss: 47355.01
[INFO 2017-11-14 14:37:22,390 demo.py:73] epoch 311, train loss: 33130.08, average train loss: 33523.72, base loss: 47322.41
[INFO 2017-11-14 14:37:28,477 demo.py:73] epoch 312, train loss: 32922.61, average train loss: 33531.04, base loss: 47325.14
[INFO 2017-11-14 14:37:34,989 demo.py:73] epoch 313, train loss: 33770.43, average train loss: 33533.38, base loss: 47350.46
[INFO 2017-11-14 14:37:41,409 demo.py:73] epoch 314, train loss: 32174.91, average train loss: 33549.46, base loss: 47392.88
[INFO 2017-11-14 14:37:47,118 demo.py:73] epoch 315, train loss: 35051.86, average train loss: 33555.62, base loss: 47409.90
[INFO 2017-11-14 14:37:54,587 demo.py:73] epoch 316, train loss: 34944.45, average train loss: 33554.67, base loss: 47428.53
[INFO 2017-11-14 14:38:01,219 demo.py:73] epoch 317, train loss: 32306.41, average train loss: 33554.96, base loss: 47450.48
[INFO 2017-11-14 14:38:08,829 demo.py:73] epoch 318, train loss: 33685.44, average train loss: 33520.02, base loss: 47417.20
[INFO 2017-11-14 14:38:14,800 demo.py:73] epoch 319, train loss: 32754.21, average train loss: 33490.44, base loss: 47403.01
[INFO 2017-11-14 14:38:21,571 demo.py:73] epoch 320, train loss: 36266.39, average train loss: 33489.49, base loss: 47430.07
[INFO 2017-11-14 14:38:27,878 demo.py:73] epoch 321, train loss: 35634.27, average train loss: 33503.19, base loss: 47461.86
[INFO 2017-11-14 14:38:35,188 demo.py:73] epoch 322, train loss: 30918.48, average train loss: 33438.19, base loss: 47371.99
[INFO 2017-11-14 14:38:42,677 demo.py:73] epoch 323, train loss: 32822.67, average train loss: 33443.34, base loss: 47397.18
[INFO 2017-11-14 14:38:49,421 demo.py:73] epoch 324, train loss: 36166.20, average train loss: 33482.57, base loss: 47443.12
[INFO 2017-11-14 14:38:56,174 demo.py:73] epoch 325, train loss: 31277.54, average train loss: 33432.01, base loss: 47384.59
[INFO 2017-11-14 14:39:03,334 demo.py:73] epoch 326, train loss: 32435.88, average train loss: 33417.22, base loss: 47373.92
[INFO 2017-11-14 14:39:10,050 demo.py:73] epoch 327, train loss: 34608.62, average train loss: 33445.28, base loss: 47422.78
[INFO 2017-11-14 14:39:15,658 demo.py:73] epoch 328, train loss: 31741.46, average train loss: 33411.81, base loss: 47374.10
[INFO 2017-11-14 14:39:22,166 demo.py:73] epoch 329, train loss: 33431.99, average train loss: 33406.88, base loss: 47373.64
[INFO 2017-11-14 14:39:27,977 demo.py:73] epoch 330, train loss: 32730.54, average train loss: 33376.85, base loss: 47347.62
[INFO 2017-11-14 14:39:34,677 demo.py:73] epoch 331, train loss: 35768.40, average train loss: 33373.60, base loss: 47402.78
[INFO 2017-11-14 14:39:42,570 demo.py:73] epoch 332, train loss: 37824.68, average train loss: 33426.15, base loss: 47499.06
[INFO 2017-11-14 14:39:48,894 demo.py:73] epoch 333, train loss: 34447.16, average train loss: 33396.14, base loss: 47450.26
[INFO 2017-11-14 14:39:55,002 demo.py:73] epoch 334, train loss: 32603.68, average train loss: 33389.46, base loss: 47440.42
[INFO 2017-11-14 14:40:00,829 demo.py:73] epoch 335, train loss: 36049.50, average train loss: 33385.37, base loss: 47474.48
[INFO 2017-11-14 14:40:06,540 demo.py:73] epoch 336, train loss: 34175.73, average train loss: 33377.09, base loss: 47511.06
[INFO 2017-11-14 14:40:14,055 demo.py:73] epoch 337, train loss: 30807.59, average train loss: 33337.89, base loss: 47454.44
[INFO 2017-11-14 14:40:19,848 demo.py:73] epoch 338, train loss: 31880.88, average train loss: 33302.06, base loss: 47408.36
[INFO 2017-11-14 14:40:26,274 demo.py:73] epoch 339, train loss: 33940.02, average train loss: 33300.28, base loss: 47370.98
[INFO 2017-11-14 14:40:31,857 demo.py:73] epoch 340, train loss: 32688.29, average train loss: 33294.97, base loss: 47368.90
[INFO 2017-11-14 14:40:38,141 demo.py:73] epoch 341, train loss: 34732.06, average train loss: 33306.43, base loss: 47381.32
[INFO 2017-11-14 14:40:43,650 demo.py:73] epoch 342, train loss: 34566.02, average train loss: 33299.36, base loss: 47367.21
[INFO 2017-11-14 14:40:50,410 demo.py:73] epoch 343, train loss: 31073.57, average train loss: 33289.27, base loss: 47369.98
[INFO 2017-11-14 14:40:58,466 demo.py:73] epoch 344, train loss: 35440.90, average train loss: 33310.09, base loss: 47402.62
[INFO 2017-11-14 14:41:04,830 demo.py:73] epoch 345, train loss: 31755.60, average train loss: 33297.40, base loss: 47382.89
[INFO 2017-11-14 14:41:11,184 demo.py:73] epoch 346, train loss: 35351.16, average train loss: 33337.25, base loss: 47455.69
[INFO 2017-11-14 14:41:17,522 demo.py:73] epoch 347, train loss: 31657.94, average train loss: 33332.35, base loss: 47481.15
[INFO 2017-11-14 14:41:24,131 demo.py:73] epoch 348, train loss: 36460.02, average train loss: 33367.43, base loss: 47566.49
[INFO 2017-11-14 14:41:30,154 demo.py:73] epoch 349, train loss: 33868.16, average train loss: 33352.05, base loss: 47582.68
[INFO 2017-11-14 14:41:37,354 demo.py:73] epoch 350, train loss: 33405.75, average train loss: 33347.89, base loss: 47572.67
[INFO 2017-11-14 14:41:43,937 demo.py:73] epoch 351, train loss: 33249.66, average train loss: 33357.64, base loss: 47624.95
[INFO 2017-11-14 14:41:50,428 demo.py:73] epoch 352, train loss: 31483.72, average train loss: 33336.97, base loss: 47622.84
[INFO 2017-11-14 14:41:56,596 demo.py:73] epoch 353, train loss: 31700.32, average train loss: 33309.76, base loss: 47605.84
[INFO 2017-11-14 14:42:03,283 demo.py:73] epoch 354, train loss: 31238.84, average train loss: 33297.44, base loss: 47591.53
[INFO 2017-11-14 14:42:11,063 demo.py:73] epoch 355, train loss: 34785.81, average train loss: 33259.41, base loss: 47544.63
[INFO 2017-11-14 14:42:16,937 demo.py:73] epoch 356, train loss: 31531.89, average train loss: 33260.68, base loss: 47540.99
[INFO 2017-11-14 14:42:23,787 demo.py:73] epoch 357, train loss: 32393.02, average train loss: 33262.57, base loss: 47559.58
[INFO 2017-11-14 14:42:29,294 demo.py:73] epoch 358, train loss: 33716.83, average train loss: 33260.85, base loss: 47561.37
[INFO 2017-11-14 14:42:36,229 demo.py:73] epoch 359, train loss: 35277.67, average train loss: 33236.53, base loss: 47535.50
[INFO 2017-11-14 14:42:42,330 demo.py:73] epoch 360, train loss: 30172.55, average train loss: 33207.58, base loss: 47498.80
[INFO 2017-11-14 14:42:49,712 demo.py:73] epoch 361, train loss: 32354.52, average train loss: 33214.08, base loss: 47511.42
[INFO 2017-11-14 14:42:55,841 demo.py:73] epoch 362, train loss: 31648.00, average train loss: 33204.66, base loss: 47515.58
[INFO 2017-11-14 14:43:01,622 demo.py:73] epoch 363, train loss: 34295.46, average train loss: 33218.58, base loss: 47535.24
[INFO 2017-11-14 14:43:07,951 demo.py:73] epoch 364, train loss: 30664.17, average train loss: 33210.78, base loss: 47563.49
[INFO 2017-11-14 14:43:15,346 demo.py:73] epoch 365, train loss: 31167.21, average train loss: 33207.49, base loss: 47565.10
[INFO 2017-11-14 14:43:21,455 demo.py:73] epoch 366, train loss: 29627.42, average train loss: 33193.90, base loss: 47543.81
[INFO 2017-11-14 14:43:27,973 demo.py:73] epoch 367, train loss: 38500.75, average train loss: 33195.69, base loss: 47558.30
[INFO 2017-11-14 14:43:34,344 demo.py:73] epoch 368, train loss: 33453.93, average train loss: 33231.72, base loss: 47594.40
[INFO 2017-11-14 14:43:39,773 demo.py:73] epoch 369, train loss: 30228.04, average train loss: 33223.23, base loss: 47603.39
[INFO 2017-11-14 14:43:46,608 demo.py:73] epoch 370, train loss: 32122.04, average train loss: 33220.30, base loss: 47602.31
[INFO 2017-11-14 14:43:52,919 demo.py:73] epoch 371, train loss: 32017.55, average train loss: 33207.76, base loss: 47582.80
[INFO 2017-11-14 14:43:59,204 demo.py:73] epoch 372, train loss: 34441.37, average train loss: 33234.72, base loss: 47627.56
[INFO 2017-11-14 14:44:05,745 demo.py:73] epoch 373, train loss: 35370.71, average train loss: 33254.73, base loss: 47639.58
[INFO 2017-11-14 14:44:12,360 demo.py:73] epoch 374, train loss: 31093.75, average train loss: 33237.80, base loss: 47628.82
[INFO 2017-11-14 14:44:18,439 demo.py:73] epoch 375, train loss: 31760.42, average train loss: 33163.95, base loss: 47534.27
[INFO 2017-11-14 14:44:25,116 demo.py:73] epoch 376, train loss: 33581.64, average train loss: 33156.01, base loss: 47545.33
[INFO 2017-11-14 14:44:32,470 demo.py:73] epoch 377, train loss: 32437.99, average train loss: 33158.95, base loss: 47566.51
[INFO 2017-11-14 14:44:39,249 demo.py:73] epoch 378, train loss: 31933.06, average train loss: 33151.91, base loss: 47587.62
[INFO 2017-11-14 14:44:44,954 demo.py:73] epoch 379, train loss: 32977.36, average train loss: 33167.79, base loss: 47604.58
[INFO 2017-11-14 14:44:50,490 demo.py:73] epoch 380, train loss: 32374.83, average train loss: 33160.22, base loss: 47599.23
[INFO 2017-11-14 14:44:56,219 demo.py:73] epoch 381, train loss: 34905.30, average train loss: 33149.42, base loss: 47604.38
[INFO 2017-11-14 14:45:02,126 demo.py:73] epoch 382, train loss: 32528.55, average train loss: 33132.61, base loss: 47582.52
[INFO 2017-11-14 14:45:08,830 demo.py:73] epoch 383, train loss: 33428.08, average train loss: 33163.06, base loss: 47620.28
[INFO 2017-11-14 14:45:15,867 demo.py:73] epoch 384, train loss: 33796.71, average train loss: 33175.60, base loss: 47600.88
[INFO 2017-11-14 14:45:22,213 demo.py:73] epoch 385, train loss: 34606.39, average train loss: 33198.80, base loss: 47647.83
[INFO 2017-11-14 14:45:28,581 demo.py:73] epoch 386, train loss: 33764.17, average train loss: 33212.46, base loss: 47690.57
[INFO 2017-11-14 14:45:35,567 demo.py:73] epoch 387, train loss: 31490.33, average train loss: 33204.11, base loss: 47668.12
[INFO 2017-11-14 14:45:41,822 demo.py:73] epoch 388, train loss: 33063.65, average train loss: 33220.47, base loss: 47711.70
[INFO 2017-11-14 14:45:47,976 demo.py:73] epoch 389, train loss: 31795.82, average train loss: 33188.52, base loss: 47670.66
[INFO 2017-11-14 14:45:53,694 demo.py:73] epoch 390, train loss: 31844.04, average train loss: 33177.41, base loss: 47651.97
[INFO 2017-11-14 14:46:00,522 demo.py:73] epoch 391, train loss: 31880.50, average train loss: 33164.88, base loss: 47659.28
[INFO 2017-11-14 14:46:07,044 demo.py:73] epoch 392, train loss: 36817.09, average train loss: 33223.85, base loss: 47733.24
[INFO 2017-11-14 14:46:13,335 demo.py:73] epoch 393, train loss: 34907.68, average train loss: 33236.96, base loss: 47788.53
[INFO 2017-11-14 14:46:19,355 demo.py:73] epoch 394, train loss: 33043.76, average train loss: 33249.32, base loss: 47831.38
[INFO 2017-11-14 14:46:24,751 demo.py:73] epoch 395, train loss: 32181.02, average train loss: 33211.86, base loss: 47800.12
[INFO 2017-11-14 14:46:31,263 demo.py:73] epoch 396, train loss: 33717.23, average train loss: 33214.55, base loss: 47786.03
[INFO 2017-11-14 14:46:38,419 demo.py:73] epoch 397, train loss: 31030.04, average train loss: 33201.44, base loss: 47761.54
[INFO 2017-11-14 14:46:44,471 demo.py:73] epoch 398, train loss: 34742.42, average train loss: 33220.22, base loss: 47812.47
[INFO 2017-11-14 14:46:50,173 demo.py:73] epoch 399, train loss: 34924.77, average train loss: 33226.19, base loss: 47860.73
[INFO 2017-11-14 14:46:50,173 demo.py:75] epoch 399, testing
[INFO 2017-11-14 14:48:32,683 demo.py:132] average test loss: 32531.01, base loss: 46489.98
[INFO 2017-11-14 14:48:32,683 demo.py:133] improve_loss: 13958.97, improve_percent: 0.30
[INFO 2017-11-14 14:48:32,684 base_demo.py:148] model save to ./model.pth
[INFO 2017-11-14 14:48:32,706 base_demo.py:152] current best improved percent: 0.30
[INFO 2017-11-14 14:48:39,057 demo.py:73] epoch 400, train loss: 34139.11, average train loss: 33215.08, base loss: 47851.72
[INFO 2017-11-14 14:48:44,976 demo.py:73] epoch 401, train loss: 33867.18, average train loss: 33237.11, base loss: 47867.60
[INFO 2017-11-14 14:48:51,737 demo.py:73] epoch 402, train loss: 31541.93, average train loss: 33223.21, base loss: 47851.21
[INFO 2017-11-14 14:48:57,553 demo.py:73] epoch 403, train loss: 32922.35, average train loss: 33224.82, base loss: 47871.40
[INFO 2017-11-14 14:49:03,819 demo.py:73] epoch 404, train loss: 34501.98, average train loss: 33208.75, base loss: 47857.54
[INFO 2017-11-14 14:49:09,971 demo.py:73] epoch 405, train loss: 35274.96, average train loss: 33243.29, base loss: 47900.20
[INFO 2017-11-14 14:49:16,809 demo.py:73] epoch 406, train loss: 35534.60, average train loss: 33276.60, base loss: 47923.41
[INFO 2017-11-14 14:49:22,885 demo.py:73] epoch 407, train loss: 33818.02, average train loss: 33290.76, base loss: 47956.53
[INFO 2017-11-14 14:49:29,196 demo.py:73] epoch 408, train loss: 33145.64, average train loss: 33283.89, base loss: 47947.12
[INFO 2017-11-14 14:49:35,160 demo.py:73] epoch 409, train loss: 34475.63, average train loss: 33325.54, base loss: 48012.05
[INFO 2017-11-14 14:49:41,157 demo.py:73] epoch 410, train loss: 34879.17, average train loss: 33334.40, base loss: 48039.49
[INFO 2017-11-14 14:49:48,120 demo.py:73] epoch 411, train loss: 32977.10, average train loss: 33332.87, base loss: 48082.16
[INFO 2017-11-14 14:49:54,936 demo.py:73] epoch 412, train loss: 31420.02, average train loss: 33317.85, base loss: 48044.02
[INFO 2017-11-14 14:50:01,890 demo.py:73] epoch 413, train loss: 32426.38, average train loss: 33304.41, base loss: 48049.96
[INFO 2017-11-14 14:50:08,670 demo.py:73] epoch 414, train loss: 36205.64, average train loss: 33344.71, base loss: 48085.94
[INFO 2017-11-14 14:50:15,340 demo.py:73] epoch 415, train loss: 34624.12, average train loss: 33340.44, base loss: 48065.63
[INFO 2017-11-14 14:50:21,605 demo.py:73] epoch 416, train loss: 31211.23, average train loss: 33303.10, base loss: 48010.56
[INFO 2017-11-14 14:50:29,529 demo.py:73] epoch 417, train loss: 33497.67, average train loss: 33315.02, base loss: 48025.52
[INFO 2017-11-14 14:50:35,266 demo.py:73] epoch 418, train loss: 32041.18, average train loss: 33298.57, base loss: 48013.82
[INFO 2017-11-14 14:50:41,384 demo.py:73] epoch 419, train loss: 32040.40, average train loss: 33291.44, base loss: 48020.76
[INFO 2017-11-14 14:50:49,147 demo.py:73] epoch 420, train loss: 35591.50, average train loss: 33284.69, base loss: 48010.70
[INFO 2017-11-14 14:50:55,839 demo.py:73] epoch 421, train loss: 32958.83, average train loss: 33257.93, base loss: 47993.25
[INFO 2017-11-14 14:51:03,497 demo.py:73] epoch 422, train loss: 31633.80, average train loss: 33265.09, base loss: 48023.41
[INFO 2017-11-14 14:51:09,402 demo.py:73] epoch 423, train loss: 34251.07, average train loss: 33279.37, base loss: 48069.73
[INFO 2017-11-14 14:51:16,905 demo.py:73] epoch 424, train loss: 32891.33, average train loss: 33246.62, base loss: 48041.11
[INFO 2017-11-14 14:51:23,581 demo.py:73] epoch 425, train loss: 34044.50, average train loss: 33274.29, base loss: 48089.58
[INFO 2017-11-14 14:51:31,641 demo.py:73] epoch 426, train loss: 31770.21, average train loss: 33267.63, base loss: 48081.52
[INFO 2017-11-14 14:51:38,265 demo.py:73] epoch 427, train loss: 31094.65, average train loss: 33232.49, base loss: 48034.61
[INFO 2017-11-14 14:51:45,593 demo.py:73] epoch 428, train loss: 36235.58, average train loss: 33277.44, base loss: 48072.94
[INFO 2017-11-14 14:51:51,242 demo.py:73] epoch 429, train loss: 31020.38, average train loss: 33253.32, base loss: 48052.01
[INFO 2017-11-14 14:51:57,573 demo.py:73] epoch 430, train loss: 33107.95, average train loss: 33257.09, base loss: 48081.28
[INFO 2017-11-14 14:52:05,430 demo.py:73] epoch 431, train loss: 32860.05, average train loss: 33228.01, base loss: 48027.29
[INFO 2017-11-14 14:52:12,328 demo.py:73] epoch 432, train loss: 31692.24, average train loss: 33166.69, base loss: 47964.18
[INFO 2017-11-14 14:52:18,801 demo.py:73] epoch 433, train loss: 33370.81, average train loss: 33155.92, base loss: 47986.54
[INFO 2017-11-14 14:52:24,833 demo.py:73] epoch 434, train loss: 32399.41, average train loss: 33153.88, base loss: 48013.41
[INFO 2017-11-14 14:52:32,748 demo.py:73] epoch 435, train loss: 35589.20, average train loss: 33149.28, base loss: 47996.52
[INFO 2017-11-14 14:52:38,492 demo.py:73] epoch 436, train loss: 33084.93, average train loss: 33138.37, base loss: 47954.78
[INFO 2017-11-14 14:52:45,570 demo.py:73] epoch 437, train loss: 31672.70, average train loss: 33147.02, base loss: 48016.96
[INFO 2017-11-14 14:52:52,661 demo.py:73] epoch 438, train loss: 30721.69, average train loss: 33135.43, base loss: 47992.06
[INFO 2017-11-14 14:53:00,064 demo.py:73] epoch 439, train loss: 30885.75, average train loss: 33104.88, base loss: 48000.81
[INFO 2017-11-14 14:53:08,059 demo.py:73] epoch 440, train loss: 37939.42, average train loss: 33157.40, base loss: 48054.76
[INFO 2017-11-14 14:53:14,603 demo.py:73] epoch 441, train loss: 37185.62, average train loss: 33181.93, base loss: 48083.21
[INFO 2017-11-14 14:53:21,621 demo.py:73] epoch 442, train loss: 31510.00, average train loss: 33151.37, base loss: 48039.37
[INFO 2017-11-14 14:53:27,573 demo.py:73] epoch 443, train loss: 31555.10, average train loss: 33156.19, base loss: 48029.22
[INFO 2017-11-14 14:53:33,799 demo.py:73] epoch 444, train loss: 32047.84, average train loss: 33122.26, base loss: 48010.63
[INFO 2017-11-14 14:53:41,086 demo.py:73] epoch 445, train loss: 30374.96, average train loss: 33108.45, base loss: 48005.65
[INFO 2017-11-14 14:53:48,305 demo.py:73] epoch 446, train loss: 30970.93, average train loss: 33064.65, base loss: 47938.38
[INFO 2017-11-14 14:53:54,257 demo.py:73] epoch 447, train loss: 33842.62, average train loss: 33086.49, base loss: 47978.14
[INFO 2017-11-14 14:54:03,197 demo.py:73] epoch 448, train loss: 36001.33, average train loss: 33081.91, base loss: 47954.54
[INFO 2017-11-14 14:54:11,022 demo.py:73] epoch 449, train loss: 34976.60, average train loss: 33092.99, base loss: 47940.08
[INFO 2017-11-14 14:54:17,484 demo.py:73] epoch 450, train loss: 33298.72, average train loss: 33091.92, base loss: 47966.62
[INFO 2017-11-14 14:54:25,754 demo.py:73] epoch 451, train loss: 33492.88, average train loss: 33094.35, base loss: 47950.37
[INFO 2017-11-14 14:54:33,437 demo.py:73] epoch 452, train loss: 33810.54, average train loss: 33117.62, base loss: 48008.32
[INFO 2017-11-14 14:54:40,539 demo.py:73] epoch 453, train loss: 35145.96, average train loss: 33152.08, base loss: 48066.25
[INFO 2017-11-14 14:54:47,892 demo.py:73] epoch 454, train loss: 33443.10, average train loss: 33174.12, base loss: 48077.13
[INFO 2017-11-14 14:54:54,767 demo.py:73] epoch 455, train loss: 34407.85, average train loss: 33170.34, base loss: 48105.06
[INFO 2017-11-14 14:55:01,860 demo.py:73] epoch 456, train loss: 31973.49, average train loss: 33174.76, base loss: 48121.77
[INFO 2017-11-14 14:55:08,600 demo.py:73] epoch 457, train loss: 33867.24, average train loss: 33189.50, base loss: 48146.03
[INFO 2017-11-14 14:55:15,938 demo.py:73] epoch 458, train loss: 34944.23, average train loss: 33201.77, base loss: 48197.68
[INFO 2017-11-14 14:55:23,322 demo.py:73] epoch 459, train loss: 33150.03, average train loss: 33180.50, base loss: 48176.75
[INFO 2017-11-14 14:55:29,090 demo.py:73] epoch 460, train loss: 35835.78, average train loss: 33237.13, base loss: 48279.39
[INFO 2017-11-14 14:55:35,326 demo.py:73] epoch 461, train loss: 31020.62, average train loss: 33223.79, base loss: 48275.37
[INFO 2017-11-14 14:55:42,265 demo.py:73] epoch 462, train loss: 33717.79, average train loss: 33244.49, base loss: 48329.23
[INFO 2017-11-14 14:55:50,296 demo.py:73] epoch 463, train loss: 30214.18, average train loss: 33203.68, base loss: 48298.83
[INFO 2017-11-14 14:55:57,119 demo.py:73] epoch 464, train loss: 31688.71, average train loss: 33213.92, base loss: 48277.53
[INFO 2017-11-14 14:56:03,605 demo.py:73] epoch 465, train loss: 31714.67, average train loss: 33219.40, base loss: 48297.76
[INFO 2017-11-14 14:56:11,908 demo.py:73] epoch 466, train loss: 32264.13, average train loss: 33245.76, base loss: 48342.44
[INFO 2017-11-14 14:56:18,504 demo.py:73] epoch 467, train loss: 31004.11, average train loss: 33170.80, base loss: 48260.40
[INFO 2017-11-14 14:56:26,240 demo.py:73] epoch 468, train loss: 30272.58, average train loss: 33138.98, base loss: 48232.93
[INFO 2017-11-14 14:56:32,655 demo.py:73] epoch 469, train loss: 33818.51, average train loss: 33174.89, base loss: 48284.33
[INFO 2017-11-14 14:56:39,787 demo.py:73] epoch 470, train loss: 32869.30, average train loss: 33182.36, base loss: 48310.56
[INFO 2017-11-14 14:56:46,841 demo.py:73] epoch 471, train loss: 34717.41, average train loss: 33209.36, base loss: 48362.34
[INFO 2017-11-14 14:56:54,245 demo.py:73] epoch 472, train loss: 33588.07, average train loss: 33200.83, base loss: 48371.87
[INFO 2017-11-14 14:57:01,179 demo.py:73] epoch 473, train loss: 31084.60, average train loss: 33157.96, base loss: 48334.48
[INFO 2017-11-14 14:57:07,384 demo.py:73] epoch 474, train loss: 32116.17, average train loss: 33168.19, base loss: 48358.71
[INFO 2017-11-14 14:57:14,703 demo.py:73] epoch 475, train loss: 30207.29, average train loss: 33152.66, base loss: 48364.47
[INFO 2017-11-14 14:57:21,351 demo.py:73] epoch 476, train loss: 34217.81, average train loss: 33159.02, base loss: 48359.61
[INFO 2017-11-14 14:57:28,068 demo.py:73] epoch 477, train loss: 32856.59, average train loss: 33163.20, base loss: 48365.19
[INFO 2017-11-14 14:57:34,117 demo.py:73] epoch 478, train loss: 33252.66, average train loss: 33176.40, base loss: 48369.34
[INFO 2017-11-14 14:57:40,676 demo.py:73] epoch 479, train loss: 31975.48, average train loss: 33166.38, base loss: 48358.78
[INFO 2017-11-14 14:57:48,496 demo.py:73] epoch 480, train loss: 31122.84, average train loss: 33153.86, base loss: 48316.59
[INFO 2017-11-14 14:57:56,157 demo.py:73] epoch 481, train loss: 32915.95, average train loss: 33133.97, base loss: 48269.68
[INFO 2017-11-14 14:58:04,176 demo.py:73] epoch 482, train loss: 33957.93, average train loss: 33148.26, base loss: 48292.40
[INFO 2017-11-14 14:58:11,703 demo.py:73] epoch 483, train loss: 33469.04, average train loss: 33148.67, base loss: 48298.57
[INFO 2017-11-14 14:58:18,121 demo.py:73] epoch 484, train loss: 30878.48, average train loss: 33119.49, base loss: 48294.91
[INFO 2017-11-14 14:58:25,405 demo.py:73] epoch 485, train loss: 32501.87, average train loss: 33098.44, base loss: 48285.34
[INFO 2017-11-14 14:58:32,343 demo.py:73] epoch 486, train loss: 33391.11, average train loss: 33094.71, base loss: 48281.24
[INFO 2017-11-14 14:58:38,143 demo.py:73] epoch 487, train loss: 32788.44, average train loss: 33107.69, base loss: 48332.86
[INFO 2017-11-14 14:58:44,524 demo.py:73] epoch 488, train loss: 34372.89, average train loss: 33120.79, base loss: 48363.45
[INFO 2017-11-14 14:58:51,496 demo.py:73] epoch 489, train loss: 32910.66, average train loss: 33131.94, base loss: 48385.77
[INFO 2017-11-14 14:58:57,632 demo.py:73] epoch 490, train loss: 32320.79, average train loss: 33136.70, base loss: 48397.09
[INFO 2017-11-14 14:59:03,945 demo.py:73] epoch 491, train loss: 36288.16, average train loss: 33180.78, base loss: 48439.98
[INFO 2017-11-14 14:59:09,449 demo.py:73] epoch 492, train loss: 32996.11, average train loss: 33142.57, base loss: 48411.30
[INFO 2017-11-14 14:59:15,888 demo.py:73] epoch 493, train loss: 33592.61, average train loss: 33129.42, base loss: 48386.79
[INFO 2017-11-14 14:59:23,079 demo.py:73] epoch 494, train loss: 30792.15, average train loss: 33106.90, base loss: 48325.70
[INFO 2017-11-14 14:59:28,887 demo.py:73] epoch 495, train loss: 35551.48, average train loss: 33140.61, base loss: 48394.90
[INFO 2017-11-14 14:59:36,217 demo.py:73] epoch 496, train loss: 35442.65, average train loss: 33157.86, base loss: 48440.00
[INFO 2017-11-14 14:59:44,141 demo.py:73] epoch 497, train loss: 31642.36, average train loss: 33163.98, base loss: 48441.93
[INFO 2017-11-14 14:59:50,909 demo.py:73] epoch 498, train loss: 31645.44, average train loss: 33133.02, base loss: 48407.99
[INFO 2017-11-14 14:59:58,611 demo.py:73] epoch 499, train loss: 33017.33, average train loss: 33113.94, base loss: 48356.09
[INFO 2017-11-14 15:00:05,038 demo.py:73] epoch 500, train loss: 36230.41, average train loss: 33134.85, base loss: 48385.79
[INFO 2017-11-14 15:00:12,067 demo.py:73] epoch 501, train loss: 31947.03, average train loss: 33115.65, base loss: 48388.98
[INFO 2017-11-14 15:00:18,264 demo.py:73] epoch 502, train loss: 33280.92, average train loss: 33133.04, base loss: 48399.70
[INFO 2017-11-14 15:00:25,996 demo.py:73] epoch 503, train loss: 31501.27, average train loss: 33118.83, base loss: 48370.28
[INFO 2017-11-14 15:00:33,194 demo.py:73] epoch 504, train loss: 33202.11, average train loss: 33105.83, base loss: 48350.10
[INFO 2017-11-14 15:00:39,164 demo.py:73] epoch 505, train loss: 32684.04, average train loss: 33079.92, base loss: 48310.98
[INFO 2017-11-14 15:00:46,285 demo.py:73] epoch 506, train loss: 31642.39, average train loss: 33041.00, base loss: 48273.07
[INFO 2017-11-14 15:00:53,915 demo.py:73] epoch 507, train loss: 33499.22, average train loss: 33037.81, base loss: 48279.53
[INFO 2017-11-14 15:00:59,868 demo.py:73] epoch 508, train loss: 32775.05, average train loss: 33034.11, base loss: 48288.28
[INFO 2017-11-14 15:01:07,732 demo.py:73] epoch 509, train loss: 33797.14, average train loss: 33027.32, base loss: 48272.88
[INFO 2017-11-14 15:01:14,144 demo.py:73] epoch 510, train loss: 35536.65, average train loss: 33033.90, base loss: 48258.22
[INFO 2017-11-14 15:01:20,007 demo.py:73] epoch 511, train loss: 34539.45, average train loss: 33049.52, base loss: 48263.56
[INFO 2017-11-14 15:01:26,526 demo.py:73] epoch 512, train loss: 31050.89, average train loss: 33045.83, base loss: 48268.87
[INFO 2017-11-14 15:01:31,605 demo.py:73] epoch 513, train loss: 32152.00, average train loss: 33043.09, base loss: 48237.17
[INFO 2017-11-14 15:01:39,104 demo.py:73] epoch 514, train loss: 29282.36, average train loss: 32973.85, base loss: 48148.44
[INFO 2017-11-14 15:01:45,882 demo.py:73] epoch 515, train loss: 33849.23, average train loss: 32966.10, base loss: 48158.41
[INFO 2017-11-14 15:01:51,532 demo.py:73] epoch 516, train loss: 35581.84, average train loss: 33009.81, base loss: 48228.20
[INFO 2017-11-14 15:01:58,183 demo.py:73] epoch 517, train loss: 31745.38, average train loss: 32992.29, base loss: 48205.56
[INFO 2017-11-14 15:02:04,672 demo.py:73] epoch 518, train loss: 33343.58, average train loss: 33005.31, base loss: 48221.19
[INFO 2017-11-14 15:02:10,996 demo.py:73] epoch 519, train loss: 31704.78, average train loss: 33001.95, base loss: 48230.39
[INFO 2017-11-14 15:02:16,947 demo.py:73] epoch 520, train loss: 32703.17, average train loss: 32973.07, base loss: 48196.60
[INFO 2017-11-14 15:02:23,572 demo.py:73] epoch 521, train loss: 31939.97, average train loss: 32962.88, base loss: 48186.88
[INFO 2017-11-14 15:02:30,403 demo.py:73] epoch 522, train loss: 30503.29, average train loss: 32951.58, base loss: 48149.88
[INFO 2017-11-14 15:02:36,793 demo.py:73] epoch 523, train loss: 30141.28, average train loss: 32910.48, base loss: 48071.25
[INFO 2017-11-14 15:02:42,898 demo.py:73] epoch 524, train loss: 37525.82, average train loss: 32956.83, base loss: 48118.95
[INFO 2017-11-14 15:02:48,626 demo.py:73] epoch 525, train loss: 32110.36, average train loss: 32937.48, base loss: 48096.88
[INFO 2017-11-14 15:02:56,048 demo.py:73] epoch 526, train loss: 34348.06, average train loss: 32963.26, base loss: 48142.50
[INFO 2017-11-14 15:03:02,173 demo.py:73] epoch 527, train loss: 31567.49, average train loss: 32967.99, base loss: 48171.07
[INFO 2017-11-14 15:03:07,975 demo.py:73] epoch 528, train loss: 29723.54, average train loss: 32902.87, base loss: 48109.35
[INFO 2017-11-14 15:03:14,748 demo.py:73] epoch 529, train loss: 31638.64, average train loss: 32909.05, base loss: 48126.28
[INFO 2017-11-14 15:03:20,230 demo.py:73] epoch 530, train loss: 31090.91, average train loss: 32888.88, base loss: 48085.06
[INFO 2017-11-14 15:03:26,335 demo.py:73] epoch 531, train loss: 32697.37, average train loss: 32887.26, base loss: 48090.95
[INFO 2017-11-14 15:03:31,692 demo.py:73] epoch 532, train loss: 33593.43, average train loss: 32906.27, base loss: 48107.70
[INFO 2017-11-14 15:03:38,082 demo.py:73] epoch 533, train loss: 32916.45, average train loss: 32901.72, base loss: 48084.13
[INFO 2017-11-14 15:03:44,883 demo.py:73] epoch 534, train loss: 32419.83, average train loss: 32901.93, base loss: 48077.89
[INFO 2017-11-14 15:03:52,837 demo.py:73] epoch 535, train loss: 32142.82, average train loss: 32867.46, base loss: 48066.80
[INFO 2017-11-14 15:03:59,226 demo.py:73] epoch 536, train loss: 34501.02, average train loss: 32881.63, base loss: 48096.90
[INFO 2017-11-14 15:04:04,830 demo.py:73] epoch 537, train loss: 33521.92, average train loss: 32900.12, base loss: 48103.49
[INFO 2017-11-14 15:04:10,677 demo.py:73] epoch 538, train loss: 32417.55, average train loss: 32917.08, base loss: 48135.86
[INFO 2017-11-14 15:04:16,562 demo.py:73] epoch 539, train loss: 31309.83, average train loss: 32921.32, base loss: 48134.90
[INFO 2017-11-14 15:04:24,379 demo.py:73] epoch 540, train loss: 35611.60, average train loss: 32898.04, base loss: 48142.58
[INFO 2017-11-14 15:04:31,096 demo.py:73] epoch 541, train loss: 29928.16, average train loss: 32825.46, base loss: 48042.49
[INFO 2017-11-14 15:04:35,611 demo.py:73] epoch 542, train loss: 31894.18, average train loss: 32829.31, base loss: 48061.67
[INFO 2017-11-14 15:04:42,823 demo.py:73] epoch 543, train loss: 31119.73, average train loss: 32824.95, base loss: 48066.77
[INFO 2017-11-14 15:04:48,975 demo.py:73] epoch 544, train loss: 33063.47, average train loss: 32835.11, base loss: 48054.88
[INFO 2017-11-14 15:04:54,797 demo.py:73] epoch 545, train loss: 30817.09, average train loss: 32839.53, base loss: 48047.43
[INFO 2017-11-14 15:05:01,597 demo.py:73] epoch 546, train loss: 32394.55, average train loss: 32853.77, base loss: 48062.56
[INFO 2017-11-14 15:05:07,652 demo.py:73] epoch 547, train loss: 30281.96, average train loss: 32818.16, base loss: 48014.95
[INFO 2017-11-14 15:05:14,496 demo.py:73] epoch 548, train loss: 34018.29, average train loss: 32798.33, base loss: 47985.62
[INFO 2017-11-14 15:05:21,214 demo.py:73] epoch 549, train loss: 33104.90, average train loss: 32779.61, base loss: 47968.73
[INFO 2017-11-14 15:05:26,765 demo.py:73] epoch 550, train loss: 33063.54, average train loss: 32777.26, base loss: 47969.29
[INFO 2017-11-14 15:05:33,455 demo.py:73] epoch 551, train loss: 31534.85, average train loss: 32757.68, base loss: 47954.84
[INFO 2017-11-14 15:05:40,677 demo.py:73] epoch 552, train loss: 32466.36, average train loss: 32744.24, base loss: 47933.06
[INFO 2017-11-14 15:05:47,426 demo.py:73] epoch 553, train loss: 30295.50, average train loss: 32695.73, base loss: 47882.02
[INFO 2017-11-14 15:05:53,388 demo.py:73] epoch 554, train loss: 30452.55, average train loss: 32665.83, base loss: 47848.22
[INFO 2017-11-14 15:05:59,641 demo.py:73] epoch 555, train loss: 37669.00, average train loss: 32698.44, base loss: 47882.34
[INFO 2017-11-14 15:06:05,244 demo.py:73] epoch 556, train loss: 30938.29, average train loss: 32688.09, base loss: 47865.23
[INFO 2017-11-14 15:06:11,742 demo.py:73] epoch 557, train loss: 30532.72, average train loss: 32654.74, base loss: 47848.89
[INFO 2017-11-14 15:06:18,113 demo.py:73] epoch 558, train loss: 32195.00, average train loss: 32627.25, base loss: 47806.04
[INFO 2017-11-14 15:06:23,975 demo.py:73] epoch 559, train loss: 32125.80, average train loss: 32617.01, base loss: 47793.18
[INFO 2017-11-14 15:06:29,221 demo.py:73] epoch 560, train loss: 33483.70, average train loss: 32593.49, base loss: 47751.87
[INFO 2017-11-14 15:06:34,671 demo.py:73] epoch 561, train loss: 32858.10, average train loss: 32611.86, base loss: 47794.22
[INFO 2017-11-14 15:06:40,950 demo.py:73] epoch 562, train loss: 31209.64, average train loss: 32586.78, base loss: 47773.78
[INFO 2017-11-14 15:06:47,974 demo.py:73] epoch 563, train loss: 29653.87, average train loss: 32581.18, base loss: 47738.06
[INFO 2017-11-14 15:06:55,667 demo.py:73] epoch 564, train loss: 33059.69, average train loss: 32594.89, base loss: 47803.61
[INFO 2017-11-14 15:07:03,042 demo.py:73] epoch 565, train loss: 36583.39, average train loss: 32643.57, base loss: 47863.14
[INFO 2017-11-14 15:07:11,492 demo.py:73] epoch 566, train loss: 33353.37, average train loss: 32654.47, base loss: 47890.51
[INFO 2017-11-14 15:07:18,216 demo.py:73] epoch 567, train loss: 32647.36, average train loss: 32670.90, base loss: 47909.87
[INFO 2017-11-14 15:07:23,931 demo.py:73] epoch 568, train loss: 33295.26, average train loss: 32701.13, base loss: 47965.94
[INFO 2017-11-14 15:07:30,348 demo.py:73] epoch 569, train loss: 33556.50, average train loss: 32698.51, base loss: 47952.43
[INFO 2017-11-14 15:07:36,958 demo.py:73] epoch 570, train loss: 30085.85, average train loss: 32670.67, base loss: 47910.16
[INFO 2017-11-14 15:07:42,662 demo.py:73] epoch 571, train loss: 30325.99, average train loss: 32626.76, base loss: 47861.76
[INFO 2017-11-14 15:07:48,718 demo.py:73] epoch 572, train loss: 30889.43, average train loss: 32599.77, base loss: 47814.85
[INFO 2017-11-14 15:07:55,171 demo.py:73] epoch 573, train loss: 30717.11, average train loss: 32596.10, base loss: 47781.51
[INFO 2017-11-14 15:08:01,190 demo.py:73] epoch 574, train loss: 30834.40, average train loss: 32583.28, base loss: 47763.90
[INFO 2017-11-14 15:08:08,513 demo.py:73] epoch 575, train loss: 30111.77, average train loss: 32582.32, base loss: 47744.13
[INFO 2017-11-14 15:08:16,674 demo.py:73] epoch 576, train loss: 31629.01, average train loss: 32556.44, base loss: 47749.17
[INFO 2017-11-14 15:08:22,108 demo.py:73] epoch 577, train loss: 31411.68, average train loss: 32541.99, base loss: 47722.74
[INFO 2017-11-14 15:08:28,163 demo.py:73] epoch 578, train loss: 31195.04, average train loss: 32521.41, base loss: 47694.64
[INFO 2017-11-14 15:08:36,057 demo.py:73] epoch 579, train loss: 31636.50, average train loss: 32518.02, base loss: 47704.42
[INFO 2017-11-14 15:08:41,588 demo.py:73] epoch 580, train loss: 31893.60, average train loss: 32525.73, base loss: 47754.62
[INFO 2017-11-14 15:08:48,626 demo.py:73] epoch 581, train loss: 32872.95, average train loss: 32525.30, base loss: 47757.48
[INFO 2017-11-14 15:08:56,381 demo.py:73] epoch 582, train loss: 31956.21, average train loss: 32505.28, base loss: 47755.49
[INFO 2017-11-14 15:09:03,861 demo.py:73] epoch 583, train loss: 32520.87, average train loss: 32495.80, base loss: 47759.64
[INFO 2017-11-14 15:09:10,106 demo.py:73] epoch 584, train loss: 32045.69, average train loss: 32507.47, base loss: 47771.21
[INFO 2017-11-14 15:09:15,932 demo.py:73] epoch 585, train loss: 32200.04, average train loss: 32504.45, base loss: 47784.27
[INFO 2017-11-14 15:09:21,990 demo.py:73] epoch 586, train loss: 33212.96, average train loss: 32502.67, base loss: 47777.70
[INFO 2017-11-14 15:09:27,960 demo.py:73] epoch 587, train loss: 33059.00, average train loss: 32505.38, base loss: 47798.69
[INFO 2017-11-14 15:09:34,124 demo.py:73] epoch 588, train loss: 32060.74, average train loss: 32482.25, base loss: 47769.38
[INFO 2017-11-14 15:09:41,291 demo.py:73] epoch 589, train loss: 31768.73, average train loss: 32470.84, base loss: 47766.97
[INFO 2017-11-14 15:09:47,933 demo.py:73] epoch 590, train loss: 32964.04, average train loss: 32477.27, base loss: 47776.54
[INFO 2017-11-14 15:09:54,539 demo.py:73] epoch 591, train loss: 33963.64, average train loss: 32454.02, base loss: 47778.28
[INFO 2017-11-14 15:10:00,378 demo.py:73] epoch 592, train loss: 30398.12, average train loss: 32428.04, base loss: 47725.84
[INFO 2017-11-14 15:10:07,542 demo.py:73] epoch 593, train loss: 31020.12, average train loss: 32402.32, base loss: 47685.98
[INFO 2017-11-14 15:10:14,372 demo.py:73] epoch 594, train loss: 31937.10, average train loss: 32413.77, base loss: 47706.96
[INFO 2017-11-14 15:10:20,985 demo.py:73] epoch 595, train loss: 31875.61, average train loss: 32377.01, base loss: 47614.82
[INFO 2017-11-14 15:10:27,635 demo.py:73] epoch 596, train loss: 33192.38, average train loss: 32354.51, base loss: 47615.00
[INFO 2017-11-14 15:10:33,314 demo.py:73] epoch 597, train loss: 32195.43, average train loss: 32360.04, base loss: 47671.50
[INFO 2017-11-14 15:10:39,882 demo.py:73] epoch 598, train loss: 36120.20, average train loss: 32404.78, base loss: 47734.13
[INFO 2017-11-14 15:10:46,238 demo.py:73] epoch 599, train loss: 31525.82, average train loss: 32389.87, base loss: 47750.75
[INFO 2017-11-14 15:10:46,238 demo.py:75] epoch 599, testing
[INFO 2017-11-14 15:12:24,585 demo.py:132] average test loss: 32316.67, base loss: 47179.74
[INFO 2017-11-14 15:12:24,585 demo.py:133] improve_loss: 14863.06, improve_percent: 0.32
[INFO 2017-11-14 15:12:24,586 base_demo.py:148] model save to ./model.pth
[INFO 2017-11-14 15:12:24,600 base_demo.py:152] current best improved percent: 0.32
[INFO 2017-11-14 15:12:29,972 demo.py:73] epoch 600, train loss: 31815.61, average train loss: 32345.72, base loss: 47678.31
[INFO 2017-11-14 15:12:36,928 demo.py:73] epoch 601, train loss: 31025.36, average train loss: 32336.50, base loss: 47660.02
[INFO 2017-11-14 15:12:43,100 demo.py:73] epoch 602, train loss: 30801.66, average train loss: 32311.71, base loss: 47638.70
[INFO 2017-11-14 15:12:48,720 demo.py:73] epoch 603, train loss: 35565.38, average train loss: 32352.35, base loss: 47699.67
[INFO 2017-11-14 15:12:55,150 demo.py:73] epoch 604, train loss: 30694.82, average train loss: 32327.28, base loss: 47664.55
[INFO 2017-11-14 15:13:02,767 demo.py:73] epoch 605, train loss: 33456.65, average train loss: 32335.01, base loss: 47683.26
[INFO 2017-11-14 15:13:09,747 demo.py:73] epoch 606, train loss: 30331.09, average train loss: 32321.89, base loss: 47670.32
[INFO 2017-11-14 15:13:17,481 demo.py:73] epoch 607, train loss: 30221.70, average train loss: 32289.12, base loss: 47608.42
[INFO 2017-11-14 15:13:23,380 demo.py:73] epoch 608, train loss: 31390.32, average train loss: 32275.27, base loss: 47574.35
[INFO 2017-11-14 15:13:29,717 demo.py:73] epoch 609, train loss: 29236.54, average train loss: 32229.66, base loss: 47518.20
[INFO 2017-11-14 15:13:36,118 demo.py:73] epoch 610, train loss: 32643.04, average train loss: 32200.73, base loss: 47501.97
[INFO 2017-11-14 15:13:45,911 demo.py:73] epoch 611, train loss: 35171.91, average train loss: 32207.05, base loss: 47505.34
[INFO 2017-11-14 15:13:52,280 demo.py:73] epoch 612, train loss: 32382.27, average train loss: 32220.37, base loss: 47549.17
[INFO 2017-11-14 15:13:58,641 demo.py:73] epoch 613, train loss: 30237.83, average train loss: 32201.23, base loss: 47540.52
[INFO 2017-11-14 15:14:05,809 demo.py:73] epoch 614, train loss: 30406.66, average train loss: 32212.47, base loss: 47565.00
[INFO 2017-11-14 15:14:12,698 demo.py:73] epoch 615, train loss: 34796.02, average train loss: 32221.94, base loss: 47589.99
[INFO 2017-11-14 15:14:19,624 demo.py:73] epoch 616, train loss: 31419.90, average train loss: 32180.32, base loss: 47532.75
[INFO 2017-11-14 15:14:26,482 demo.py:73] epoch 617, train loss: 31029.46, average train loss: 32173.16, base loss: 47550.37
[INFO 2017-11-14 15:14:34,117 demo.py:73] epoch 618, train loss: 29622.39, average train loss: 32135.95, base loss: 47484.79
[INFO 2017-11-14 15:14:41,319 demo.py:73] epoch 619, train loss: 32131.26, average train loss: 32140.21, base loss: 47486.90
[INFO 2017-11-14 15:14:47,199 demo.py:73] epoch 620, train loss: 33343.78, average train loss: 32146.62, base loss: 47512.18
[INFO 2017-11-14 15:14:53,571 demo.py:73] epoch 621, train loss: 30881.18, average train loss: 32136.03, base loss: 47478.86
[INFO 2017-11-14 15:15:01,303 demo.py:73] epoch 622, train loss: 31433.36, average train loss: 32145.33, base loss: 47512.58
[INFO 2017-11-14 15:15:08,597 demo.py:73] epoch 623, train loss: 30444.12, average train loss: 32148.36, base loss: 47537.85
[INFO 2017-11-14 15:15:15,255 demo.py:73] epoch 624, train loss: 30723.95, average train loss: 32080.34, base loss: 47465.57
[INFO 2017-11-14 15:15:20,661 demo.py:73] epoch 625, train loss: 30584.00, average train loss: 32065.08, base loss: 47431.55
[INFO 2017-11-14 15:15:28,258 demo.py:73] epoch 626, train loss: 33675.41, average train loss: 32058.35, base loss: 47407.42
[INFO 2017-11-14 15:15:36,018 demo.py:73] epoch 627, train loss: 36119.07, average train loss: 32103.86, base loss: 47463.41
[INFO 2017-11-14 15:15:43,659 demo.py:73] epoch 628, train loss: 30527.85, average train loss: 32111.91, base loss: 47482.19
[INFO 2017-11-14 15:15:50,049 demo.py:73] epoch 629, train loss: 34055.92, average train loss: 32136.08, base loss: 47530.75
[INFO 2017-11-14 15:15:55,598 demo.py:73] epoch 630, train loss: 32331.95, average train loss: 32148.49, base loss: 47560.18
[INFO 2017-11-14 15:16:02,362 demo.py:73] epoch 631, train loss: 31582.19, average train loss: 32137.34, base loss: 47547.68
[INFO 2017-11-14 15:16:09,101 demo.py:73] epoch 632, train loss: 35841.74, average train loss: 32159.82, base loss: 47600.81
[INFO 2017-11-14 15:16:16,730 demo.py:73] epoch 633, train loss: 32238.96, average train loss: 32153.05, base loss: 47596.40
[INFO 2017-11-14 15:16:24,136 demo.py:73] epoch 634, train loss: 34273.88, average train loss: 32171.59, base loss: 47631.12
[INFO 2017-11-14 15:16:30,307 demo.py:73] epoch 635, train loss: 34113.48, average train loss: 32191.29, base loss: 47631.28
[INFO 2017-11-14 15:16:38,754 demo.py:73] epoch 636, train loss: 31469.24, average train loss: 32160.98, base loss: 47599.29
[INFO 2017-11-14 15:16:46,017 demo.py:73] epoch 637, train loss: 30417.26, average train loss: 32129.93, base loss: 47586.22
[INFO 2017-11-14 15:16:53,678 demo.py:73] epoch 638, train loss: 29776.08, average train loss: 32103.52, base loss: 47547.10
[INFO 2017-11-14 15:17:01,050 demo.py:73] epoch 639, train loss: 32172.20, average train loss: 32112.14, base loss: 47542.98
[INFO 2017-11-14 15:17:07,660 demo.py:73] epoch 640, train loss: 31843.76, average train loss: 32074.46, base loss: 47476.35
[INFO 2017-11-14 15:17:15,929 demo.py:73] epoch 641, train loss: 33990.73, average train loss: 32115.09, base loss: 47551.99
[INFO 2017-11-14 15:17:22,739 demo.py:73] epoch 642, train loss: 32448.96, average train loss: 32120.63, base loss: 47543.97
[INFO 2017-11-14 15:17:29,848 demo.py:73] epoch 643, train loss: 31942.30, average train loss: 32128.86, base loss: 47582.09
[INFO 2017-11-14 15:17:36,995 demo.py:73] epoch 644, train loss: 31065.78, average train loss: 32108.88, base loss: 47572.12
[INFO 2017-11-14 15:17:44,192 demo.py:73] epoch 645, train loss: 31378.19, average train loss: 32114.49, base loss: 47603.05
[INFO 2017-11-14 15:17:51,106 demo.py:73] epoch 646, train loss: 29951.37, average train loss: 32090.06, base loss: 47604.69
[INFO 2017-11-14 15:17:57,294 demo.py:73] epoch 647, train loss: 33476.91, average train loss: 32122.01, base loss: 47626.57
[INFO 2017-11-14 15:18:03,918 demo.py:73] epoch 648, train loss: 34719.84, average train loss: 32129.03, base loss: 47666.93
[INFO 2017-11-14 15:18:11,358 demo.py:73] epoch 649, train loss: 31544.59, average train loss: 32113.42, base loss: 47650.33
[INFO 2017-11-14 15:18:18,203 demo.py:73] epoch 650, train loss: 33801.12, average train loss: 32120.80, base loss: 47631.13
[INFO 2017-11-14 15:18:25,155 demo.py:73] epoch 651, train loss: 33090.66, average train loss: 32136.36, base loss: 47649.05
